Design Variables
----
_w8 = 9.982657e-07
_w6 = 0.00015355309
_w4 = 2.3831491e-05
_w10 = 1.0986448e-05
_w1 = 2.5481872e-06
_w0 = 4.684269e-05
_l8 = 9.5143207e-07
_l6 = 1.5633337e-06
_l4 = 1.2782765e-06
_l10 = 7.917618e-07
_l1 = 3.0384376e-07
_l0 = 2.0666667e-07
----
Design Variables
----
_w8 = 1.0023275e-06
_w6 = 0.00020265563
_w4 = 3.470601e-05
_w10 = 7.306569e-06
_w1 = -1.3645447e-06
_w0 = 1.5472586e-05
_l8 = 1.000686e-06
_l6 = 1.9544082e-06
_l4 = 1.6276744e-06
_l10 = 1.0444172e-06
_l1 = 2.9468512e-07
_l0 = 2.0666667e-07
----
Design Variables
----
_w8 = 1.0092456e-06
_w6 = 0.00024342847
_w4 = 4.5811405e-05
_w10 = 5.6884646e-06
_w1 = -6.8952903e-07
_w0 = 9.974129e-06
_l8 = 1.0056018e-06
_l6 = 2.291629e-06
_l4 = 1.9075446e-06
_l10 = 1.1596491e-06
_l1 = 2.9248142e-07
_l0 = 2.0666667e-07
----
Design Variables
----
_w8 = 1.0153168e-06
_w6 = 0.000313181
_w4 = 6.014189e-05
_w10 = 6.580146e-06
_w1 = -2.1802672e-08
_w0 = 8.092864e-06
_l8 = 1.0333625e-06
_l6 = 2.9084267e-06
_l4 = 2.3887565e-06
_l10 = 1.3132626e-06
_l1 = 2.988179e-07
_l0 = 2.0666667e-07
----
Design Variables
----
_w8 = 1.0023706e-06
_w6 = 0.00022771097
_w4 = 3.798826e-05
_w10 = 8.387228e-06
_w1 = -1.2935071e-06
_w0 = 2.3617868e-05
_l8 = 9.937653e-07
_l6 = 2.1815363e-06
_l4 = 1.7924853e-06
_l10 = 1.0366035e-06
_l1 = 2.8933655e-07
_l0 = 2.0666667e-07
----
Design Variables
----
_w8 = 1.0075263e-06
_w6 = 0.00022444976
_w4 = 4.17655e-05
_w10 = 5.572812e-06
_w1 = -8.0385263e-07
_w0 = 1.1369588e-05
_l8 = 9.916728e-07
_l6 = 2.122452e-06
_l4 = 1.7735551e-06
_l10 = 1.1065632e-06
_l1 = 2.9057537e-07
_l0 = 2.0666667e-07
----
Design Variables
----
_w8 = 1.0034481e-06
_w6 = 0.00023105236
_w4 = 3.9214035e-05
_w10 = 7.1202894e-06
_w1 = -1.8510395e-06
_w0 = 1.4496232e-05
_l8 = 1.0013204e-06
_l6 = 2.2009172e-06
_l4 = 1.8172253e-06
_l10 = 1.0836636e-06
_l1 = 2.915928e-07
_l0 = 2.0666667e-07
----
Design Variables
----
_w8 = 1.0121198e-06
_w6 = 0.00030065296
_w4 = 5.6652058e-05
_w10 = 6.7451633e-06
_w1 = -6.669017e-07
_w0 = 9.896889e-06
_l8 = 1.0245299e-06
_l6 = 2.79619e-06
_l4 = 2.3020586e-06
_l10 = 1.2676958e-06
_l1 = 2.9064537e-07
_l0 = 2.0666667e-07
----
Design Variables
----
_w8 = 1.0013263e-06
_w6 = 0.00021516904
_w4 = 3.4488243e-05
_w10 = 8.869201e-06
_w1 = -7.0386835e-07
_w0 = 2.6825846e-05
_l8 = 9.877313e-07
_l6 = 2.0811433e-06
_l4 = 1.7022596e-06
_l10 = 9.907599e-07
_l1 = 2.9758218e-07
_l0 = 2.0666667e-07
----
Design Variables
----
_w8 = 1.0105351e-06
_w6 = 0.00028433526
_w4 = 5.356784e-05
_w10 = 6.459552e-06
_w1 = -9.828351e-07
_w0 = 9.4811685e-06
_l8 = 1.028359e-06
_l6 = 2.652567e-06
_l4 = 2.1948078e-06
_l10 = 1.2497246e-06
_l1 = 2.8934974e-07
_l0 = 2.0666667e-07
----
Design Variables
----
_w8 = 1.0024326e-06
_w6 = 0.00021577906
_w4 = 3.5737045e-05
_w10 = 7.8833045e-06
_w1 = -1.0627092e-06
_w0 = 1.9419933e-05
_l8 = 9.962059e-07
_l6 = 2.0748657e-06
_l4 = 1.7101456e-06
_l10 = 1.0364196e-06
_l1 = 2.9987336e-07
_l0 = 2.0666667e-07
----
Design Variables
----
_w8 = 1.0018363e-06
_w6 = 0.00019327099
_w4 = 3.308278e-05
_w10 = 7.6677e-06
_w1 = -9.254165e-07
_w0 = 1.8944973e-05
_l8 = 9.961369e-07
_l6 = 1.8741775e-06
_l4 = 1.5631304e-06
_l10 = 1.0152837e-06
_l1 = 2.955738e-07
_l0 = 2.0666667e-07
----
Design Variables
----
_w8 = 1.007167e-06
_w6 = 0.000201138
_w4 = 3.7539343e-05
_w10 = 4.6661658e-06
_w1 = -7.262767e-07
_w0 = 9.099947e-06
_l8 = 9.922753e-07
_l6 = 1.9202482e-06
_l4 = 1.6153353e-06
_l10 = 1.0782982e-06
_l1 = 2.9351756e-07
_l0 = 2.0666667e-07
----
Design Variables
----
_w8 = 1.0066506e-06
_w6 = 0.00018966726
_w4 = 3.5525532e-05
_w10 = 4.5950405e-06
_w1 = -6.747518e-07
_w0 = 9.725347e-06
_l8 = 9.876921e-07
_l6 = 1.8184929e-06
_l4 = 1.536455e-06
_l10 = 1.0571315e-06
_l1 = 2.943441e-07
_l0 = 2.0666667e-07
----
Design Variables
----
_w8 = 1.0080987e-06
_w6 = 0.00021289258
_w4 = 4.002976e-05
_w10 = 4.9758937e-06
_w1 = -6.061106e-07
_w0 = 9.475417e-06
_l8 = 9.950696e-07
_l6 = 2.0232917e-06
_l4 = 1.6961505e-06
_l10 = 1.1020746e-06
_l1 = 2.943783e-07
_l0 = 2.0666667e-07
----
Design Variables
----
_w8 = 1.0094111e-06
_w6 = 0.00023422847
_w4 = 4.4228866e-05
_w10 = 5.243535e-06
_w1 = -5.865999e-07
_w0 = 8.752552e-06
_l8 = 1.0065852e-06
_l6 = 2.2123222e-06
_l4 = 1.8451411e-06
_l10 = 1.1512152e-06
_l1 = 2.9458988e-07
_l0 = 2.0666667e-07
----
Design Variables
----
_w8 = 1.0013204e-06
_w6 = 0.00015383224
_w4 = 2.6154625e-05
_w10 = 6.4389255e-06
_w1 = -7.098034e-08
_w0 = 1.9412477e-05
_l8 = 9.697263e-07
_l6 = 1.5200869e-06
_l4 = 1.2846664e-06
_l10 = 9.255218e-07
_l1 = 3.0003505e-07
_l0 = 2.0666667e-07
----
Design Variables
----
_w8 = 1.0020334e-06
_w6 = 0.00013777132
_w4 = 2.434791e-05
_w10 = 4.5794923e-06
_w1 = -7.2144303e-07
_w0 = 1.3063519e-05
_l8 = 9.596349e-07
_l6 = 1.3631147e-06
_l4 = 1.1732875e-06
_l10 = 9.2176657e-07
_l1 = 2.9354865e-07
_l0 = 2.0666667e-07
----
Design Variables
----
_w8 = 9.997742e-07
_w6 = 0.00015722719
_w4 = 2.5935293e-05
_w10 = 1.0483038e-05
_w1 = 1.486835e-06
_w0 = 3.5960056e-05
_l8 = 9.603448e-07
_l6 = 1.5799684e-06
_l4 = 1.3073083e-06
_l10 = 8.428769e-07
_l1 = 3.0047403e-07
_l0 = 2.0666667e-07
----
Design Variables
----
_w8 = 1.0043573e-06
_w6 = 0.00018651964
_w4 = 3.34507e-05
_w10 = 4.834563e-06
_w1 = -1.1275379e-06
_w0 = 1.2226016e-05
_l8 = 9.712973e-07
_l6 = 1.7876348e-06
_l4 = 1.5077909e-06
_l10 = 1.0118517e-06
_l1 = 2.8774426e-07
_l0 = 2.0666667e-07
----
Design Variables
----
_w8 = 1.0158086e-06
_w6 = 0.00034832972
_w4 = 6.553207e-05
_w10 = 7.6461e-06
_w1 = -9.128703e-08
_w0 = 1.0980983e-05
_l8 = 1.0194998e-06
_l6 = 3.2147987e-06
_l4 = 2.6188338e-06
_l10 = 1.3262404e-06
_l1 = 2.9218367e-07
_l0 = 2.0666667e-07
----

