Design Variables
----
_w8 = 1.0017026e-06
_w6 = 0.00017223496
_w4 = 3.452641e-05
_w10 = 1.4940516e-05
_w1 = 6.995931e-06
_w0 = 7.702908e-05
_l8 = 1.0012977e-06
_l6 = 1.709124e-06
_l4 = 1.4868361e-06
_l10 = 9.50714e-07
_l1 = 3.0397655e-07
_l0 = 3.9424037e-07
----
Design Variables
----
_w8 = 1.0074431e-06
_w6 = 0.0001999521
_w4 = 3.730393e-05
_w10 = 1.570469e-05
_w1 = 3.0053814e-06
_w0 = 4.4965484e-05
_l8 = 1.0067058e-06
_l6 = 1.926194e-06
_l4 = 1.6459926e-06
_l10 = 1.0617325e-06
_l1 = 3.0035503e-07
_l0 = 3.452839e-07
----
Design Variables
----
_w8 = 1.013802e-06
_w6 = 0.00025955154
_w4 = 4.7474867e-05
_w10 = 1.42564795e-05
_w1 = 2.1001572e-06
_w0 = 2.0861471e-05
_l8 = 1.0501743e-06
_l6 = 2.429205e-06
_l4 = 2.0253929e-06
_l10 = 1.3074907e-06
_l1 = 3.3993106e-07
_l0 = 4.69594e-07
----
Design Variables
----
_w8 = 1.0085147e-06
_w6 = 0.00020612669
_w4 = 3.738136e-05
_w10 = 1.498706e-05
_w1 = 1.9151419e-06
_w0 = 3.1073967e-05
_l8 = 1.014888e-06
_l6 = 1.9722484e-06
_l4 = 1.672904e-06
_l10 = 1.1084823e-06
_l1 = 3.1243462e-07
_l0 = 3.6576927e-07
----
Design Variables
----
_w8 = 1.0048399e-06
_w6 = 0.0001754969
_w4 = 3.194276e-05
_w10 = 1.260672e-05
_w1 = 1.5447735e-06
_w0 = 3.0356394e-05
_l8 = 9.978482e-07
_l6 = 1.7086625e-06
_l4 = 1.4638856e-06
_l10 = 1.0400006e-06
_l1 = 3.046859e-07
_l0 = 4.0323812e-07
----
Design Variables
----
_w8 = 1.009187e-06
_w6 = 0.00021968131
_w4 = 4.1018207e-05
_w10 = 1.6118356e-05
_w1 = 3.1092088e-06
_w0 = 4.6898946e-05
_l8 = 1.0219453e-06
_l6 = 2.0937566e-06
_l4 = 1.7809034e-06
_l10 = 1.1271057e-06
_l1 = 3.0830174e-07
_l0 = 3.6140779e-07
----
Design Variables
----
_w8 = 1.010824e-06
_w6 = 0.00022961118
_w4 = 4.1671592e-05
_w10 = 1.4457674e-05
_w1 = 1.8507756e-06
_w0 = 2.5750349e-05
_l8 = 1.0286955e-06
_l6 = 2.172699e-06
_l4 = 1.8268688e-06
_l10 = 1.1921467e-06
_l1 = 3.2570912e-07
_l0 = 4.138267e-07
----
Design Variables
----
_w8 = 1.0114572e-06
_w6 = 0.0002313029
_w4 = 4.2567637e-05
_w10 = 1.2533763e-05
_w1 = 2.0847067e-06
_w0 = 1.5477764e-05
_l8 = 1.0472755e-06
_l6 = 2.1871595e-06
_l4 = 1.833273e-06
_l10 = 1.2506298e-06
_l1 = 3.4102146e-07
_l0 = 4.764736e-07
----
Design Variables
----
_w8 = 1.0086713e-06
_w6 = 0.00021145005
_w4 = 3.8360333e-05
_w10 = 1.3029533e-05
_w1 = 1.430679e-06
_w0 = 2.5206009e-05
_l8 = 1.0159421e-06
_l6 = 2.015496e-06
_l4 = 1.700844e-06
_l10 = 1.1542849e-06
_l1 = 3.2022038e-07
_l0 = 4.3614818e-07
----
Design Variables
----
_w8 = 1.0073564e-06
_w6 = 0.00019722147
_w4 = 3.565286e-05
_w10 = 1.3975602e-05
_w1 = 1.6293523e-06
_w0 = 2.9063518e-05
_l8 = 1.0099529e-06
_l6 = 1.8950359e-06
_l4 = 1.6105395e-06
_l10 = 1.0919192e-06
_l1 = 3.1121513e-07
_l0 = 3.876258e-07
----
Design Variables
----
_w8 = 1.0108346e-06
_w6 = 0.0002315216
_w4 = 4.2252985e-05
_w10 = 1.35733635e-05
_w1 = 1.715652e-06
_w0 = 2.4010476e-05
_l8 = 1.0302456e-06
_l6 = 2.1881247e-06
_l4 = 1.8364177e-06
_l10 = 1.2211699e-06
_l1 = 3.2862485e-07
_l0 = 4.48067e-07
----
Design Variables
----
_w8 = 1.0089938e-06
_w6 = 0.0002135159
_w4 = 3.8700433e-05
_w10 = 1.4416663e-05
_w1 = 1.6675017e-06
_w0 = 3.0976655e-05
_l8 = 1.0129344e-06
_l6 = 2.033382e-06
_l4 = 1.7180915e-06
_l10 = 1.1384719e-06
_l1 = 3.146392e-07
_l0 = 3.9589347e-07
----
Design Variables
----
_w8 = 1.009576e-06
_w6 = 0.00021604741
_w4 = 3.920927e-05
_w10 = 1.4330127e-05
_w1 = 1.9195354e-06
_w0 = 2.5069969e-05
_l8 = 1.0269109e-06
_l6 = 2.0566065e-06
_l4 = 1.7379665e-06
_l10 = 1.1550268e-06
_l1 = 3.227618e-07
_l0 = 3.9441e-07
----
Design Variables
----
_w8 = 1.0077706e-06
_w6 = 0.00020521603
_w4 = 3.8265465e-05
_w10 = 1.5531803e-05
_w1 = 2.8892673e-06
_w0 = 4.586488e-05
_l8 = 1.0082734e-06
_l6 = 1.9703912e-06
_l4 = 1.6812719e-06
_l10 = 1.0781537e-06
_l1 = 3.0219147e-07
_l0 = 3.591002e-07
----
Design Variables
----
_w8 = 1.0098253e-06
_w6 = 0.0002254762
_w4 = 4.0904084e-05
_w10 = 1.4357598e-05
_w1 = 1.5249353e-06
_w0 = 3.080472e-05
_l8 = 1.019625e-06
_l6 = 2.1366818e-06
_l4 = 1.7988003e-06
_l10 = 1.1791129e-06
_l1 = 3.181739e-07
_l0 = 4.2431836e-07
----
Design Variables
----
_w8 = 1.0076094e-06
_w6 = 0.00020102547
_w4 = 3.7370577e-05
_w10 = 1.566584e-05
_w1 = 2.8816996e-06
_w0 = 4.380503e-05
_l8 = 1.00712e-06
_l6 = 1.934205e-06
_l4 = 1.6512655e-06
_l10 = 1.0672161e-06
_l1 = 3.0155942e-07
_l0 = 3.4607564e-07
----
Design Variables
----
_w8 = 1.0114884e-06
_w6 = 0.00023880122
_w4 = 4.3762557e-05
_w10 = 1.33861595e-05
_w1 = 1.798563e-06
_w0 = 2.1562773e-05
_l8 = 1.0390893e-06
_l6 = 2.2524664e-06
_l4 = 1.8858843e-06
_l10 = 1.2533316e-06
_l1 = 3.324514e-07
_l0 = 4.7333802e-07
----
Design Variables
----
_w8 = 1.0114127e-06
_w6 = 0.00023097641
_w4 = 4.2375643e-05
_w10 = 1.4068975e-05
_w1 = 2.2424779e-06
_w0 = 1.9942923e-05
_l8 = 1.0463059e-06
_l6 = 2.1844594e-06
_l4 = 1.8382489e-06
_l10 = 1.230638e-06
_l1 = 3.3585837e-07
_l0 = 4.1446444e-07
----
Design Variables
----
_w8 = 1.0140667e-06
_w6 = 0.0002607613
_w4 = 4.7811136e-05
_w10 = 1.48066465e-05
_w1 = 2.2236895e-06
_w0 = 2.2512582e-05
_l8 = 1.0519756e-06
_l6 = 2.4401809e-06
_l4 = 2.035848e-06
_l10 = 1.3081597e-06
_l1 = 3.3980513e-07
_l0 = 4.5067162e-07
----
Design Variables
----
_w8 = 1.0089747e-06
_w6 = 0.00021163715
_w4 = 3.8423244e-05
_w10 = 1.5211392e-05
_w1 = 1.8671776e-06
_w0 = 3.3541593e-05
_l8 = 1.0126457e-06
_l6 = 2.0190034e-06
_l4 = 1.7087665e-06
_l10 = 1.1210362e-06
_l1 = 3.1131802e-07
_l0 = 3.6990477e-07
----
Design Variables
----
_w8 = 1.0051085e-06
_w6 = 0.00018702523
_w4 = 3.5686207e-05
_w10 = 1.4478291e-05
_w1 = 3.7585357e-06
_w0 = 5.5734792e-05
_l8 = 9.997499e-07
_l6 = 1.8165534e-06
_l4 = 1.5682181e-06
_l10 = 1.0227011e-06
_l1 = 2.939689e-07
_l0 = 3.736508e-07
----

