Design Variables
----
_w8 = 9.944371868186863e-07
_w6 = 8.946085290517658e-05
_w4 = 1.345534656138625e-05
_w10 = 1.4192922208167147e-05
_w1 = 1.2851228348154109e-05
_w0 = 0.00010523012315388769
_l8 = 1.0154092251468683e-06
_l6 = 1.0683370419428684e-06
_l4 = 9.020245101964974e-07
_l10 = 6.941763217582775e-07
_l1 = 3.560129755442176e-07
_l0 = 4.415717569372646e-07
----
Design Variables
----
_w8 = 1.0063406534754904e-06
_w6 = 0.00015230920689646155
_w4 = 2.065371700155083e-05
_w10 = 2.10447274184844e-06
_w1 = 6e-07
_w0 = 6e-07
_l8 = 1.0465540754012181e-06
_l6 = 1.4892776789565687e-06
_l4 = 1.295172637583164e-06
_l10 = 9.559639693179633e-07
_l1 = 3e-07
_l0 = 6.412495281438169e-07
----
Design Variables
----
_w8 = 9.914060683513526e-07
_w6 = 8.598491695011035e-05
_w4 = 1.2078112376912031e-05
_w10 = 1.155670361185912e-05
_w1 = 5.11739972353098e-06
_w0 = 5.146030161995441e-05
_l8 = 1.0119114222106873e-06
_l6 = 9.78246248450887e-07
_l4 = 8.868022973729239e-07
_l10 = 7.545420999122143e-07
_l1 = 3e-07
_l0 = 3.602378626510472e-07
----
Design Variables
----
_w8 = 9.91752585832728e-07
_w6 = 8.317687024828047e-05
_w4 = 1.1600523976085242e-05
_w10 = 1.2637457075470593e-05
_w1 = 6.842076345492387e-06
_w0 = 6.190640124259517e-05
_l8 = 1.0125957032869337e-06
_l6 = 9.7318593361706e-07
_l4 = 8.6034407331681e-07
_l10 = 7.43600878649886e-07
_l1 = 3e-07
_l0 = 3.8391374346247176e-07
----
Design Variables
----
_w8 = 1.0074588772113202e-06
_w6 = 0.0001579672534717247
_w4 = 2.2317279217531905e-05
_w10 = 2.44944317273621e-06
_w1 = 6e-07
_w0 = 6e-07
_l8 = 1.0511495247556013e-06
_l6 = 1.5331745544244768e-06
_l4 = 1.3432712648864253e-06
_l10 = 9.487591796641937e-07
_l1 = 3e-07
_l0 = 5.455508471641224e-07
----
Design Variables
----
_w8 = 9.94585548141913e-07
_w6 = 0.00010730555368354544
_w4 = 1.2518206858658232e-05
_w10 = 4.790184448211221e-06
_w1 = 3.339616114317323e-06
_w0 = 3.6620531318476424e-05
_l8 = 1.016943656395597e-06
_l6 = 1.1162094324390637e-06
_l4 = 9.934689160218113e-07
_l10 = 8.036220719986886e-07
_l1 = 3e-07
_l0 = 3.993291386450437e-07
----
Design Variables
----
_w8 = 9.927616702043451e-07
_w6 = 8.783590601524338e-05
_w4 = 1.230700763699133e-05
_w10 = 8.658916158310603e-06
_w1 = 2.1296748400345678e-06
_w0 = 3.238843419239856e-05
_l8 = 1.008845401884173e-06
_l6 = 9.70595579019573e-07
_l4 = 8.911475219974818e-07
_l10 = 7.919644531284575e-07
_l1 = 3e-07
_l0 = 3.8497435639328614e-07
----
Design Variables
----
_w8 = 9.929440238920506e-07
_w6 = 8.961495041148737e-05
_w4 = 1.29442287288839e-05
_w10 = 8.943566172092687e-06
_w1 = 8.4819330368191e-06
_w0 = 7.705933967372403e-05
_l8 = 1.0004257546825102e-06
_l6 = 1.0009893003370962e-06
_l4 = 8.90110584350623e-07
_l10 = 7.489163067475602e-07
_l1 = 3e-07
_l0 = 4.1161160879710224e-07
----
Design Variables
----
_w8 = 9.925447557179723e-07
_w6 = 8.608491043560207e-05
_w4 = 1.3173172192182392e-05
_w10 = 1.329001497651916e-05
_w1 = 5.212296400713967e-06
_w0 = 5.5050877563189715e-05
_l8 = 1.0143304507437279e-06
_l6 = 9.952808568414184e-07
_l4 = 8.934362654144934e-07
_l10 = 7.513722835028602e-07
_l1 = 3e-07
_l0 = 3.7582469758490333e-07
----
Design Variables
----
_w8 = 9.927268820320023e-07
_w6 = 8.945575245888904e-05
_w4 = 1.2775307368428912e-05
_w10 = 9.231292096956167e-06
_w1 = 8.694462849234696e-06
_w0 = 7.752946112304926e-05
_l8 = 1.003794523057877e-06
_l6 = 1.006119873636635e-06
_l4 = 8.900702255232318e-07
_l10 = 7.478125780835398e-07
_l1 = 3e-07
_l0 = 4.416676802065922e-07
----
Design Variables
----
_w8 = 9.942884844349464e-07
_w6 = 0.0001000481570372358
_w4 = 1.2470222827687394e-05
_w10 = 6.580342869710876e-06
_w1 = 1.7888711454361328e-06
_w0 = 2.8035030481987633e-05
_l8 = 1.014956865219574e-06
_l6 = 1.0661251508281566e-06
_l4 = 9.541208783048205e-07
_l10 = 8.11426104974089e-07
_l1 = 3e-07
_l0 = 4.2834230384869443e-07
----
Design Variables
----
_w8 = 9.9938938546984e-07
_w6 = 0.0001346202625427395
_w4 = 1.611144580238033e-05
_w10 = 2.3742700250295456e-06
_w1 = 6e-07
_w0 = 1.0064660273201298e-05
_l8 = 1.0388273494754685e-06
_l6 = 1.3394793541010586e-06
_l4 = 1.1724204114216263e-06
_l10 = 8.747006177145522e-07
_l1 = 3e-07
_l0 = 5.514377789950231e-07
----
Design Variables
----
_w8 = 1.0001094778999686e-06
_w6 = 0.00013217392552178353
_w4 = 1.6177429642993957e-05
_w10 = 3.0153271382005187e-06
_w1 = 6e-07
_w0 = 8.638667168270331e-06
_l8 = 1.0348805972171249e-06
_l6 = 1.3241315173218027e-06
_l4 = 1.1522845397848869e-06
_l10 = 8.804940421214269e-07
_l1 = 3e-07
_l0 = 5.676727710124396e-07
----
Design Variables
----
_w8 = 9.963151796910097e-07
_w6 = 0.00010998542711604387
_w4 = 1.4156689758237917e-05
_w10 = 6.137786840554327e-06
_w1 = 1.2258931292308262e-06
_w0 = 2.304634290339891e-05
_l8 = 1.0210218306383467e-06
_l6 = 1.1463297369118663e-06
_l4 = 1.0222451010122313e-06
_l10 = 8.288461117444967e-07
_l1 = 3e-07
_l0 = 4.335252867804229e-07
----
Design Variables
----
_w8 = 1.0001773489420884e-06
_w6 = 0.0001261599245481193
_w4 = 1.6468695321236737e-05
_w10 = 2.9282289233378833e-06
_w1 = 6e-07
_w0 = 8.586915100750048e-06
_l8 = 1.0234393812424969e-06
_l6 = 1.2704615528491559e-06
_l4 = 1.1107551927125314e-06
_l10 = 8.987387900560861e-07
_l1 = 3e-07
_l0 = 6.413179107767064e-07
----
Design Variables
----
_w8 = 9.928220379151753e-07
_w6 = 9.299015073338524e-05
_w4 = 1.2122483894927427e-05
_w10 = 1.1699189599312376e-05
_w1 = 1.1246110261708964e-05
_w0 = 8.539236296201125e-05
_l8 = 1.0168095059270854e-06
_l6 = 1.049491174853756e-06
_l4 = 9.142090107161494e-07
_l10 = 7.03519049238821e-07
_l1 = 3e-07
_l0 = 3.146969618228468e-07
----
Design Variables
----
_w8 = 9.919913281919435e-07
_w6 = 8.633769175503403e-05
_w4 = 1.0612836376822088e-05
_w10 = 7.012452897470212e-06
_w1 = 3.526246018736856e-06
_w0 = 3.934037158614956e-05
_l8 = 1.0055205166281667e-06
_l6 = 9.553373274684418e-07
_l4 = 8.638444910502585e-07
_l10 = 7.871007596804702e-07
_l1 = 3e-07
_l0 = 4.1529398231432424e-07
----
Design Variables
----
_w8 = 9.954144388757413e-07
_w6 = 0.00011200186418136582
_w4 = 1.3339849829208106e-05
_w10 = 3.0445269203482894e-06
_w1 = 1.453390268579824e-06
_w0 = 2.868632691388484e-05
_l8 = 1.0212329470959958e-06
_l6 = 1.1537226782820653e-06
_l4 = 1.024140146910213e-06
_l10 = 8.343463377968874e-07
_l1 = 3e-07
_l0 = 5.036646371081588e-07
----
Design Variables
----
_w8 = 9.914236898111994e-07
_w6 = 8.818606875138357e-05
_w4 = 1.0062484761874657e-05
_w10 = 7.3203459578508046e-06
_w1 = 5.110417077958118e-06
_w0 = 4.560596789815463e-05
_l8 = 1.0066181630463689e-06
_l6 = 9.677804655439104e-07
_l4 = 8.733969707463984e-07
_l10 = 7.697935302530823e-07
_l1 = 3e-07
_l0 = 3.676686048947886e-07
----
Design Variables
----
_w8 = 9.933712590282084e-07
_w6 = 9.343046986032277e-05
_w4 = 1.3138412214175332e-05
_w10 = 1.2464337487472221e-05
_w1 = 1.1096831258328166e-05
_w0 = 9.077557479031384e-05
_l8 = 1.0165944104301161e-06
_l6 = 1.066722006726195e-06
_l4 = 9.227520081367402e-07
_l10 = 7.094300826793187e-07
_l1 = 3e-07
_l0 = 3.598183582198544e-07
----
Design Variables
----
_w8 = 9.90821490631788e-07
_w6 = 8.122991130221635e-05
_w4 = 1.0374039447924588e-05
_w10 = 1.026399877446238e-05
_w1 = 6.69130986352684e-06
_w0 = 5.7838045904645696e-05
_l8 = 1.0072889153889264e-06
_l6 = 9.310406312579289e-07
_l4 = 8.417379717684526e-07
_l10 = 7.410043281197431e-07
_l1 = 3e-07
_l0 = 3.3503869190099067e-07
----
Design Variables
----
_w8 = 9.919401691149687e-07
_w6 = 8.728539978619665e-05
_w4 = 1.0488776752026752e-05
_w10 = 5.033907655160874e-06
_w1 = 4.80924654766568e-06
_w0 = 4.93485749757383e-05
_l8 = 9.976195087801898e-07
_l6 = 9.509772098681424e-07
_l4 = 8.581305905863701e-07
_l10 = 7.892878670645587e-07
_l1 = 3e-07
_l0 = 4.400710622576298e-07
----
Design Variables
----
_w8 = 9.924962114382652e-07
_w6 = 8.888918091543019e-05
_w4 = 1.1041961442970205e-05
_w10 = 3.4523270642239368e-06
_w1 = 3.3400949632778065e-06
_w0 = 4.509146310738288e-05
_l8 = 9.981042694562348e-07
_l6 = 9.611571840650868e-07
_l4 = 8.684773433742521e-07
_l10 = 8.127231581056549e-07
_l1 = 3e-07
_l0 = 5.120599553265492e-07
----
Design Variables
----
_w8 = 9.902837518893648e-07
_w6 = 7.862552592996508e-05
_w4 = 9.260647857445292e-06
_w10 = 7.551474936917657e-06
_w1 = 5.100864655105397e-06
_w0 = 4.8304995289072394e-05
_l8 = 9.988463034460437e-07
_l6 = 8.90674130005209e-07
_l4 = 8.121464247778931e-07
_l10 = 7.666847068321658e-07
_l1 = 3e-07
_l0 = 3.8247608813435363e-07
----
Design Variables
----
_w8 = 9.981162065741955e-07
_w6 = 0.00012249784776940942
_w4 = 1.5301488019758835e-05
_w10 = 2.683726961549837e-06
_w1 = 6e-07
_w0 = 1.1506360351631884e-05
_l8 = 1.0251019375573378e-06
_l6 = 1.2391971040415228e-06
_l4 = 1.0890579460465233e-06
_l10 = 8.877833579390426e-07
_l1 = 3e-07
_l0 = 6.574311441909231e-07
----
Design Variables
----
_w8 = 9.92640025287983e-07
_w6 = 8.808552956907079e-05
_w4 = 1.1167470802320167e-05
_w10 = 7.1657086664345115e-06
_w1 = 2.5381086743436754e-06
_w0 = 3.439853753661737e-05
_l8 = 1.006859065455501e-06
_l6 = 9.702832812763518e-07
_l4 = 8.776225968176732e-07
_l10 = 7.961492656249902e-07
_l1 = 3e-07
_l0 = 4.159300033279578e-07
----
Design Variables
----
_w8 = 9.927910014084773e-07
_w6 = 8.898319356376305e-05
_w4 = 1.244962913915515e-05
_w10 = 9.988140845962334e-06
_w1 = 8.91156742000021e-06
_w0 = 7.517996709793806e-05
_l8 = 1.0049581078419578e-06
_l6 = 1.0010016922024079e-06
_l4 = 8.865728204909828e-07
_l10 = 7.377306587841304e-07
_l1 = 3e-07
_l0 = 3.778892789796373e-07
----
Design Variables
----
_w8 = 9.901432349579409e-07
_w6 = 8.034987695282325e-05
_w4 = 8.84445307747228e-06
_w10 = 6.6489706114225555e-06
_w1 = 8.251014151028357e-06
_w0 = 6.253974424907938e-05
_l8 = 1.001037958303641e-06
_l6 = 9.004104413179448e-07
_l4 = 8.159304911714571e-07
_l10 = 7.403633617286687e-07
_l1 = 3e-07
_l0 = 3.6546498449752107e-07
----
Design Variables
----
_w8 = 9.910060043694102e-07
_w6 = 7.821994950063527e-05
_w4 = 1.0217995622952003e-05
_w10 = 8.050148608163e-06
_w1 = 3.542537569956039e-06
_w0 = 4.035671372548677e-05
_l8 = 1.001503164843598e-06
_l6 = 8.925460406317143e-07
_l4 = 8.181078783309204e-07
_l10 = 7.788409561726439e-07
_l1 = 3e-07
_l0 = 4.085898410721711e-07
----
Design Variables
----
_w8 = 9.995570735554793e-07
_w6 = 0.00012548062659334391
_w4 = 1.612121195648797e-05
_w10 = 2.722050339798443e-06
_w1 = 6e-07
_w0 = 7.662577445444185e-06
_l8 = 1.0245953490084503e-06
_l6 = 1.2658454124903074e-06
_l4 = 1.1066358638345264e-06
_l10 = 9.047681146512332e-07
_l1 = 3e-07
_l0 = 6.895302817611082e-07
----
Design Variables
----
_w8 = 9.912981795423548e-07
_w6 = 8.466079452773556e-05
_w4 = 1.1188913049409166e-05
_w10 = 1.3163143194105942e-05
_w1 = 7.912735782156233e-06
_w0 = 6.473574467236176e-05
_l8 = 1.0192331956204725e-06
_l6 = 9.844376336332061e-07
_l4 = 8.72858890943462e-07
_l10 = 7.236509418362402e-07
_l1 = 3e-07
_l0 = 3.22645007599931e-07
----
Design Variables
----
_w8 = 9.905996876113932e-07
_w6 = 8.642479224363342e-05
_w4 = 9.143632269115187e-06
_w10 = 6.987600954744266e-06
_w1 = 7.16204522177577e-06
_w0 = 5.5164258810691535e-05
_l8 = 1.0056460268970113e-06
_l6 = 9.500710689280822e-07
_l4 = 8.561319191358052e-07
_l10 = 7.503335837100167e-07
_l1 = 3e-07
_l0 = 3.4183906905127515e-07
----
Design Variables
----
_w8 = 9.989170166591066e-07
_w6 = 0.00011059245298383757
_w4 = 1.5929208529996686e-05
_w10 = 5.671514827554347e-06
_w1 = 6e-07
_w0 = 1.2014936146442778e-05
_l8 = 1.0162641501665348e-06
_l6 = 1.1507381714181975e-06
_l4 = 1.031491819958319e-06
_l10 = 8.832920457280125e-07
_l1 = 3e-07
_l0 = 5.437372578853683e-07
----
Design Variables
----
_w8 = 1.0061838793262723e-06
_w6 = 0.0001489061542088166
_w4 = 2.169080289604608e-05
_w10 = 3.3055696349038044e-06
_w1 = 6e-07
_w0 = 6e-07
_l8 = 1.0458272754476639e-06
_l6 = 1.4608050378228654e-06
_l4 = 1.29202726384392e-06
_l10 = 9.545128705212846e-07
_l1 = 3e-07
_l0 = 5.697065148524416e-07
----
Design Variables
----
_w8 = 9.939836900230148e-07
_w6 = 0.00010005358490161598
_w4 = 1.1985283890680876e-05
_w10 = 5.925496225245297e-06
_w1 = 3.2107361676025903e-06
_w0 = 3.549153552739881e-05
_l8 = 1.0130306691280566e-06
_l6 = 1.0627802566887112e-06
_l4 = 9.48002707445994e-07
_l10 = 8.007712040125625e-07
_l1 = 3e-07
_l0 = 4.140988210110663e-07
----
Design Variables
----
_w8 = 9.967096730179037e-07
_w6 = 0.00011173757229698822
_w4 = 1.4168713278195355e-05
_w10 = 5.6507810768380295e-06
_w1 = 9.580998039382393e-07
_w0 = 1.9610020899563096e-05
_l8 = 1.0223736808256945e-06
_l6 = 1.1622184956650017e-06
_l4 = 1.0303787121301866e-06
_l10 = 8.419186201535922e-07
_l1 = 3e-07
_l0 = 4.934597086503345e-07
----
Design Variables
----
_w8 = 9.929069619829534e-07
_w6 = 9.379009861731902e-05
_w4 = 1.2715863704215735e-05
_w10 = 1.2057694220857229e-05
_w1 = 1.1474274288048036e-05
_w0 = 9.215753379976377e-05
_l8 = 1.0188176702286e-06
_l6 = 1.06857646642311e-06
_l4 = 9.246777494809066e-07
_l10 = 7.059171593937208e-07
_l1 = 3e-07
_l0 = 3.6625328903028276e-07
----
Design Variables
----
_w8 = 9.898917596729007e-07
_w6 = 8.161237929016352e-05
_w4 = 8.847713615978137e-06
_w10 = 4.77860066894209e-06
_w1 = 7.0415517257060856e-06
_w0 = 6.09852431807667e-05
_l8 = 9.97380539047299e-07
_l6 = 9.026379643728433e-07
_l4 = 8.198117029678542e-07
_l10 = 7.629433298461663e-07
_l1 = 3e-07
_l0 = 4.23109071334693e-07
----
Design Variables
----
_w8 = 9.923511470333324e-07
_w6 = 8.545949822291732e-05
_w4 = 1.2384985893731937e-05
_w10 = 1.0127643690793775e-05
_w1 = 3.238915496694972e-06
_w0 = 4.033260847791098e-05
_l8 = 1.0114019914908567e-06
_l6 = 9.694070968180313e-07
_l4 = 8.800219575277879e-07
_l10 = 7.796595014042396e-07
_l1 = 3e-07
_l0 = 4.199173702090775e-07
----
Design Variables
----
_w8 = 9.897333939079545e-07
_w6 = 8.085209992714226e-05
_w4 = 9.011490874399897e-06
_w10 = 8.913822966860607e-06
_w1 = 7.237384579639183e-06
_w0 = 5.5855543905636296e-05
_l8 = 1.0098450502482592e-06
_l6 = 9.156236728813383e-07
_l4 = 8.340184649568982e-07
_l10 = 7.323894237742934e-07
_l1 = 3e-07
_l0 = 3.1265000188795966e-07
----
Design Variables
----
_w8 = 9.996678045354201e-07
_w6 = 0.0001242477010237053
_w4 = 1.6161387975444086e-05
_w10 = 3.965252744819736e-06
_w1 = 6e-07
_w0 = 1.3160262824385427e-05
_l8 = 1.0253189657305484e-06
_l6 = 1.2580238717418979e-06
_l4 = 1.1020305237252614e-06
_l10 = 8.685280477038759e-07
_l1 = 3e-07
_l0 = 5.232248554420948e-07
----
Design Variables
----
_w8 = 9.910231710819062e-07
_w6 = 8.388976129936054e-05
_w4 = 1.1449558769527357e-05
_w10 = 1.1024048035324086e-05
_w1 = 5.22166510563693e-06
_w0 = 5.129171040607616e-05
_l8 = 1.0102887699758867e-06
_l6 = 9.549358992444468e-07
_l4 = 8.701586580173171e-07
_l10 = 7.51324989778368e-07
_l1 = 3e-07
_l0 = 3.405421864499658e-07
----
Design Variables
----
_w8 = 1.0049401453215978e-06
_w6 = 0.0001395238796249032
_w4 = 1.9649083697004244e-05
_w10 = 2.8617448606382823e-06
_w1 = 6e-07
_w0 = 6e-07
_l8 = 1.0347794159315526e-06
_l6 = 1.385952145938063e-06
_l4 = 1.2102719892936875e-06
_l10 = 9.563257208355935e-07
_l1 = 3e-07
_l0 = 6.96764857366361e-07
----
Design Variables
----
_w8 = 9.915755754263955e-07
_w6 = 8.492656343150884e-05
_w4 = 1.0742770427896176e-05
_w10 = 8.186858394765295e-06
_w1 = 2.6999073270417284e-06
_w0 = 3.6390774766914546e-05
_l8 = 1.0079805861096247e-06
_l6 = 9.457552323510754e-07
_l4 = 8.651367693346401e-07
_l10 = 7.825163947927649e-07
_l1 = 3e-07
_l0 = 3.6834546790487366e-07
----
Design Variables
----
_w8 = 9.965831395675195e-07
_w6 = 0.00011624277249211445
_w4 = 1.4169682799547445e-05
_w10 = 2.9471757443388924e-06
_w1 = 6e-07
_w0 = 1.7142954675364308e-05
_l8 = 1.0222599939879728e-06
_l6 = 1.1868069123011082e-06
_l4 = 1.0483722689969e-06
_l10 = 8.65442302711017e-07
_l1 = 3e-07
_l0 = 6.040878020030505e-07
----
Design Variables
----
_w8 = 9.898292319121538e-07
_w6 = 8.33815211080946e-05
_w4 = 8.449287633993663e-06
_w10 = 5.849962235515704e-06
_w1 = 8.852831342665013e-06
_w0 = 6.595369632123038e-05
_l8 = 1.0039431117547792e-06
_l6 = 9.20451668662281e-07
_l4 = 8.320555480167968e-07
_l10 = 7.347911150645814e-07
_l1 = 3e-07
_l0 = 3.4545993798928976e-07
----
Design Variables
----
_w8 = 1.0026819836639334e-06
_w6 = 0.0001312519161729142
_w4 = 1.7833626770880073e-05
_w10 = 3.4513070659158984e-06
_w1 = 6e-07
_w0 = 6e-07
_l8 = 1.0306188187314547e-06
_l6 = 1.3194356824897113e-06
_l4 = 1.1559714039321989e-06
_l10 = 9.31480826693587e-07
_l1 = 3e-07
_l0 = 6.569191555172438e-07
----
Design Variables
----
_w8 = 9.908418405757402e-07
_w6 = 8.529254409950227e-05
_w4 = 1.0484372978680767e-05
_w10 = 6.293621481745504e-06
_w1 = 8.525202247255947e-06
_w0 = 7.347586506512016e-05
_l8 = 1.00028455563006e-06
_l6 = 9.479453524363635e-07
_l4 = 8.530560080544092e-07
_l10 = 7.493208045161737e-07
_l1 = 3e-07
_l0 = 4.2968656543962425e-07
----
Design Variables
----
_w8 = 1.006168872663693e-06
_w6 = 0.0001513533788966015
_w4 = 2.118293195962906e-05
_w10 = 2.8080560241505736e-06
_w1 = 6e-07
_w0 = 6e-07
_l8 = 1.0476088618815993e-06
_l6 = 1.4811861319685704e-06
_l4 = 1.2998556258025928e-06
_l10 = 9.470038548897719e-07
_l1 = 3e-07
_l0 = 5.745939688495127e-07
----
Design Variables
----
_w8 = 1.0073697467305465e-06
_w6 = 0.0001571088214404881
_w4 = 2.273419886478223e-05
_w10 = 3.1383342502522282e-06
_w1 = 6e-07
_w0 = 6e-07
_l8 = 1.053319010679843e-06
_l6 = 1.5273802773663192e-06
_l4 = 1.348656724076136e-06
_l10 = 9.540285645925906e-07
_l1 = 3e-07
_l0 = 5.341481141840632e-07
----
Design Variables
----
_w8 = 9.9589851743076e-07
_w6 = 9.681664232630283e-05
_w4 = 1.3742089322477113e-05
_w10 = 6.849544661235996e-06
_w1 = 1.250485070158902e-06
_w0 = 2.016525286308024e-05
_l8 = 1.0078728109874646e-06
_l6 = 1.0417428484288394e-06
_l4 = 9.416530133421475e-07
_l10 = 8.519255061401054e-07
_l1 = 3e-07
_l0 = 5.304505634740053e-07
----
Design Variables
----
_w8 = 9.898121788864955e-07
_w6 = 7.635104702785611e-05
_w4 = 8.923618224798702e-06
_w10 = 7.999316039786208e-06
_w1 = 5.112528924655635e-06
_w0 = 4.8473539209226146e-05
_l8 = 1.0001666623793426e-06
_l6 = 8.736853374102793e-07
_l4 = 8.004525966498477e-07
_l10 = 7.600675644425792e-07
_l1 = 3e-07
_l0 = 3.612171610711812e-07
----
Design Variables
----
_w8 = 9.90366174846713e-07
_w6 = 7.62319250497967e-05
_w4 = 9.377246897201985e-06
_w10 = 6.4448354351043236e-06
_w1 = 6.232198302313918e-06
_w0 = 5.591595618170686e-05
_l8 = 9.935957905327086e-07
_l6 = 8.674884384163306e-07
_l4 = 7.904496328592359e-07
_l10 = 7.668880925848498e-07
_l1 = 3e-07
_l0 = 4.300925127154187e-07
----
Design Variables
----
_w8 = 9.913361509461538e-07
_w6 = 8.567230543121696e-05
_w4 = 1.1694027307385113e-05
_w10 = 1.1710650142049417e-05
_w1 = 6.2383255681197625e-06
_w0 = 5.660338865709491e-05
_l8 = 1.0127503173862351e-06
_l6 = 9.756159897733596e-07
_l4 = 8.818489050099743e-07
_l10 = 7.417500000883592e-07
_l1 = 3e-07
_l0 = 3.2531590932194376e-07
----
Design Variables
----
_w8 = 9.931893600878539e-07
_w6 = 9.20269958442077e-05
_w4 = 1.156618873210391e-05
_w10 = 4.765512130688876e-06
_w1 = 3.365407110322849e-06
_w0 = 4.1158098611049354e-05
_l8 = 1.002974158836878e-06
_l6 = 9.929900670613279e-07
_l4 = 8.918826779336086e-07
_l10 = 8.07064566288318e-07
_l1 = 3e-07
_l0 = 4.802932380698621e-07
----
Design Variables
----
_w8 = 9.917266652337275e-07
_w6 = 8.509298641001806e-05
_w4 = 1.1913305570487864e-05
_w10 = 1.285514281335054e-05
_w1 = 6.713616130582523e-06
_w0 = 6.028769348631613e-05
_l8 = 1.0154615210922202e-06
_l6 = 9.841205610428005e-07
_l4 = 8.788789500613348e-07
_l10 = 7.373143944278127e-07
_l1 = 3e-07
_l0 = 3.420146015287173e-07
----
Design Variables
----
_w8 = 9.91961314866785e-07
_w6 = 8.466884173685685e-05
_w4 = 1.1366018952685408e-05
_w10 = 1.4154124073684216e-05
_w1 = 9.1593365141307e-06
_w0 = 7.2606882895343e-05
_l8 = 1.0211172138951952e-06
_l6 = 1.0025354413301102e-06
_l4 = 8.689286801200069e-07
_l10 = 7.163188229242223e-07
_l1 = 3e-07
_l0 = 3.591107713418751e-07
----
Design Variables
----
_w8 = 9.920798902385286e-07
_w6 = 9.287026477977633e-05
_w4 = 1.1738292414520402e-05
_w10 = 9.475383194512688e-06
_w1 = 1.0761422345240135e-05
_w0 = 8.505380537826568e-05
_l8 = 1.0122079174834653e-06
_l6 = 1.0323651622456964e-06
_l4 = 9.109409120355849e-07
_l10 = 7.149822636165482e-07
_l1 = 3e-07
_l0 = 3.3950288980122423e-07
----
Design Variables
----
_w8 = 9.925972790369997e-07
_w6 = 8.714862633496523e-05
_w4 = 1.1221478416700847e-05
_w10 = 7.3915766733989585e-06
_w1 = 2.4030343865888426e-06
_w0 = 3.3906737371580675e-05
_l8 = 1.005994477054628e-06
_l6 = 9.625380243960535e-07
_l4 = 8.729915066396643e-07
_l10 = 7.964799806359224e-07
_l1 = 3e-07
_l0 = 4.1251399807151756e-07
----
Design Variables
----
_w8 = 9.911281040331232e-07
_w6 = 8.573524246457964e-05
_w4 = 1.1451917089289054e-05
_w10 = 1.1633947906375397e-05
_w1 = 6.420694717235165e-06
_w0 = 5.65777845622506e-05
_l8 = 1.0142255177925108e-06
_l6 = 9.759378372109495e-07
_l4 = 8.818822152534267e-07
_l10 = 7.389230631815735e-07
_l1 = 3e-07
_l0 = 3.2413637995887257e-07
----
Design Variables
----
_w8 = 9.92270884125901e-07
_w6 = 8.575321407988667e-05
_w4 = 1.2693557437160052e-05
_w10 = 1.3403789125732146e-05
_w1 = 6.011970071995165e-06
_w0 = 5.812964081997052e-05
_l8 = 1.01612317848776e-06
_l6 = 9.938109997165157e-07
_l4 = 8.887770945875673e-07
_l10 = 7.424896466545761e-07
_l1 = 3e-07
_l0 = 3.587837227314594e-07
----
Design Variables
----
_w8 = 9.915322607412236e-07
_w6 = 9.136654261965305e-05
_w4 = 1.0312982340110466e-05
_w10 = 3.6697629184345715e-06
_w1 = 4.863190497417236e-06
_w0 = 5.097117173136212e-05
_l8 = 1.0039461812993977e-06
_l6 = 9.811680001803325e-07
_l4 = 8.859948366080062e-07
_l10 = 7.90926151239546e-07
_l1 = 3e-07
_l0 = 4.638320945105079e-07
----
Design Variables
----
_w8 = 9.979871720133815e-07
_w6 = 0.00010622408444760367
_w4 = 1.4778206605114974e-05
_w10 = 5.611591404885985e-06
_w1 = 6.315515861388121e-07
_w0 = 1.1983833246631548e-05
_l8 = 1.0134745025425218e-06
_l6 = 1.1174001883773599e-06
_l4 = 9.974138492907514e-07
_l10 = 8.845931347423175e-07
_l1 = 3e-07
_l0 = 6.011928235238884e-07
----
Design Variables
----
_w8 = 9.939604979081196e-07
_w6 = 9.835196397034451e-05
_w4 = 1.263496778847184e-05
_w10 = 7.514330263802549e-06
_w1 = 1.875960833785939e-06
_w0 = 2.9471671950886957e-05
_l8 = 1.0163885235670023e-06
_l6 = 1.0529961400607135e-06
_l4 = 9.534437594993506e-07
_l10 = 8.023282020985789e-07
_l1 = 3e-07
_l0 = 3.6820301829720847e-07
----
Design Variables
----
_w8 = 1.004859655040491e-06
_w6 = 0.00015707577404100448
_w4 = 1.919459828059189e-05
_w10 = 1.379717787131085e-06
_w1 = 6e-07
_w0 = 6e-07
_l8 = 1.054461222338432e-06
_l6 = 1.5272485143213999e-06
_l4 = 1.3171361388231162e-06
_l10 = 9.278753054786648e-07
_l1 = 3e-07
_l0 = 6.178272542456398e-07
----
Design Variables
----
_w8 = 9.91515776149754e-07
_w6 = 8.410060399910435e-05
_w4 = 1.0949263014481403e-05
_w10 = 7.173092853918206e-06
_w1 = 8.0093150245375e-06
_w0 = 6.908424256835133e-05
_l8 = 9.98166683530144e-07
_l6 = 9.413819270776003e-07
_l4 = 8.454829298898403e-07
_l10 = 7.537931878687232e-07
_l1 = 3e-07
_l0 = 4.271777243047836e-07
----
Design Variables
----
_w8 = 9.96239123196574e-07
_w6 = 0.00010444105282658711
_w4 = 1.4446841305471025e-05
_w10 = 7.0855303420103155e-06
_w1 = 1.1283482308499515e-06
_w0 = 2.3125603547669016e-05
_l8 = 1.0174126146011986e-06
_l6 = 1.1045665360143175e-06
_l4 = 9.991525757868658e-07
_l10 = 8.340111889992841e-07
_l1 = 3e-07
_l0 = 4.3374706137910835e-07
----
Design Variables
----
_w8 = 9.926493476086762e-07
_w6 = 8.785430691204965e-05
_w4 = 1.2152690942457411e-05
_w10 = 8.590174729761202e-06
_w1 = 2.113100663336809e-06
_w0 = 3.2490454032085836e-05
_l8 = 1.0090883506563841e-06
_l6 = 9.70564997260226e-07
_l4 = 8.90471596903808e-07
_l10 = 7.913357080724381e-07
_l1 = 3e-07
_l0 = 3.8242339428506966e-07
----
Design Variables
----
_w8 = 9.917666830006056e-07
_w6 = 9.140242036664858e-05
_w4 = 1.0813389053510036e-05
_w10 = 9.263048013963271e-06
_w1 = 1.0873709470615722e-05
_w0 = 7.872190326452255e-05
_l8 = 1.0118378668266814e-06
_l6 = 1.009482048175414e-06
_l4 = 8.969187206275819e-07
_l10 = 7.075169037307205e-07
_l1 = 3e-07
_l0 = 3e-07
----
Design Variables
----
_w8 = 9.907865887726075e-07
_w6 = 8.635718404548243e-05
_w4 = 9.642729310144205e-06
_w10 = 9.814282748266123e-06
_w1 = 9.92659533949336e-06
_w0 = 6.92691100994125e-05
_l8 = 1.0136858463738463e-06
_l6 = 9.684537189968978e-07
_l4 = 8.66129994392395e-07
_l10 = 7.097907541719906e-07
_l1 = 3e-07
_l0 = 3e-07
----
Design Variables
----
_w8 = 9.922347317115054e-07
_w6 = 8.579315181123093e-05
_w4 = 1.2515419257397298e-05
_w10 = 1.404785507475026e-05
_w1 = 6.74743114359444e-06
_w0 = 6.128673703642562e-05
_l8 = 1.0199435109825572e-06
_l6 = 1.000051724986406e-06
_l4 = 8.894534175851732e-07
_l10 = 7.320945769606624e-07
_l1 = 3e-07
_l0 = 3.464100188921293e-07
----
Design Variables
----
_w8 = 9.91529191196605e-07
_w6 = 8.123013685690239e-05
_w4 = 1.0886363270401489e-05
_w10 = 8.152178452291992e-06
_w1 = 3.1266731639334466e-06
_w0 = 3.717272193171084e-05
_l8 = 1.0059864052891498e-06
_l6 = 9.20564787065814e-07
_l4 = 8.405867788496835e-07
_l10 = 7.855625199226779e-07
_l1 = 3e-07
_l0 = 4.391041841245169e-07
----
Design Variables
----
_w8 = 9.9027101896354e-07
_w6 = 8.136912947520614e-05
_w4 = 9.001394573715515e-06
_w10 = 8.321487257489935e-06
_w1 = 8.47668979986338e-06
_w0 = 6.218749331310391e-05
_l8 = 1.0062067303806543e-06
_l6 = 9.176635558105772e-07
_l4 = 8.28886413728469e-07
_l10 = 7.289683594535745e-07
_l1 = 3e-07
_l0 = 3.167625095557014e-07
----
Design Variables
----
_w8 = 9.8966575023951e-07
_w6 = 7.949359860504046e-05
_w4 = 8.946829439082649e-06
_w10 = 4.223252290103119e-06
_w1 = 7.523460681113647e-06
_w0 = 6.739616219419986e-05
_l8 = 9.93870912679995e-07
_l6 = 8.844825174492144e-07
_l4 = 8.072471473496989e-07
_l10 = 7.604817824358179e-07
_l1 = 3e-07
_l0 = 4.424961161930696e-07
----
Design Variables
----
_w8 = 9.903411637424142e-07
_w6 = 8.51107033668086e-05
_w4 = 9.05164961295668e-06
_w10 = 6.74373768561054e-06
_w1 = 9.8812670330517e-06
_w0 = 7.206592272268608e-05
_l8 = 1.0054135373138706e-06
_l6 = 9.407550010109844e-07
_l4 = 8.465796099699219e-07
_l10 = 7.223138709377963e-07
_l1 = 3e-07
_l0 = 3.237031194203155e-07
----
Design Variables
----
_w8 = 9.916442422763794e-07
_w6 = 8.957829413702711e-05
_w4 = 1.1007148714270443e-05
_w10 = 8.251001418102533e-06
_w1 = 9.862218576017767e-06
_w0 = 7.62427007430233e-05
_l8 = 1.007165337796323e-06
_l6 = 9.914808742905734e-07
_l4 = 8.842405350151239e-07
_l10 = 7.26398241113202e-07
_l1 = 3e-07
_l0 = 3.504877383875282e-07
----
Design Variables
----
_w8 = 1.0032390491687693e-06
_w6 = 0.00014064926654100418
_w4 = 1.9057595636695623e-05
_w10 = 3.7466361391125247e-06
_w1 = 6e-07
_w0 = 5.144770057086134e-06
_l8 = 1.039716607920127e-06
_l6 = 1.3930247177995625e-06
_l4 = 1.2250864074303536e-06
_l10 = 9.007908374769613e-07
_l1 = 3e-07
_l0 = 4.95916310683242e-07
----
Design Variables
----
_w8 = 9.896597248371108e-07
_w6 = 7.776744314469397e-05
_w4 = 8.697344128449913e-06
_w10 = 8.084496585070156e-06
_w1 = 6.1787582126271445e-06
_w0 = 5.192933895159513e-05
_l8 = 1.0038086202257546e-06
_l6 = 8.859028639562894e-07
_l4 = 8.09023561032518e-07
_l10 = 7.481217494387238e-07
_l1 = 3e-07
_l0 = 3.435307576182822e-07
----
Design Variables
----
_w8 = 9.901957582769683e-07
_w6 = 8.253725536633283e-05
_w4 = 1.0480615856067743e-05
_w10 = 1.0330969416827429e-05
_w1 = 5.471277745527914e-06
_w0 = 5.0021229981211945e-05
_l8 = 1.0115530812981888e-06
_l6 = 9.35491527798149e-07
_l4 = 8.590449169787462e-07
_l10 = 7.439822411470232e-07
_l1 = 3e-07
_l0 = 3.109085184860305e-07
----
Design Variables
----
_w8 = 9.895524044623016e-07
_w6 = 7.983818795764819e-05
_w4 = 8.543290277884807e-06
_w10 = 4.4056960177840665e-06
_w1 = 7.526857643824769e-06
_w0 = 6.498345464933664e-05
_l8 = 9.958957889466546e-07
_l6 = 8.85744555034762e-07
_l4 = 8.077558391050843e-07
_l10 = 7.568060027551837e-07
_l1 = 3e-07
_l0 = 4.1053007748814707e-07
----
Design Variables
----
_w8 = 9.940029030985897e-07
_w6 = 9.913524991134182e-05
_w4 = 1.3049461813352536e-05
_w10 = 8.178231837518979e-06
_w1 = 2.205509190389421e-06
_w0 = 3.065543933189474e-05
_l8 = 1.019647925204481e-06
_l6 = 1.0611324796627741e-06
_l4 = 9.669297469372395e-07
_l10 = 7.952693295010249e-07
_l1 = 3e-07
_l0 = 3.3350428907397145e-07
----
Design Variables
----
_w8 = 1.0011078757088399e-06
_w6 = 0.00013368106738198549
_w4 = 1.696117215033155e-05
_w10 = 2.5605593236832647e-06
_w1 = 6e-07
_w0 = 5.438297648652224e-06
_l8 = 1.032022282743128e-06
_l6 = 1.3331163017937797e-06
_l4 = 1.1612073649303056e-06
_l10 = 9.009887094180158e-07
_l1 = 3e-07
_l0 = 6.27922759122157e-07
----
Design Variables
----
_w8 = 1.0052723382614204e-06
_w6 = 0.00014752284914720803
_w4 = 1.999336564040277e-05
_w10 = 2.345500206502038e-06
_w1 = 6e-07
_w0 = 6e-07
_l8 = 1.0413583595436648e-06
_l6 = 1.4478539469564566e-06
_l4 = 1.260505541722523e-06
_l10 = 9.382600296703458e-07
_l1 = 3e-07
_l0 = 6.0485126596177e-07
----
Design Variables
----
_w8 = 9.928031659001135e-07
_w6 = 9.239440259989351e-05
_w4 = 1.1312199603707995e-05
_w10 = 5.18691012985073e-06
_w1 = 3.9385395211866125e-06
_w0 = 4.196420923108235e-05
_l8 = 1.0067245739264763e-06
_l6 = 9.989058753490099e-07
_l4 = 8.962185233940545e-07
_l10 = 7.987940762177459e-07
_l1 = 3e-07
_l0 = 4.765123264860449e-07
----
Design Variables
----
_w8 = 9.952037771654432e-07
_w6 = 0.00010406458750367165
_w4 = 1.3479326298693195e-05
_w10 = 6.924686658749124e-06
_w1 = 1.5807577256055083e-06
_w0 = 2.700706863834057e-05
_l8 = 1.0179226137552178e-06
_l6 = 1.0977061037920066e-06
_l4 = 9.882556923912489e-07
_l10 = 8.144375556184968e-07
_l1 = 3e-07
_l0 = 3.8078167108324124e-07
----
Design Variables
----
_w8 = 9.941645657818299e-07
_w6 = 9.984889038605615e-05
_w4 = 1.2352218618616462e-05
_w10 = 6.606133410969051e-06
_w1 = 2.0500074242590927e-06
_w0 = 2.9470476874848828e-05
_l8 = 1.0151272817893187e-06
_l6 = 1.0640172831699601e-06
_l4 = 9.527502129458298e-07
_l10 = 8.072513537626946e-07
_l1 = 3e-07
_l0 = 4.1214596535610326e-07
----
Design Variables
----
_w8 = 9.903276350087253e-07
_w6 = 7.79288966441527e-05
_w4 = 9.63550883170683e-06
_w10 = 6.893341378599871e-06
_w1 = 6.038657829776639e-06
_w0 = 5.4171530791791156e-05
_l8 = 9.972367251975811e-07
_l6 = 8.853486974658153e-07
_l4 = 8.055541798057675e-07
_l10 = 7.669029287171725e-07
_l1 = 3e-07
_l0 = 4.371203203845653e-07
----
Design Variables
----
_w8 = 9.916598173731472e-07
_w6 = 8.261229959316552e-05
_w4 = 1.1202248970221262e-05
_w10 = 1.1152276783832349e-05
_w1 = 7.2629136411705986e-06
_w0 = 6.348603346850723e-05
_l8 = 1.0070340294987545e-06
_l6 = 9.527131510367326e-07
_l4 = 8.50881463065889e-07
_l10 = 7.408841611322714e-07
_l1 = 3e-07
_l0 = 3.5117810170959274e-07
----
Design Variables
----
_w8 = 9.901639259624062e-07
_w6 = 8.148544293362647e-05
_w4 = 8.902782610675786e-06
_w10 = 5.122716629557544e-06
_w1 = 6.9511120273091365e-06
_w0 = 6.022156958351843e-05
_l8 = 9.964631999537232e-07
_l6 = 9.015443538373802e-07
_l4 = 8.182025794667425e-07
_l10 = 7.618466497660847e-07
_l1 = 3e-07
_l0 = 3.9778086602382245e-07
----
Design Variables
----
_w8 = 9.968905487767188e-07
_w6 = 0.00010825307253981009
_w4 = 1.4383554116648156e-05
_w10 = 5.241051439952571e-06
_w1 = 8.40362758935953e-07
_w0 = 2.0143497749813832e-05
_l8 = 1.0142489372810815e-06
_l6 = 1.1283483445367892e-06
_l4 = 1.0003701618188643e-06
_l10 = 8.459365403723496e-07
_l1 = 3e-07
_l0 = 5.106372782393009e-07
----
Design Variables
----
_w8 = 9.905538718157914e-07
_w6 = 8.487865852657706e-05
_w4 = 9.690329534350894e-06
_w10 = 1.0023535651271231e-05
_w1 = 9.118080924963579e-06
_w0 = 6.57017226330936e-05
_l8 = 1.013607175082143e-06
_l6 = 9.56288772613334e-07
_l4 = 8.607892709733278e-07
_l10 = 7.141572950786212e-07
_l1 = 3e-07
_l0 = 3e-07
----
Design Variables
----
_w8 = 9.935203024724615e-07
_w6 = 9.27081928239204e-05
_w4 = 1.1782476576627232e-05
_w10 = 3.947686764149694e-06
_w1 = 2.82115593108756e-06
_w0 = 3.9948099583853036e-05
_l8 = 1.0012264510805835e-06
_l6 = 9.947962098522112e-07
_l4 = 8.942655540522537e-07
_l10 = 8.181471002899343e-07
_l1 = 3e-07
_l0 = 5.03299474985397e-07
----
Design Variables
----
_w8 = 1.0020869467552984e-06
_w6 = 0.00013015209697186947
_w4 = 1.8290544176124968e-05
_w10 = 4.466996870178264e-06
_w1 = 6e-07
_w0 = 3.334086613904219e-06
_l8 = 1.0332356623621308e-06
_l6 = 1.310686229771818e-06
_l4 = 1.1632037058006972e-06
_l10 = 9.115170769291581e-07
_l1 = 3e-07
_l0 = 5.522579158423468e-07
----
Design Variables
----
_w8 = 9.915054306475213e-07
_w6 = 8.478199742967263e-05
_w4 = 1.0267854122503195e-05
_w10 = 4.013371381006436e-06
_w1 = 4.303781679482199e-06
_w0 = 4.905182868242264e-05
_l8 = 9.96945573206176e-07
_l6 = 9.298962595494231e-07
_l4 = 8.41640598991944e-07
_l10 = 7.995847113306809e-07
_l1 = 3e-07
_l0 = 5.049157607572852e-07
----
Design Variables
----
_w8 = 9.913280791806756e-07
_w6 = 7.975699554663152e-05
_w4 = 1.1376620022929274e-05
_w10 = 9.576295269653201e-06
_w1 = 4.8679976316634566e-06
_w0 = 5.361651710700244e-05
_l8 = 9.998962013924029e-07
_l6 = 9.208516758008045e-07
_l4 = 8.318144182339893e-07
_l10 = 7.731430855528743e-07
_l1 = 3e-07
_l0 = 4.392211963022419e-07
----
Design Variables
----
_w8 = 9.965320941773825e-07
_w6 = 0.00011117269605165347
_w4 = 1.4549321349477395e-05
_w10 = 6.58169938105857e-06
_w1 = 1.4209359733285964e-06
_w0 = 2.3967333618202247e-05
_l8 = 1.0232123486275668e-06
_l6 = 1.1561892279132735e-06
_l4 = 1.036425487654924e-06
_l10 = 8.24906351226673e-07
_l1 = 3e-07
_l0 = 3.940254202916549e-07
----
Design Variables
----
_w8 = 9.964953733287985e-07
_w6 = 0.00011190752411494032
_w4 = 1.4026723874849267e-05
_w10 = 5.35259050593595e-06
_w1 = 9.221461709785217e-07
_w0 = 2.013999801420141e-05
_l8 = 1.0221048114544828e-06
_l6 = 1.161596401288989e-06
_l4 = 1.0272285635437584e-06
_l10 = 8.371639523829799e-07
_l1 = 3e-07
_l0 = 4.806965989700984e-07
----
Design Variables
----
_w8 = 9.930278110914514e-07
_w6 = 9.032760135596618e-05
_w4 = 1.2771728506777436e-05
_w10 = 9.884643986879382e-06
_w1 = 9.181585483020172e-06
_w0 = 7.845494837965816e-05
_l8 = 1.0046671832242282e-06
_l6 = 1.0128293297384516e-06
_l4 = 8.951542440627236e-07
_l10 = 7.364544103438675e-07
_l1 = 3e-07
_l0 = 3.8021482851036126e-07
----
Design Variables
----
_w8 = 1.0029781378761982e-06
_w6 = 0.00013560049410443753
_w4 = 1.840161348809488e-05
_w10 = 3.463142547843745e-06
_w1 = 6e-07
_w0 = 2.5888368782034377e-06
_l8 = 1.0337093954149168e-06
_l6 = 1.3523421102945576e-06
_l4 = 1.1857416666316567e-06
_l10 = 9.154589974968985e-07
_l1 = 3e-07
_l0 = 5.756493806075014e-07
----
Design Variables
----
_w8 = 9.946305681296508e-07
_w6 = 0.00010206353181274608
_w4 = 1.2706333109235857e-05
_w10 = 5.586266524915118e-06
_w1 = 1.70100986451871e-06
_w0 = 2.7679345294018276e-05
_l8 = 1.0149407216886175e-06
_l6 = 1.080486981663853e-06
_l4 = 9.62591343522945e-07
_l10 = 8.213869477913249e-07
_l1 = 3e-07
_l0 = 4.7677411885160836e-07
----
Design Variables
----
_w8 = 9.977760555557325e-07
_w6 = 0.00011282353079877794
_w4 = 1.487241479480872e-05
_w10 = 5.124451490701176e-06
_w1 = 6.766098294974654e-07
_w0 = 1.7588126866030507e-05
_l8 = 1.018368834593275e-06
_l6 = 1.167635559795599e-06
_l4 = 1.0318457270841463e-06
_l10 = 8.535135975762387e-07
_l1 = 3e-07
_l0 = 5.15772228482092e-07
----

