Design Variables
----
_w8 = 9.986068e-07
_w6 = 6.9853006e-05
_w4 = 1.9754785e-05
_w10 = 1.4439617e-05
_w1 = 5.1069464e-06
_w0 = 6.687418e-05
_l8 = 9.232528e-07
_l6 = 8.225086e-07
_l4 = 7.655517e-07
_l10 = 8.8924355e-07
_l1 = 3.0448547e-07
_l0 = 5.015834e-07
----
Design Variables
----
_w8 = 9.936434e-07
_w6 = 0.00019022511
_w4 = 3.941205e-05
_w10 = 1.4921806e-05
_w1 = 7.6068973e-06
_w0 = 2.213158e-05
_l8 = 1.248171e-06
_l6 = 1.7881565e-06
_l4 = 1.6146905e-06
_l10 = 1.53445e-06
_l1 = 2.7407876e-07
_l0 = 6.685481e-07
----
Design Variables
----
_w8 = 1.0036016e-06
_w6 = 0.00015585581
_w4 = 2.873629e-05
_w10 = 2.3717525e-05
_w1 = 5.9758877e-06
_w0 = 1.0006245e-05
_l8 = 1.2690714e-06
_l6 = 1.4478348e-06
_l4 = 1.3808674e-06
_l10 = 1.6753237e-06
_l1 = 3.235301e-07
_l0 = 7.368801e-07
----
Design Variables
----
_w8 = 1.0043628e-06
_w6 = 0.000125988
_w4 = 2.352496e-05
_w10 = 2.1358599e-05
_w1 = 5.1073516e-06
_w0 = 8.778933e-06
_l8 = 1.2135279e-06
_l6 = 1.2080586e-06
_l4 = 1.1768207e-06
_l10 = 1.5070342e-06
_l1 = 3.2057002e-07
_l0 = 6.8549974e-07
----
Design Variables
----
_w8 = 1.005257e-06
_w6 = 8.211019e-05
_w4 = 1.9752151e-05
_w10 = 9.356914e-06
_w1 = 6.2339172e-06
_w0 = 2.4133884e-05
_l8 = 1.0896639e-06
_l6 = 8.705863e-07
_l4 = 8.854947e-07
_l10 = 9.887808e-07
_l1 = 2.634208e-07
_l0 = 4.6798323e-07
----
Design Variables
----
_w8 = 9.962847e-07
_w6 = 0.00022644908
_w4 = 3.9734896e-05
_w10 = 1.4851538e-05
_w1 = 7.448807e-06
_w0 = 6.3692264e-06
_l8 = 1.2820425e-06
_l6 = 1.976285e-06
_l4 = 1.8081943e-06
_l10 = 1.8848616e-06
_l1 = 2.9630485e-07
_l0 = 8.619534e-07
----
Design Variables
----
_w8 = 1.0075371e-06
_w6 = 0.00013417524
_w4 = 2.252488e-05
_w10 = 2.2061702e-05
_w1 = 3.0101864e-06
_w0 = 3.334433e-06
_l8 = 1.1217913e-06
_l6 = 1.2192917e-06
_l4 = 1.1655598e-06
_l10 = 1.5916313e-06
_l1 = 3.47696e-07
_l0 = 8.6469856e-07
----
Design Variables
----
_w8 = 9.956188e-07
_w6 = 0.00023106422
_w4 = 4.268202e-05
_w10 = 1.4650335e-05
_w1 = 8.124013e-06
_w0 = 1.187897e-05
_l8 = 1.2811427e-06
_l6 = 2.0472087e-06
_l4 = 1.8493233e-06
_l10 = 1.8381763e-06
_l1 = 2.9674302e-07
_l0 = 8.599723e-07
----
Design Variables
----
_w8 = 1.0000336e-06
_w6 = 0.00020196081
_w4 = 3.43604e-05
_w10 = 1.8813198e-05
_w1 = 6.012713e-06
_w0 = 6.72627e-06
_l8 = 1.2778228e-06
_l6 = 1.786286e-06
_l4 = 1.6465181e-06
_l10 = 1.8522547e-06
_l1 = 3.0751903e-07
_l0 = 8.223448e-07
----
Design Variables
----
_w8 = 1.0011869e-06
_w6 = 0.00020750603
_w4 = 3.4603883e-05
_w10 = 1.8983794e-05
_w1 = 6.3620114e-06
_w0 = 4.875041e-06
_l8 = 1.3030443e-06
_l6 = 1.8085201e-06
_l4 = 1.6842537e-06
_l10 = 1.931658e-06
_l1 = 3.1238585e-07
_l0 = 8.3073525e-07
----
Design Variables
----
_w8 = 9.955896e-07
_w6 = 0.0002262397
_w4 = 4.343782e-05
_w10 = 1.8317884e-05
_w1 = 8.296621e-06
_w0 = 1.6698634e-05
_l8 = 1.3281716e-06
_l6 = 2.0478503e-06
_l4 = 1.8470861e-06
_l10 = 1.7905769e-06
_l1 = 2.816902e-07
_l0 = 7.4095055e-07
----
Design Variables
----
_w8 = 1.0040133e-06
_w6 = 0.00019029377
_w4 = 3.0220359e-05
_w10 = 2.6438796e-05
_w1 = 4.4256094e-06
_w0 = 2.6108444e-06
_l8 = 1.2714701e-06
_l6 = 1.6680161e-06
_l4 = 1.5543654e-06
_l10 = 1.9469894e-06
_l1 = 3.4875794e-07
_l0 = 8.9720464e-07
----
Design Variables
----
_w8 = 1.0038194e-06
_w6 = 0.0002073499
_w4 = 3.674612e-05
_w10 = 2.8900808e-05
_w1 = 7.814239e-06
_w0 = 7.943035e-06
_l8 = 1.411822e-06
_l6 = 1.8260905e-06
_l4 = 1.7424732e-06
_l10 = 2.0538566e-06
_l1 = 3.3272818e-07
_l0 = 8.216303e-07
----
Design Variables
----
_w8 = 9.985339e-07
_w6 = 0.00012868312
_w4 = 2.429574e-05
_w10 = 1.6372524e-05
_w1 = 4.7408553e-06
_w0 = 1.2946121e-05
_l8 = 1.1664634e-06
_l6 = 1.2493811e-06
_l4 = 1.180224e-06
_l10 = 1.4155842e-06
_l1 = 3.0031794e-07
_l0 = 6.6366226e-07
----
Design Variables
----
_w8 = 9.956209e-07
_w6 = 0.0001336667
_w4 = 2.7131877e-05
_w10 = 1.2051787e-05
_w1 = 3.521398e-06
_w0 = 1.8064406e-05
_l8 = 1.0587108e-06
_l6 = 1.3362214e-06
_l4 = 1.1798309e-06
_l10 = 1.2084703e-06
_l1 = 2.7985558e-07
_l0 = 6.785738e-07
----
Design Variables
----
_w8 = 9.988117e-07
_w6 = 5.7314825e-05
_w4 = 1.2207046e-05
_w10 = 8.394154e-06
_w1 = 2.2000165e-06
_w0 = 1.0640959e-05
_l8 = 1.0294063e-06
_l6 = 6.7266427e-07
_l4 = 6.8510286e-07
_l10 = 9.841252e-07
_l1 = 2.7931048e-07
_l0 = 5.199255e-07
----
Design Variables
----
_w8 = 9.963721e-07
_w6 = 0.00018833502
_w4 = 3.75192e-05
_w10 = 1.5789365e-05
_w1 = 5.7144607e-06
_w0 = 1.918869e-05
_l8 = 1.1749244e-06
_l6 = 1.7742245e-06
_l4 = 1.5678726e-06
_l10 = 1.5023891e-06
_l1 = 2.8294687e-07
_l0 = 7.3061483e-07
----
Design Variables
----
_w8 = 1.0009517e-06
_w6 = 0.00013347626
_w4 = 2.907987e-05
_w10 = 1.4764303e-05
_w1 = 6.058371e-06
_w0 = 3.228698e-05
_l8 = 1.0977968e-06
_l6 = 1.3393811e-06
_l4 = 1.2247904e-06
_l10 = 1.1111322e-06
_l1 = 2.7863433e-07
_l0 = 5.293258e-07
----
Design Variables
----
_w8 = 9.985745e-07
_w6 = 0.00017817135
_w4 = 3.8608083e-05
_w10 = 1.4078361e-05
_w1 = 7.2164207e-06
_w0 = 2.5679443e-05
_l8 = 1.2379932e-06
_l6 = 1.7117663e-06
_l4 = 1.5604479e-06
_l10 = 1.4069475e-06
_l1 = 2.5040794e-07
_l0 = 5.942441e-07
----
Design Variables
----
_w8 = 9.965664e-07
_w6 = 0.00018390045
_w4 = 3.650918e-05
_w10 = 1.5789708e-05
_w1 = 7.3892234e-06
_w0 = 1.6663422e-05
_l8 = 1.2764131e-06
_l6 = 1.7000912e-06
_l4 = 1.5740176e-06
_l10 = 1.6039403e-06
_l1 = 2.7482844e-07
_l0 = 6.5569816e-07
----
Design Variables
----
_w8 = 1.0041562e-06
_w6 = 0.00011096507
_w4 = 2.4006837e-05
_w10 = 1.5830181e-05
_w1 = 6.3074394e-06
_w0 = 1.1600624e-05
_l8 = 1.2499685e-06
_l6 = 1.1021601e-06
_l4 = 1.1090573e-06
_l10 = 1.3529425e-06
_l1 = 2.7961175e-07
_l0 = 5.134737e-07
----

