Design Variables
----
_w8 = 9.963705451809801e-07
_w6 = 0.00011176265252288431
_w4 = 1.8540240489528514e-05
_w10 = 7.161262601584895e-06
_w1 = 1.0790653504955117e-05
_w0 = 8.2877253589686e-05
_l8 = 9.381593599755433e-07
_l6 = 1.171168833025149e-06
_l4 = 1.0410979029984446e-06
_l10 = 6.747881116098142e-07
_l1 = 3.168822786392411e-07
_l0 = 4.5385715452539444e-07
----
Design Variables
----
_w8 = 1.0119759963345132e-06
_w6 = 0.00021875106904190034
_w4 = 4.173379420535639e-05
_w10 = 4.758153863804182e-06
_w1 = 6e-07
_w0 = 8.826816610962851e-07
_l8 = 1.0806153341036406e-06
_l6 = 2.087822622343083e-06
_l4 = 1.7837620589489234e-06
_l10 = 1.2043568631270318e-06
_l1 = 3.6082244037061173e-07
_l0 = 7.181018872870482e-07
----
Design Variables
----
_w8 = 1.0034355000243522e-06
_w6 = 0.00012400535342749208
_w4 = 2.2074265871196985e-05
_w10 = 3.7650358990504174e-06
_w1 = 3.9855540308053605e-06
_w0 = 3.5186447348678485e-05
_l8 = 9.867497965387884e-07
_l6 = 1.2490536391851492e-06
_l4 = 1.1087847724411404e-06
_l10 = 8.304008360937587e-07
_l1 = 3.2630006785439036e-07
_l0 = 4.2912327558042307e-07
----
Design Variables
----
_w8 = 1.0008953950091382e-06
_w6 = 0.00011069776519434527
_w4 = 1.928567508002743e-05
_w10 = 4.092017206858145e-06
_w1 = 5.234927812125534e-06
_w0 = 4.65659104520455e-05
_l8 = 9.66234892985085e-07
_l6 = 1.1377500186426914e-06
_l4 = 1.0173621376452502e-06
_l10 = 7.772134722472401e-07
_l1 = 3.196644229319645e-07
_l0 = 4.368116890418605e-07
----
Design Variables
----
_w8 = 1.013063979371509e-06
_w6 = 0.00022842838370706886
_w4 = 4.34490320913028e-05
_w10 = 4.9945419959840365e-06
_w1 = 7.178575742727844e-07
_w0 = 6e-07
_l8 = 1.0909163847827585e-06
_l6 = 2.1697983356716577e-06
_l4 = 1.8537186861067312e-06
_l10 = 1.2054654234816553e-06
_l1 = 3.665066401481454e-07
_l0 = 6.362263320625061e-07
----
Design Variables
----
_w8 = 1.0076591934193857e-06
_w6 = 0.0001845073711592704
_w4 = 3.3311145671177655e-05
_w10 = 4.265117695467779e-06
_w1 = 1.629583493922837e-06
_w0 = 2.2017626179149374e-05
_l8 = 1.0343419489799999e-06
_l6 = 1.7804085246098111e-06
_l4 = 1.5382815945486072e-06
_l10 = 9.819227670959663e-07
_l1 = 3.469458533800207e-07
_l0 = 5.45822160802345e-07
----
Design Variables
----
_w8 = 1.006131356007245e-06
_w6 = 0.00013858552847523242
_w4 = 2.6370578780188225e-05
_w10 = 4.645539320335956e-06
_w1 = 1.9444507870503003e-06
_w0 = 2.2162632376421243e-05
_l8 = 1.0068000619867234e-06
_l6 = 1.381477090944827e-06
_l4 = 1.216154942085268e-06
_l10 = 9.134813581113121e-07
_l1 = 3.3253198239435733e-07
_l0 = 4.57297943512458e-07
----
Design Variables
----
_w8 = 1.0009948709921446e-06
_w6 = 0.0001312320091528818
_w4 = 2.243539347546175e-05
_w10 = 4.720783181255683e-06
_w1 = 5.549240540858591e-06
_w0 = 5.055035217083059e-05
_l8 = 9.717412012832938e-07
_l6 = 1.319414991485246e-06
_l4 = 1.1624024409684353e-06
_l10 = 7.971012223606522e-07
_l1 = 3.2719239584366733e-07
_l0 = 4.86388785247982e-07
----
Design Variables
----
_w8 = 1.0022158676292747e-06
_w6 = 0.00011242094478802755
_w4 = 2.039866740233265e-05
_w10 = 4.450029791769339e-06
_w1 = 4.6951563490438275e-06
_w0 = 4.183373675914481e-05
_l8 = 9.756993222254096e-07
_l6 = 1.153215634985827e-06
_l4 = 1.0308234550393536e-06
_l10 = 8.016643278097035e-07
_l1 = 3.205051939403347e-07
_l0 = 4.2125884647248313e-07
----
Design Variables
----
_w8 = 1.0006554020947078e-06
_w6 = 0.0001293540553888306
_w4 = 2.2156547856866382e-05
_w10 = 4.75568549518357e-06
_w1 = 5.71736245547072e-06
_w0 = 5.198412691242993e-05
_l8 = 9.694217624200974e-07
_l6 = 1.305748128288542e-06
_l4 = 1.150927460003004e-06
_l10 = 7.957868888297526e-07
_l1 = 3.2699358598620165e-07
_l0 = 5.248940624369425e-07
----
Design Variables
----
_w8 = 1.0067697076010518e-06
_w6 = 0.00016089332348201424
_w4 = 2.969596243929118e-05
_w10 = 4.139380052947672e-06
_w1 = 1.0284968539053807e-06
_w0 = 1.88736248674104e-05
_l8 = 1.0199355529039167e-06
_l6 = 1.5767196828164742e-06
_l4 = 1.3721829645874095e-06
_l10 = 9.6384951575601e-07
_l1 = 3.3968836987696704e-07
_l0 = 5.548949388867186e-07
----
Design Variables
----
_w8 = 1.0100787903866149e-06
_w6 = 0.00021331344032660127
_w4 = 4.008392716059461e-05
_w10 = 4.987401098333066e-06
_w1 = 6.527362188535335e-07
_w0 = 1.5871895811869763e-05
_l8 = 1.061088823917089e-06
_l6 = 2.040213530563051e-06
_l4 = 1.747587361933256e-06
_l10 = 1.0920272188741365e-06
_l1 = 3.537390398378193e-07
_l0 = 6.509385457320604e-07
----
Design Variables
----
_w8 = 1.009556854114635e-06
_w6 = 0.0002032529009738937
_w4 = 3.841900252155028e-05
_w10 = 4.81457163914456e-06
_w1 = 6e-07
_w0 = 1.4479302990366705e-05
_l8 = 1.0540954917814815e-06
_l6 = 1.9537205844244454e-06
_l4 = 1.6762749055487802e-06
_l10 = 1.0852575087483274e-06
_l1 = 3.508842496557918e-07
_l0 = 6.742183131791535e-07
----
Design Variables
----
_w8 = 1.00793840829283e-06
_w6 = 0.00017420171934645623
_w4 = 3.239745637984015e-05
_w10 = 4.286957391741453e-06
_w1 = 9.007016501527687e-07
_w0 = 1.627851634111721e-05
_l8 = 1.033101625580457e-06
_l6 = 1.6942479987847037e-06
_l4 = 1.4682029814139241e-06
_l10 = 9.99250119093631e-07
_l1 = 3.4460981623851694e-07
_l0 = 5.624684149552195e-07
----
Design Variables
----
_w8 = 1.0086605470860377e-06
_w6 = 0.0001892188738565892
_w4 = 3.678340362966992e-05
_w10 = 5.2355380830704235e-06
_w1 = 6e-07
_w0 = 1.718420571705792e-05
_l8 = 1.0427248753330787e-06
_l6 = 1.835818579820625e-06
_l4 = 1.5802685311427922e-06
_l10 = 1.075610839507135e-06
_l1 = 3.449711698522151e-07
_l0 = 7.095709975146747e-07
----
Design Variables
----
_w8 = 1.0003113857237622e-06
_w6 = 0.00013495085295289755
_w4 = 2.1573561753029935e-05
_w10 = 4.298794920032378e-06
_w1 = 7.028548679954838e-06
_w0 = 5.8710764278657734e-05
_l8 = 9.734856121212943e-07
_l6 = 1.3494453696694109e-06
_l4 = 1.1880071042469353e-06
_l10 = 7.439140290443902e-07
_l1 = 3.260700509599701e-07
_l0 = 3.960049639317731e-07
----
Design Variables
----
_w8 = 1.0051484196083038e-06
_w6 = 0.0001448758994229138
_w4 = 2.6393898224341683e-05
_w10 = 4.026011538371677e-06
_w1 = 1.9601263829827076e-06
_w0 = 2.5035302314790897e-05
_l8 = 1.0026971040133503e-06
_l6 = 1.4345202998811146e-06
_l4 = 1.2567506928462535e-06
_l10 = 9.104674063564744e-07
_l1 = 3.343944570133317e-07
_l0 = 5.215592295826355e-07
----
Design Variables
----
_w8 = 1.0079443200083915e-06
_w6 = 0.00018739185179583728
_w4 = 3.464242035988718e-05
_w10 = 4.563482889352599e-06
_w1 = 8.908112931749201e-07
_w0 = 1.999746382352896e-05
_l8 = 1.0372129963798216e-06
_l6 = 1.8106898096448276e-06
_l4 = 1.560753730700526e-06
_l10 = 1.019247747535701e-06
_l1 = 3.4553136174508836e-07
_l0 = 6.219225383574667e-07
----
Design Variables
----
_w8 = 1.0055438224298996e-06
_w6 = 0.00015581247862428427
_w4 = 2.7494797905092128e-05
_w10 = 3.741989530681167e-06
_w1 = 2.6059926767629804e-06
_w0 = 2.6622652512742206e-05
_l8 = 1.0095950528921094e-06
_l6 = 1.5255346852427465e-06
_l4 = 1.3320159268914722e-06
_l10 = 9.025658300743089e-07
_l1 = 3.3950814781746885e-07
_l0 = 4.789826562046073e-07
----
Design Variables
----
_w8 = 9.993177627620753e-07
_w6 = 0.0001288820058107376
_w4 = 2.1023410226916894e-05
_w10 = 5.170953045308124e-06
_w1 = 7.692904546274804e-06
_w0 = 6.44622923573479e-05
_l8 = 9.64676132753084e-07
_l6 = 1.3040615840509417e-06
_l4 = 1.150553316620062e-06
_l10 = 7.336983571804012e-07
_l1 = 3.2324035714736965e-07
_l0 = 4.2188995053038525e-07
----
Design Variables
----
_w8 = 1.0028494443758973e-06
_w6 = 0.00012612836144398898
_w4 = 2.1703695892938413e-05
_w10 = 3.425585418881383e-06
_w1 = 4.503144282352878e-06
_w0 = 3.866693077725358e-05
_l8 = 9.842643748925184e-07
_l6 = 1.2644050002563745e-06
_l4 = 1.122567823585996e-06
_l10 = 8.067451631177391e-07
_l1 = 3.2684081929801323e-07
_l0 = 4.155813826400845e-07
----
Design Variables
----
_w8 = 1.0049084266938735e-06
_w6 = 0.00015298901416826993
_w4 = 2.7648720788420178e-05
_w10 = 4.197585894871736e-06
_w1 = 2.2219091988517903e-06
_w0 = 2.912770287366584e-05
_l8 = 1.0040911320174928e-06
_l6 = 1.5065012348713935e-06
_l4 = 1.3138710528437514e-06
_l10 = 9.164219818558195e-07
_l1 = 3.355817455030774e-07
_l0 = 5.630595865113719e-07
----
Design Variables
----
_w8 = 1.005170361167984e-06
_w6 = 0.0001543278049211949
_w4 = 2.8743774237227626e-05
_w10 = 4.634566721506417e-06
_w1 = 1.8486697399566765e-06
_w0 = 2.8490570912254043e-05
_l8 = 1.0063180297947838e-06
_l6 = 1.5232243413265678e-06
_l4 = 1.3269085457068286e-06
_l10 = 9.426888141206291e-07
_l1 = 3.3457044423812476e-07
_l0 = 6.192555019879364e-07
----
Design Variables
----
_w8 = 1.0043891052191611e-06
_w6 = 0.00013901593047194183
_w4 = 2.4823497369652614e-05
_w10 = 3.913773070962634e-06
_w1 = 2.8944446057721507e-06
_w0 = 2.9535491194110364e-05
_l8 = 9.950653065970982e-07
_l6 = 1.3800430451738066e-06
_l4 = 1.2135146789660212e-06
_l10 = 8.726117357582552e-07
_l1 = 3.331560094466113e-07
_l0 = 4.7187751306410064e-07
----
Design Variables
----
_w8 = 1.008212052511226e-06
_w6 = 0.0001868273684522137
_w4 = 3.601675052777864e-05
_w10 = 5.047495506005362e-06
_w1 = 6e-07
_w0 = 1.8568629457149655e-05
_l8 = 1.0391818250354845e-06
_l6 = 1.8142710587198962e-06
_l4 = 1.5624361822119681e-06
_l10 = 1.0640028449415695e-06
_l1 = 3.43903906241394e-07
_l0 = 7.219979352157679e-07
----
Design Variables
----
_w8 = 1.0055854318125057e-06
_w6 = 0.00014526062295772135
_w4 = 2.6871361114899628e-05
_w10 = 4.198268015898066e-06
_w1 = 1.6247640814981423e-06
_w0 = 2.26662632485386e-05
_l8 = 1.0054798167402623e-06
_l6 = 1.4390890328286332e-06
_l4 = 1.2607687267518486e-06
_l10 = 9.231908393303456e-07
_l1 = 3.344732419918728e-07
_l0 = 5.200187160880887e-07
----
Design Variables
----
_w8 = 1.0009511015596217e-06
_w6 = 0.00012735910422634333
_w4 = 2.119556302204728e-05
_w10 = 4.098020326637197e-06
_w1 = 5.46792580280453e-06
_w0 = 4.900450221612118e-05
_l8 = 9.70642986430903e-07
_l6 = 1.2811847227567341e-06
_l4 = 1.1316909649394802e-06
_l10 = 7.800649655109737e-07
_l1 = 3.2615687928228e-07
_l0 = 4.543892941910599e-07
----
Design Variables
----
_w8 = 1.003314309855341e-06
_w6 = 0.00014287613157648593
_w4 = 2.4052540538832545e-05
_w10 = 3.397188493181602e-06
_w1 = 4.102540060557658e-06
_w0 = 3.696902422234416e-05
_l8 = 9.894978347801953e-07
_l6 = 1.4087547697272385e-06
_l4 = 1.2361393828541622e-06
_l10 = 8.345581932189816e-07
_l1 = 3.3481714467598067e-07
_l0 = 4.6296776190501987e-07
----
Design Variables
----
_w8 = 1.0041485438705422e-06
_w6 = 0.0001279180432902649
_w4 = 2.3654294636799023e-05
_w10 = 4.143041223869659e-06
_w1 = 2.4265846150228754e-06
_w0 = 2.749610757746268e-05
_l8 = 9.89386421679228e-07
_l6 = 1.2864109066867968e-06
_l4 = 1.1371128039172618e-06
_l10 = 8.782731697465351e-07
_l1 = 3.284577303475089e-07
_l0 = 4.855319843954931e-07
----
Design Variables
----
_w8 = 1.0084016821565456e-06
_w6 = 0.00018681873916648328
_w4 = 3.648153870017268e-05
_w10 = 5.214756583882263e-06
_w1 = 6e-07
_w0 = 1.7865457266452722e-05
_l8 = 1.0404539807495894e-06
_l6 = 1.8164699895351077e-06
_l4 = 1.5643137203369406e-06
_l10 = 1.0765868410089752e-06
_l1 = 3.439082831846463e-07
_l0 = 7.412738796119811e-07
----
Design Variables
----
_w8 = 1.0014789495471632e-06
_w6 = 0.000121657460113056
_w4 = 2.068953290290665e-05
_w10 = 4.1132234400720336e-06
_w1 = 5.923267963225953e-06
_w0 = 4.9861777370097116e-05
_l8 = 9.78736238721467e-07
_l6 = 1.2320922451181104e-06
_l4 = 1.0972008794851718e-06
_l10 = 7.677605822209443e-07
_l1 = 3.220219753075071e-07
_l0 = 3.868443059218407e-07
----
Design Variables
----
_w8 = 1.0049958518720814e-06
_w6 = 0.00015773650375194848
_w4 = 2.696405499591492e-05
_w10 = 3.4654606224648887e-06
_w1 = 3.4504669201851357e-06
_w0 = 3.1391351512866095e-05
_l8 = 1.0065891729027499e-06
_l6 = 1.5386648328785668e-06
_l4 = 1.343015355814714e-06
_l10 = 8.725135103304638e-07
_l1 = 3.4063319276356196e-07
_l0 = 4.553646704152925e-07
----
Design Variables
----
_w8 = 1.0081215577883995e-06
_w6 = 0.0001625359436729923
_w4 = 3.190220013493672e-05
_w10 = 5.004185368306935e-06
_w1 = 1.167813593383471e-06
_w0 = 1.1778077350754756e-05
_l8 = 1.0345692089686054e-06
_l6 = 1.5971323819030658e-06
_l4 = 1.3881050335839973e-06
_l10 = 1.0648162742654677e-06
_l1 = 3.417552818518743e-07
_l0 = 6.119762474554591e-07
----
Design Variables
----
_w8 = 1.0132663419426535e-06
_w6 = 0.0002204433985752985
_w4 = 4.330542287789285e-05
_w10 = 5.695337677025236e-06
_w1 = 1.2373060371828615e-06
_w0 = 6e-07
_l8 = 1.0960657164105214e-06
_l6 = 2.1059386199340224e-06
_l4 = 1.8025976942226407e-06
_l10 = 1.247701561624126e-06
_l1 = 3.6356851751406793e-07
_l0 = 6.442342055379413e-07
----
Design Variables
----
_w8 = 1.0067276434710948e-06
_w6 = 0.00016797678836155683
_w4 = 3.034011388081126e-05
_w10 = 4.013720172224566e-06
_w1 = 1.4294101902123657e-06
_w0 = 2.1285157345118932e-05
_l8 = 1.0220221611234592e-06
_l6 = 1.6362760106858332e-06
_l4 = 1.4204608760337578e-06
_l10 = 9.56769440563221e-07
_l1 = 3.4235105772495444e-07
_l0 = 5.494195534083701e-07
----
Design Variables
----
_w8 = 1.0077878869196866e-06
_w6 = 0.0001738184946589172
_w4 = 3.263766848249361e-05
_w10 = 4.292033736419398e-06
_w1 = 6e-07
_w0 = 1.5641569916624576e-05
_l8 = 1.0323549304303015e-06
_l6 = 1.6938895441853674e-06
_l4 = 1.4661382010672241e-06
_l10 = 1.0162892749576713e-06
_l1 = 3.4319921837777656e-07
_l0 = 6.202597546689503e-07
----
Design Variables
----
_w8 = 9.99398707790533e-07
_w6 = 0.0001339538866886869
_w4 = 2.167960883525666e-05
_w10 = 5.0720086619548965e-06
_w1 = 7.879219083406497e-06
_w0 = 6.504608609247953e-05
_l8 = 9.66944298852468e-07
_l6 = 1.3473892295223777e-06
_l4 = 1.1856077435368206e-06
_l10 = 7.383836759800033e-07
_l1 = 3.2560757290411857e-07
_l0 = 4.3096417812193977e-07
----
Design Variables
----
_w8 = 1.004104888124857e-06
_w6 = 0.00015405226440634578
_w4 = 2.6824651286005974e-05
_w10 = 3.8950456655584276e-06
_w1 = 3.3713438369886717e-06
_w0 = 3.504452979541384e-05
_l8 = 9.987195426219841e-07
_l6 = 1.511629875494691e-06
_l4 = 1.3182749398765736e-06
_l10 = 8.814821512714843e-07
_l1 = 3.370523700141348e-07
_l0 = 5.391750619310187e-07
----
Design Variables
----
_w8 = 1.003791680886934e-06
_w6 = 0.00012108991359127685
_w4 = 2.257360210933257e-05
_w10 = 4.211769009998534e-06
_w1 = 2.6623165467754006e-06
_w0 = 2.8826114430557936e-05
_l8 = 9.849957223195815e-07
_l6 = 1.2278430858714273e-06
_l4 = 1.0888270480791107e-06
_l10 = 8.70295480126515e-07
_l1 = 3.2586959264335746e-07
_l0 = 4.83791495753394e-07
----
Design Variables
----
_w8 = 1.0038125992650748e-06
_w6 = 0.00013888147077523172
_w4 = 2.3593962396262214e-05
_w10 = 3.144480842820485e-06
_w1 = 4.262146831024438e-06
_w0 = 3.587712126318365e-05
_l8 = 9.957229849533178e-07
_l6 = 1.3735755146626616e-06
_l4 = 1.2115739309592755e-06
_l10 = 8.26939697162743e-07
_l1 = 3.3202255167452677e-07
_l0 = 4.135050915010652e-07
----
Design Variables
----
_w8 = 1.0087616146847722e-06
_w6 = 0.0001890562562039122
_w4 = 3.595746238715947e-05
_w10 = 4.8547885853622574e-06
_w1 = 6e-07
_w0 = 1.5968740626703948e-05
_l8 = 1.0434254136271193e-06
_l6 = 1.8292172399014817e-06
_l4 = 1.5759950429128367e-06
_l10 = 1.0535420642554527e-06
_l1 = 3.466706175458967e-07
_l0 = 6.394106435436697e-07
----
Design Variables
----
_w8 = 1.0038183972937986e-06
_w6 = 0.00012756494106724858
_w4 = 2.271574157930445e-05
_w10 = 3.864793143293355e-06
_w1 = 4.0780892049951945e-06
_w0 = 3.518415542203002e-05
_l8 = 9.917765737554873e-07
_l6 = 1.2799622481907136e-06
_l4 = 1.1354735534041538e-06
_l10 = 8.316540061059641e-07
_l1 = 3.2741462518970366e-07
_l0 = 4.161689162174298e-07
----
Design Variables
----
_w8 = 1.0109062031915528e-06
_w6 = 0.00019886849622707814
_w4 = 3.9095863030524924e-05
_w10 = 5.160591172170825e-06
_w1 = 6e-07
_w0 = 2.8319952889432898e-06
_l8 = 1.069212771653838e-06
_l6 = 1.9190656530554406e-06
_l4 = 1.6453925582027296e-06
_l10 = 1.208197204505268e-06
_l1 = 3.5290125310893927e-07
_l0 = 7.610177021888376e-07
----
Design Variables
----
_w8 = 1.0056977544081747e-06
_w6 = 0.00014292231935542077
_w4 = 2.6312996851629578e-05
_w10 = 4.125198756810278e-06
_w1 = 2.243224798803567e-06
_w0 = 2.4057015252765268e-05
_l8 = 1.0057103736471618e-06
_l6 = 1.4159292049953365e-06
_l4 = 1.2443507557691191e-06
_l10 = 9.007702033159148e-07
_l1 = 3.341547767377051e-07
_l0 = 4.5483048438654805e-07
----
Design Variables
----
_w8 = 1.007813807518687e-06
_w6 = 0.00018294539768248796
_w4 = 3.483880573185161e-05
_w10 = 4.89717331220163e-06
_w1 = 6.070129074942088e-07
_w0 = 1.9453584172879346e-05
_l8 = 1.034780893860443e-06
_l6 = 1.7778340861696051e-06
_l4 = 1.5327535720643937e-06
_l10 = 1.0420295666335733e-06
_l1 = 3.4301419304938463e-07
_l0 = 6.92591186179925e-07
----
Design Variables
----
_w8 = 1.0038617119789706e-06
_w6 = 0.00015634227020200342
_w4 = 2.6043511752504855e-05
_w10 = 3.4356880860286765e-06
_w1 = 4.443579200597014e-06
_w0 = 3.8383084756787866e-05
_l8 = 9.97701135929674e-07
_l6 = 1.5246893099174486e-06
_l4 = 1.3305624406712013e-06
_l10 = 8.426132467320713e-07
_l1 = 3.3951729960790544e-07
_l0 = 4.56137115634192e-07
----
Design Variables
----
_w8 = 1.0096987352881115e-06
_w6 = 0.0001873536966741085
_w4 = 3.6268302210373804e-05
_w10 = 4.720134256785968e-06
_w1 = 6e-07
_w0 = 5.177479124540696e-06
_l8 = 1.054524545907043e-06
_l6 = 1.8148712115362287e-06
_l4 = 1.5615445363437175e-06
_l10 = 1.1496967999846675e-06
_l1 = 3.4991583675036964e-07
_l0 = 7.288946903827309e-07
----
Design Variables
----
_w8 = 1.0023189815910882e-06
_w6 = 0.00014665994967799634
_w4 = 2.502331517462153e-05
_w10 = 4.36900882050395e-06
_w1 = 4.936604000249645e-06
_w0 = 4.5790882722940296e-05
_l8 = 9.852200264504063e-07
_l6 = 1.4511384733850718e-06
_l4 = 1.2689840787061257e-06
_l10 = 8.329790830430284e-07
_l1 = 3.3369229868185357e-07
_l0 = 5.232585067460604e-07
----
Design Variables
----
_w8 = 1.0125249900738709e-06
_w6 = 0.00022035620349925011
_w4 = 4.2241401388309896e-05
_w10 = 5.015156148147071e-06
_w1 = 7.117715199456143e-07
_w0 = 6e-07
_l8 = 1.0863850548048504e-06
_l6 = 2.101178779412294e-06
_l4 = 1.797266577341361e-06
_l10 = 1.2073899142706068e-06
_l1 = 3.6305794992586016e-07
_l0 = 6.599589141842443e-07
----
Design Variables
----
_w8 = 1.014149916045426e-06
_w6 = 0.0002331787400180474
_w4 = 4.521277514868416e-05
_w10 = 5.535256605071481e-06
_w1 = 1.2448839470380335e-06
_w0 = 6e-07
_l8 = 1.1054343076466466e-06
_l6 = 2.2146236915432382e-06
_l4 = 1.8920942466138513e-06
_l10 = 1.2542458307507331e-06
_l1 = 3.688338665597257e-07
_l0 = 6.168206141410337e-07
----
Design Variables
----
_w8 = 1.0064395610243082e-06
_w6 = 0.000143246550578624
_w4 = 2.8374630346661434e-05
_w10 = 4.976207492290996e-06
_w1 = 1.3436833796731662e-06
_w0 = 1.7762507923180237e-05
_l8 = 1.01531782092934e-06
_l6 = 1.4300776456366293e-06
_l4 = 1.2529965260910103e-06
_l10 = 1.0006763204728486e-06
_l1 = 3.341053229632962e-07
_l0 = 5.982145694360952e-07
----
Design Variables
----
_w8 = 1.0042900839835056e-06
_w6 = 0.00013518330524675548
_w4 = 2.413808942947071e-05
_w10 = 3.830154582828982e-06
_w1 = 3.169687033732771e-06
_w0 = 3.056757486774586e-05
_l8 = 9.937127742887242e-07
_l6 = 1.3459106185109704e-06
_l4 = 1.1868761475852807e-06
_l10 = 8.581528163631447e-07
_l1 = 3.31270825881802e-07
_l0 = 4.467220833248575e-07
----
Design Variables
----
_w8 = 1.0031438932855963e-06
_w6 = 0.00013059814227744937
_w4 = 2.3178614355856553e-05
_w10 = 3.911501607944956e-06
_w1 = 3.155454123771051e-06
_w0 = 3.372967694303952e-05
_l8 = 9.833680678639212e-07
_l6 = 1.308212290496158e-06
_l4 = 1.1533091992532718e-06
_l10 = 8.533278332834016e-07
_l1 = 3.297522255252261e-07
_l0 = 5.197354653319053e-07
----
Design Variables
----
_w8 = 1.0031532156062895e-06
_w6 = 0.00012636661995202303
_w4 = 2.2065416487748735e-05
_w10 = 3.731512379090418e-06
_w1 = 4.772097781824414e-06
_w0 = 3.963393464800902e-05
_l8 = 9.883327720672241e-07
_l6 = 1.2683835848292802e-06
_l4 = 1.1271287121417117e-06
_l10 = 8.090256642390159e-07
_l1 = 3.264845247485937e-07
_l0 = 4.0327657302441366e-07
----
Design Variables
----
_w8 = 1.0053336154669523e-06
_w6 = 0.00015325480489991605
_w4 = 2.8352869776426814e-05
_w10 = 4.353943950263783e-06
_w1 = 1.5118935152713675e-06
_w0 = 2.5720573830767535e-05
_l8 = 1.007416926768201e-06
_l6 = 1.512890548838186e-06
_l4 = 1.318379304393602e-06
_l10 = 9.437900985176384e-07
_l1 = 3.352050441662868e-07
_l0 = 6.139592869658372e-07
----
Design Variables
----
_w8 = 1.0019704177466338e-06
_w6 = 0.00011885219282703474
_w4 = 2.0736721126013435e-05
_w10 = 4.1372313717147335e-06
_w1 = 5.28232112628757e-06
_w0 = 4.527971032075584e-05
_l8 = 9.786783721210668e-07
_l6 = 1.2071850505890325e-06
_l4 = 1.076227931662288e-06
_l10 = 7.856718298171472e-07
_l1 = 3.2214083489634504e-07
_l0 = 4.0234669995697914e-07
----
Design Variables
----
_w8 = 9.99269673229719e-07
_w6 = 0.00010944931273115799
_w4 = 1.8088363503920846e-05
_w10 = 4.293077836337034e-06
_w1 = 6.770326763216872e-06
_w0 = 5.7746394304558635e-05
_l8 = 9.581854101270437e-07
_l6 = 1.1300927553747897e-06
_l4 = 1.011810695672466e-06
_l10 = 7.254256502164935e-07
_l1 = 3.166194630921382e-07
_l0 = 4.058686329244665e-07
----
Design Variables
----
_w8 = 1.0012885240939795e-06
_w6 = 0.00014811140135861933
_w4 = 2.394181865383871e-05
_w10 = 4.3103937059640884e-06
_w1 = 6.527718596771592e-06
_w0 = 5.529009649762884e-05
_l8 = 9.820092827794724e-07
_l6 = 1.4617094166169409e-06
_l4 = 1.2787215837306576e-06
_l10 = 7.738277645330527e-07
_l1 = 3.318157268950017e-07
_l0 = 4.1706766751303803e-07
----
Design Variables
----
_w8 = 1.0056037353933789e-06
_w6 = 0.00014343280054163188
_w4 = 2.667809894774109e-05
_w10 = 4.2652177398849744e-06
_w1 = 1.62873209319514e-06
_w0 = 2.2377344066626392e-05
_l8 = 1.004741193355585e-06
_l6 = 1.4232373359845951e-06
_l4 = 1.2481964404287282e-06
_l10 = 9.217053502652561e-07
_l1 = 3.339246461564471e-07
_l0 = 5.107659717396018e-07
----
Design Variables
----
_w8 = 1.0031308192992583e-06
_w6 = 0.0001274398382520303
_w4 = 2.2097190594649874e-05
_w10 = 3.5876219044439495e-06
_w1 = 4.774386070494074e-06
_w0 = 3.953959821956232e-05
_l8 = 9.886334737529978e-07
_l6 = 1.277054821002821e-06
_l4 = 1.1340230230416637e-06
_l10 = 8.091859058367845e-07
_l1 = 3.2693031926100957e-07
_l0 = 4.0439840631734114e-07
----
Design Variables
----
_w8 = 1.0019518867920851e-06
_w6 = 0.00011467767762951553
_w4 = 2.0443101675482467e-05
_w10 = 4.432145942701027e-06
_w1 = 5.1272263590362854e-06
_w0 = 4.477178299566731e-05
_l8 = 9.764881951923599e-07
_l6 = 1.1729972584362258e-06
_l4 = 1.047766659212357e-06
_l10 = 7.897602927187108e-07
_l1 = 3.205672669537307e-07
_l0 = 4.0858961369849567e-07
----
Design Variables
----
_w8 = 1.0054208132714848e-06
_w6 = 0.00016643432900309563
_w4 = 2.973399568872992e-05
_w10 = 4.137089490541257e-06
_w1 = 2.3248956040333724e-06
_w0 = 2.985169157909695e-05
_l8 = 1.0129473366760067e-06
_l6 = 1.623474986445217e-06
_l4 = 1.408601406183152e-06
_l10 = 9.346842944069067e-07
_l1 = 3.396172019165533e-07
_l0 = 5.837111984874355e-07
----
Design Variables
----
_w8 = 1.007285391096957e-06
_w6 = 0.00015355265350081027
_w4 = 3.046933125006035e-05
_w10 = 4.9917662181542255e-06
_w1 = 1.1722358976840042e-06
_w0 = 1.3500383829523344e-05
_l8 = 1.025841015689366e-06
_l6 = 1.5214305904009962e-06
_l4 = 1.3255465773909236e-06
_l10 = 1.0570139465926331e-06
_l1 = 3.3834581358860305e-07
_l0 = 6.693709906357981e-07
----
Design Variables
----
_w8 = 1.0072991472043213e-06
_w6 = 0.0001612666092114523
_w4 = 2.9772971174679697e-05
_w10 = 4.197604994260473e-06
_w1 = 1.5402057442770456e-06
_w0 = 1.8388607713859528e-05
_l8 = 1.0234941782982787e-06
_l6 = 1.5771203152326052e-06
_l4 = 1.3753777921010624e-06
_l10 = 9.528831128591264e-07
_l1 = 3.4125397974094085e-07
_l0 = 4.743325519029895e-07
----
Design Variables
----
_w8 = 1.0123618494617403e-06
_w6 = 0.0002389456785749644
_w4 = 4.549387813312933e-05
_w10 = 5.221084393269848e-06
_w1 = 6e-07
_w0 = 9.635179594624788e-06
_l8 = 1.0861948567253421e-06
_l6 = 2.267400986966095e-06
_l4 = 1.9323049400554737e-06
_l10 = 1.1721423334165593e-06
_l1 = 3.623824795795372e-07
_l0 = 6.903007943037665e-07
----
Design Variables
----
_w8 = 1.002073645395285e-06
_w6 = 0.00013490396668203175
_w4 = 2.322088403161615e-05
_w10 = 4.1729067561391275e-06
_w1 = 4.51042978966143e-06
_w0 = 4.298280327930115e-05
_l8 = 9.789275736693526e-07
_l6 = 1.3481471796694677e-06
_l4 = 1.1851807357743382e-06
_l10 = 8.268464739558112e-07
_l1 = 3.3028371149157465e-07
_l0 = 5.253479002931272e-07
----
Design Variables
----
_w8 = 1.0076539638248505e-06
_w6 = 0.00016008828242775053
_w4 = 3.0559353035641834e-05
_w10 = 4.564033588394523e-06
_w1 = 1.3892675951865385e-06
_w0 = 1.6170022718142718e-05
_l8 = 1.0283022220392013e-06
_l6 = 1.5717454289188026e-06
_l4 = 1.370497784591862e-06
_l10 = 9.943275927071227e-07
_l1 = 3.408038367069821e-07
_l0 = 5.196006895857863e-07
----
Design Variables
----
_w8 = 1.0061153261631262e-06
_w6 = 0.00013959202624391764
_w4 = 2.6446845367900096e-05
_w10 = 4.5688648242503405e-06
_w1 = 1.948623321368359e-06
_w0 = 2.2169613657752052e-05
_l8 = 1.0070808684758958e-06
_l6 = 1.3898104498366592e-06
_l4 = 1.2229734238644596e-06
_l10 = 9.132983791459992e-07
_l1 = 3.328952971060062e-07
_l0 = 4.5744951648885035e-07
----
Design Variables
----
_w8 = 1.002315798359632e-06
_w6 = 0.00014830146392341703
_w4 = 2.3734004571451806e-05
_w10 = 3.451424390732427e-06
_w1 = 6.133847364253597e-06
_w0 = 4.94882624479942e-05
_l8 = 9.898342341330135e-07
_l6 = 1.4563348713636515e-06
_l4 = 1.2771404271916253e-06
_l10 = 7.765066811771248e-07
_l1 = 3.3353776984768047e-07
_l0 = 3.884850343638391e-07
----
Design Variables
----
_w8 = 1.0027816870206152e-06
_w6 = 0.0001418351021129638
_w4 = 2.2835767595097423e-05
_w10 = 2.860100039470126e-06
_w1 = 5.6124545153579675e-06
_w0 = 4.4317948777461424e-05
_l8 = 9.919573358274647e-07
_l6 = 1.3960241176391719e-06
_l4 = 1.2310761121625546e-06
_l10 = 7.813999900463386e-07
_l1 = 3.321911208331585e-07
_l0 = 3.8241628885771206e-07
----
Design Variables
----
_w8 = 1.0015044153988129e-06
_w6 = 0.00011515835649333894
_w4 = 2.0295001377235167e-05
_w10 = 4.638262453227071e-06
_w1 = 5.682401479134569e-06
_w0 = 4.906594767817296e-05
_l8 = 9.757798125065165e-07
_l6 = 1.17917841180315e-06
_l4 = 1.0532819487707457e-06
_l10 = 7.746569394839753e-07
_l1 = 3.1953854318089725e-07
_l0 = 3.952810629925807e-07
----
Design Variables
----
_w8 = 1.0040170081992983e-06
_w6 = 0.00012529251398518682
_w4 = 2.3484028133680113e-05
_w10 = 4.130799879931146e-06
_w1 = 2.0365910131658893e-06
_w0 = 2.6609854103298858e-05
_l8 = 9.882547828965471e-07
_l6 = 1.2659030517170322e-06
_l4 = 1.1195398883501184e-06
_l10 = 8.884636599759688e-07
_l1 = 3.267037698151398e-07
_l0 = 5.248741103969223e-07
----
Design Variables
----
_w8 = 1.0034148090198869e-06
_w6 = 0.0001396254956489429
_w4 = 2.3321930711972527e-05
_w10 = 3.142991090498981e-06
_w1 = 4.598522082233103e-06
_w0 = 3.840426143142395e-05
_l8 = 9.91620709100971e-07
_l6 = 1.3785734154225793e-06
_l4 = 1.2145568462074152e-06
_l10 = 8.123728889586346e-07
_l1 = 3.3276319300057366e-07
_l0 = 4.133657114380185e-07
----
Design Variables
----
_w8 = 1.0032704267359804e-06
_w6 = 0.00015024514868855476
_w4 = 2.6227909984299913e-05
_w10 = 4.403314051160123e-06
_w1 = 4.112851911486359e-06
_w0 = 4.0825609175954014e-05
_l8 = 9.916193448589183e-07
_l6 = 1.4816528164374176e-06
_l4 = 1.2937466635776218e-06
_l10 = 8.611544899395085e-07
_l1 = 3.3476129601694993e-07
_l0 = 5.368895585888822e-07
----
Design Variables
----
_w8 = 1.0031257033915608e-06
_w6 = 0.00015317954239435494
_w4 = 2.501943708921317e-05
_w10 = 3.4245601909788093e-06
_w1 = 5.157607574801659e-06
_w0 = 4.329811781644821e-05
_l8 = 9.930830628945841e-07
_l6 = 1.4975132671679603e-06
_l4 = 1.3087967545288848e-06
_l10 = 8.124473538373422e-07
_l1 = 3.371063144186337e-07
_l0 = 4.287378772005468e-07
----
Design Variables
----
_w8 = 1.002016915663262e-06
_w6 = 0.00014554942026734352
_w4 = 2.3684515326749533e-05
_w10 = 3.6759577142220223e-06
_w1 = 5.385567419580184e-06
_w0 = 4.7033539885887876e-05
_l8 = 9.839573067438323e-07
_l6 = 1.4347543810799834e-06
_l4 = 1.2564579492391204e-06
_l10 = 7.987520689312078e-07
_l1 = 3.331812479245855e-07
_l0 = 4.444926560154272e-07
----
Design Variables
----
_w8 = 1.011477820611617e-06
_w6 = 0.00021488365018740296
_w4 = 4.069234637427144e-05
_w10 = 4.951331902702805e-06
_w1 = 7.080101909195946e-07
_w0 = 7.489123163395561e-06
_l8 = 1.0722504839577596e-06
_l6 = 2.052454647127888e-06
_l4 = 1.7593296206541709e-06
_l10 = 1.1235877082071966e-06
_l1 = 3.6003649483973277e-07
_l0 = 6.035188562236726e-07
----
Design Variables
----
_w8 = 1.0041704854302225e-06
_w6 = 0.00013816177670378238
_w4 = 2.4150567696779035e-05
_w10 = 3.5664174902194645e-06
_w1 = 3.571373781596776e-06
_w0 = 3.2500138331670314e-05
_l8 = 9.948173556040274e-07
_l6 = 1.3698734164790949e-06
_l4 = 1.2067506531820982e-06
_l10 = 8.475734034618654e-07
_l1 = 3.323621058370918e-07
_l0 = 4.352253313300025e-07
----
Design Variables
----
_w8 = 1.0044963119071326e-06
_w6 = 0.00013541975931730121
_w4 = 2.3912802134873345e-05
_w10 = 3.7590223200822948e-06
_w1 = 4.113766863156343e-06
_w0 = 3.4212771424790844e-05
_l8 = 1.0009704283220344e-06
_l6 = 1.3473132867147797e-06
_l4 = 1.192039576380921e-06
_l10 = 8.393330404032895e-07
_l1 = 3.3016226552717853e-07
_l0 = 4.0157399894269474e-07
----
Design Variables
----
_w8 = 1.003752913675271e-06
_w6 = 0.00015351208276115358
_w4 = 2.6512554541113786e-05
_w10 = 4.059916136611719e-06
_w1 = 3.851599103654735e-06
_w0 = 3.8101919926702976e-05
_l8 = 9.95625669020228e-07
_l6 = 1.5059252973514958e-06
_l4 = 1.3137984069544473e-06
_l10 = 8.648053153592627e-07
_l1 = 3.363372513831564e-07
_l0 = 5.068222890258767e-07
----
Design Variables
----
_w8 = 1.0077725391965942e-06
_w6 = 0.0001628255267860368
_w4 = 3.0067913030507043e-05
_w10 = 4.08439154853113e-06
_w1 = 1.7553998077346478e-06
_w0 = 1.8276025002705865e-05
_l8 = 1.0299822861270513e-06
_l6 = 1.5898746141829179e-06
_l4 = 1.3885813814340509e-06
_l10 = 9.49242974002118e-07
_l1 = 3.4115319635930064e-07
_l0 = 4.429338957834261e-07
----
Design Variables
----
_w8 = 1.009512288874248e-06
_w6 = 0.0002017845690716058
_w4 = 3.8803525967523456e-05
_w10 = 5.134983894095058e-06
_w1 = 6e-07
_w0 = 1.524588242318714e-05
_l8 = 1.0532490932746441e-06
_l6 = 1.944007408383186e-06
_l4 = 1.668170284574444e-06
_l10 = 1.0971531310133287e-06
_l1 = 3.490742983558448e-07
_l0 = 6.999297283982742e-07
----
Design Variables
----
_w8 = 1.0113886901308433e-06
_w6 = 0.00021366862347349524
_w4 = 4.059942875755951e-05
_w10 = 4.813095983990934e-06
_w1 = 6e-07
_w0 = 3.7389688714029035e-06
_l8 = 1.072293571269256e-06
_l6 = 2.0426207356649684e-06
_l4 = 1.7479194411862409e-06
_l10 = 1.164156515187642e-06
_l1 = 3.5940715292781533e-07
_l0 = 6.857397920612129e-07
----
Design Variables
----
_w8 = 1.0052755214928766e-06
_w6 = 0.00015419235569424927
_w4 = 2.8116020985180512e-05
_w10 = 4.079850441485178e-06
_w1 = 1.587828137417091e-06
_w0 = 2.5519655537209474e-05
_l8 = 1.0076968237626716e-06
_l6 = 1.5197168750091805e-06
_l4 = 1.3238011433713837e-06
_l10 = 9.386064903083025e-07
_l1 = 3.3647538089098816e-07
_l0 = 6.140294317447115e-07
----
Design Variables
----
_w8 = 1.0078397281176876e-06
_w6 = 0.0001692307851044461
_w4 = 3.1294181098928675e-05
_w10 = 4.2707206375780515e-06
_w1 = 1.3725339158554561e-06
_w0 = 1.7174414097098634e-05
_l8 = 1.0302492228220217e-06
_l6 = 1.6477282542837202e-06
_l4 = 1.4324627954920288e-06
_l10 = 9.73542910287506e-07
_l1 = 3.441782610025257e-07
_l0 = 4.931473540636944e-07
----
Design Variables
----
_w8 = 1.0069032896353747e-06
_w6 = 0.00016300607239827514
_w4 = 2.9891867598053068e-05
_w10 = 4.1053062886931e-06
_w1 = 1.1373790584912058e-06
_w0 = 1.89063030120451e-05
_l8 = 1.0213326504526776e-06
_l6 = 1.5938915112201357e-06
_l4 = 1.3865600294593605e-06
_l10 = 9.608745585865108e-07
_l1 = 3.407973849789414e-07
_l0 = 5.390936053117912e-07
----
Design Variables
----
_w8 = 1.0032139243776328e-06
_w6 = 0.0001307220518356189
_w4 = 2.3305103241000324e-05
_w10 = 3.8378698263841216e-06
_w1 = 3.087635377596598e-06
_w0 = 3.3230877306777984e-05
_l8 = 9.84719463303918e-07
_l6 = 1.3102454659019713e-06
_l4 = 1.155104769168247e-06
_l10 = 8.599059810876497e-07
_l1 = 3.296725878954021e-07
_l0 = 5.350158858163923e-07
----
Design Variables
----
_w8 = 1.001635041575355e-06
_w6 = 0.00011907354928553104
_w4 = 2.035251964116469e-05
_w10 = 3.7133681871637236e-06
_w1 = 4.928277121507563e-06
_w0 = 4.379546226118691e-05
_l8 = 9.738248536450556e-07
_l6 = 1.2061641427862924e-06
_l4 = 1.0738807532106875e-06
_l10 = 7.831387733858719e-07
_l1 = 3.229052651931852e-07
_l0 = 4.1753958157642046e-07
----
Design Variables
----
_w8 = 1.004152295536187e-06
_w6 = 0.0001524467661511153
_w4 = 2.6557518140180036e-05
_w10 = 3.959951754950453e-06
_w1 = 3.473194510661415e-06
_w0 = 3.500927778077312e-05
_l8 = 9.980368531614658e-07
_l6 = 1.4963669627832132e-06
_l4 = 1.306644094256626e-06
_l10 = 8.741646411181137e-07
_l1 = 3.3663644671833026e-07
_l0 = 5.055985070612223e-07
----
Design Variables
----
_w8 = 1.0069735481010866e-06
_w6 = 0.0001643067371333018
_w4 = 3.12304800900165e-05
_w10 = 4.5534079617937095e-06
_w1 = 6e-07
_w0 = 1.82450585270999e-05
_l8 = 1.022551941787242e-06
_l6 = 1.6123417481139768e-06
_l4 = 1.3991307241667528e-06
_l10 = 1.0004814612329938e-06
_l1 = 3.3874704286063206e-07
_l0 = 6.317706038316828e-07
----
Design Variables
----
_w8 = 1.0029482382378774e-06
_w6 = 0.0001395399303874001
_w4 = 2.281538036186248e-05
_w10 = 2.9378861654549837e-06
_w1 = 5.492075615620706e-06
_w0 = 4.3256208300590515e-05
_l8 = 9.931379736372037e-07
_l6 = 1.3767884183835122e-06
_l4 = 1.2166873375463183e-06
_l10 = 7.868617899475794e-07
_l1 = 3.312332239602256e-07
_l0 = 3.807552673151804e-07
----
Design Variables
----
_w8 = 1.00561965155066e-06
_w6 = 0.0001564460399094969
_w4 = 2.92648564936826e-05
_w10 = 4.59822831544443e-06
_w1 = 1.381286438117968e-06
_w0 = 2.5554032617947087e-05
_l8 = 1.0102643273057765e-06
_l6 = 1.5420068848470692e-06
_l4 = 1.3419888773569255e-06
_l10 = 9.568636869516922e-07
_l1 = 3.351726718392456e-07
_l0 = 6.208008471730864e-07
----
Design Variables
----
_w8 = 1.0102742180606583e-06
_w6 = 0.00018979833112098277
_w4 = 3.661372102214955e-05
_w10 = 4.823752533411607e-06
_w1 = 9.699649581307312e-07
_w0 = 5.270599558571121e-06
_l8 = 1.0599814004308428e-06
_l6 = 1.8332644913243712e-06
_l4 = 1.5799384982528863e-06
_l10 = 1.1353561149007874e-06
_l1 = 3.5226491945650196e-07
_l0 = 6.295916250564915e-07
----
Design Variables
----
_w8 = 1.004604769150319e-06
_w6 = 0.00014921475667506456
_w4 = 2.7559493901208043e-05
_w10 = 4.468270617508097e-06
_w1 = 2.2129438548290636e-06
_w0 = 3.032037966477219e-05
_l8 = 1.0008313893195009e-06
_l6 = 1.4782732478124672e-06
_l4 = 1.2903969945909921e-06
_l10 = 9.248709602616145e-07
_l1 = 3.339632996812725e-07
_l0 = 6.260515306166781e-07
----
Design Variables
----
_w8 = 1.0021715297625633e-06
_w6 = 0.00011365515092620626
_w4 = 2.0584115191013552e-05
_w10 = 3.898359409504337e-06
_w1 = 3.511630438879365e-06
_w0 = 3.548336462699808e-05
_l8 = 9.71666395344073e-07
_l6 = 1.1621576732068206e-06
_l4 = 1.03528850559087e-06
_l10 = 8.330384844157379e-07
_l1 = 3.2339946187676105e-07
_l0 = 5.161275566933909e-07
----
Design Variables
----
_w8 = 1.0085107078339206e-06
_w6 = 0.00017813096928875893
_w4 = 3.303575067548081e-05
_w10 = 4.281375368009321e-06
_w1 = 1.1819461178674828e-06
_w0 = 1.5444351447513327e-05
_l8 = 1.038604978020885e-06
_l6 = 1.7266113445657538e-06
_l4 = 1.4963840158088715e-06
_l10 = 9.992418199544773e-07
_l1 = 3.4706314977484e-07
_l0 = 5.139607424098358e-07
----
Design Variables
----
_w8 = 1.0075293630507076e-06
_w6 = 0.00017336447490379214
_w4 = 3.231528899050318e-05
_w10 = 4.295691269362578e-06
_w1 = 6e-07
_w0 = 1.700218126643449e-05
_l8 = 1.029825625664671e-06
_l6 = 1.6889109701878624e-06
_l4 = 1.4618522072851192e-06
_l10 = 1.0060703061753884e-06
_l1 = 3.428334878208261e-07
_l0 = 6.169913717712916e-07
----
Design Variables
----
_w8 = 1.0007385071730823e-06
_w6 = 0.00013002421474084258
_w4 = 2.174345172534231e-05
_w10 = 4.463900040718727e-06
_w1 = 5.849934041179949e-06
_w0 = 5.214788325247355e-05
_l8 = 9.705918273539282e-07
_l6 = 1.3069706028545625e-06
_l4 = 1.1527199603733607e-06
_l10 = 7.778982080708374e-07
_l1 = 3.2625882795400685e-07
_l0 = 4.559589399377728e-07
----
Design Variables
----
_w8 = 1.0104063221660908e-06
_w6 = 0.00020053023763466626
_w4 = 3.8285867049125955e-05
_w10 = 4.824479219678324e-06
_w1 = 6e-07
_w0 = 6.8350936999195255e-06
_l8 = 1.0612662890707725e-06
_l6 = 1.928482788571273e-06
_l4 = 1.6557778508285992e-06
_l10 = 1.12961072318285e-06
_l1 = 3.544080016126827e-07
_l0 = 6.67425069877936e-07
----
Design Variables
----
_w8 = 1.0064851494462346e-06
_w6 = 0.0001610654144315049
_w4 = 2.9830272978870198e-05
_w10 = 4.1508374124532565e-06
_w1 = 6.80952325637918e-07
_w0 = 1.9150205844198354e-05
_l8 = 1.0182003506997717e-06
_l6 = 1.5806049304956105e-06
_l4 = 1.373417262584553e-06
_l10 = 9.743040436660522e-07
_l1 = 3.3856434811241343e-07
_l0 = 6.115714086263324e-07
----
Design Variables
----
_w8 = 1.0076392982227844e-06
_w6 = 0.00017174748063553125
_w4 = 3.2616408134344965e-05
_w10 = 4.53893153462559e-06
_w1 = 6e-07
_w0 = 1.6214307834161445e-05
_l8 = 1.0298147117282497e-06
_l6 = 1.6774251889728475e-06
_l4 = 1.4521626781061059e-06
_l10 = 1.0192968602495966e-06
_l1 = 3.418580263314652e-07
_l0 = 6.352083801175468e-07
----

