Design Variables
----
_w8 = 9.99590270112094e-07
_w6 = 7.28015584172681e-05
_w4 = 2.166113699786365e-05
_w10 = 7.581815225421451e-06
_w1 = 3.977110281994101e-06
_w0 = 6.188093539094552e-05
_l8 = 9.545234433971928e-07
_l6 = 8.554485475542606e-07
_l4 = 7.961025403346866e-07
_l10 = 9.58793748395692e-07
_l1 = 3e-07
_l0 = 9.530998568152427e-07
----
Design Variables
----
_w8 = 1.000104020931758e-06
_w6 = 7.268215267686173e-05
_w4 = 2.0906003555865027e-05
_w10 = 8.174006325134542e-06
_w1 = 3.178402721459861e-06
_w0 = 5.17070984642487e-05
_l8 = 9.64061882768874e-07
_l6 = 8.588249329477549e-07
_l4 = 7.983994123605953e-07
_l10 = 9.58517716753704e-07
_l1 = 3e-07
_l0 = 9.237471090273175e-07
----
Design Variables
----
_w8 = 1.0006127695305622e-06
_w6 = 7.257454853970557e-05
_w4 = 1.977335341507569e-05
_w10 = 9.882700396701694e-06
_w1 = 2.4648486487421906e-06
_w0 = 4.138343138038181e-05
_l8 = 9.632235560275149e-07
_l6 = 8.629068020127306e-07
_l4 = 8.019002848413948e-07
_l10 = 9.211466931446921e-07
_l1 = 3e-07
_l0 = 8.432764388999203e-07
----
Design Variables
----
_w8 = 1.0006879165302962e-06
_w6 = 5.4827280109748244e-05
_w4 = 4.638055997929769e-06
_w10 = 6e-07
_w1 = 6e-07
_w0 = 6e-07
_l8 = 8.926284067456436e-07
_l6 = 6.136111210253148e-07
_l4 = 6.1218577229738e-07
_l10 = 8.824751489555638e-07
_l1 = 3e-07
_l0 = 9.513192367194279e-07
----
Design Variables
----
_w8 = 1.0010642199631548e-06
_w6 = 6.362105341395363e-05
_w4 = 8.038931810006034e-06
_w10 = 6.483709285021177e-07
_w1 = 6e-07
_w0 = 6e-07
_l8 = 9.885037570711575e-07
_l6 = 7.39368431368348e-07
_l4 = 6.866536068628193e-07
_l10 = 1.0425582104289788e-06
_l1 = 3e-07
_l0 = 1.1642081290119677e-06
----
Design Variables
----
_w8 = 1.000037855192204e-06
_w6 = 7.274709787452593e-05
_w4 = 1.9595388948800974e-05
_w10 = 5.825904736411758e-06
_w1 = 1.4698332506668521e-06
_w0 = 4.570766395772807e-05
_l8 = 9.638591791372164e-07
_l6 = 8.456681825919077e-07
_l4 = 7.878714427533851e-07
_l10 = 9.908077345244237e-07
_l1 = 3e-07
_l0 = 1.0204278169112513e-06
----
Design Variables
----
_w8 = 1.0006107231674832e-06
_w6 = 4.929174610879272e-05
_w4 = 4.107640961592551e-06
_w10 = 6e-07
_w1 = 6e-07
_w0 = 6e-07
_l8 = 8.093410315268557e-07
_l6 = 5.251837364994572e-07
_l4 = 5.709389370167628e-07
_l10 = 7.504011136916233e-07
_l1 = 3e-07
_l0 = 7.448312544511282e-07
----
Design Variables
----
_w8 = 1.000359247882443e-06
_w6 = 5.966497337794863e-05
_w4 = 7.50013123251847e-06
_w10 = 2.108012949975091e-06
_w1 = 6e-07
_w0 = 6e-07
_l8 = 9.544852446197183e-07
_l6 = 6.945670634195267e-07
_l4 = 6.67348729166406e-07
_l10 = 9.347461968900461e-07
_l1 = 3e-07
_l0 = 9.767373967406456e-07
----
Design Variables
----
_w8 = 1.0004710020439234e-06
_w6 = 4.5729702833341435e-05
_w4 = 3.03548586089164e-06
_w10 = 6e-07
_w1 = 6e-07
_w0 = 6e-07
_l8 = 7.64978437928221e-07
_l6 = 4.690742798629799e-07
_l4 = 5.38234871783061e-07
_l10 = 6.956396418900113e-07
_l1 = 3e-07
_l0 = 6.785062964809185e-07
----
Design Variables
----
_w8 = 1.0003079751186306e-06
_w6 = 5.164291724213399e-05
_w4 = 6.35186461295234e-06
_w10 = 1.9883561890310375e-06
_w1 = 6e-07
_w0 = 6e-07
_l8 = 8.433924563178152e-07
_l6 = 5.700708243239205e-07
_l4 = 6.02935926963255e-07
_l10 = 7.661862468921754e-07
_l1 = 3e-07
_l0 = 7.218114319584856e-07
----
Design Variables
----
_w8 = 1.0002989938584506e-06
_w6 = 5.005331331631169e-05
_w4 = 5.3209632824291475e-06
_w10 = 1.2462336371754645e-06
_w1 = 6e-07
_w0 = 6e-07
_l8 = 8.171451213456749e-07
_l6 = 5.393750939219899e-07
_l4 = 5.889840508643829e-07
_l10 = 7.351435442615184e-07
_l1 = 3e-07
_l0 = 6.895930937389494e-07
----
Design Variables
----
_w8 = 1.0008413937612204e-06
_w6 = 5.8924055338138714e-05
_w4 = 5.118203716847347e-06
_w10 = 6e-07
_w1 = 6e-07
_w0 = 6e-07
_l8 = 9.466814958614123e-07
_l6 = 6.752391072950559e-07
_l4 = 6.429976906474622e-07
_l10 = 9.70424480328802e-07
_l1 = 3e-07
_l0 = 1.0875088491957285e-06
----
Design Variables
----
_w8 = 1.0004422392739798e-06
_w6 = 4.6961351472418755e-05
_w4 = 2.947668463093578e-06
_w10 = 6e-07
_w1 = 6e-07
_w0 = 6e-07
_l8 = 7.789961387061339e-07
_l6 = 4.853289397033222e-07
_l4 = 5.510153755494684e-07
_l10 = 7.136298449950118e-07
_l1 = 3e-07
_l0 = 7.050410317788192e-07
----
Design Variables
----
_w8 = 1.0001856480812421e-06
_w6 = 5.8567122323438525e-05
_w4 = 8.961252206063364e-06
_w10 = 3.5169816783309216e-06
_w1 = 6e-07
_w0 = 6e-07
_l8 = 9.521255037725496e-07
_l6 = 6.910416914251982e-07
_l4 = 6.644114591836114e-07
_l10 = 9.076691185327945e-07
_l1 = 3e-07
_l0 = 9.001932994578965e-07
----
Design Variables
----
_w8 = 9.996316521210247e-07
_w6 = 5.110092388349585e-05
_w4 = 9.07866342458874e-06
_w10 = 4.810983227798715e-06
_w1 = 6e-07
_w0 = 1.2328684988460736e-06
_l8 = 7.79626248004206e-07
_l6 = 5.485021006279567e-07
_l4 = 6.222581419024209e-07
_l10 = 6.280423576754401e-07
_l1 = 3e-07
_l0 = 4.672448881137825e-07
----
Design Variables
----
_w8 = 1.0006148158936412e-06
_w6 = 6.0800583014497533e-05
_w4 = 5.857110409124289e-06
_w10 = 6e-07
_w1 = 6e-07
_w0 = 6e-07
_l8 = 9.70307723946462e-07
_l6 = 7.048570296319667e-07
_l4 = 6.653662580902164e-07
_l10 = 9.900803661366808e-07
_l1 = 3e-07
_l0 = 1.1025133517250651e-06
----
Design Variables
----
_w8 = 1.0008139952333295e-06
_w6 = 6.993474380578846e-05
_w4 = 1.803527629817836e-05
_w10 = 1.0268407095281873e-05
_w1 = 1.6983801742753712e-06
_w0 = 3.19180398946628e-05
_l8 = 9.593820777809015e-07
_l6 = 8.374897220164712e-07
_l4 = 7.789946039338247e-07
_l10 = 8.956557735473325e-07
_l1 = 3e-07
_l0 = 7.968228601384908e-07
----
Design Variables
----
_w8 = 1.0008503750214004e-06
_w6 = 6.844256131444126e-05
_w4 = 1.6098505511763506e-05
_w10 = 5.634290573652834e-06
_w1 = 6e-07
_w0 = 2.178550130338408e-05
_l8 = 9.734696959640132e-07
_l6 = 8.065114229793835e-07
_l4 = 7.473729510820704e-07
_l10 = 9.908686706694425e-07
_l1 = 3e-07
_l0 = 9.9978058187844e-07
----
Design Variables
----
_w8 = 1.0012897746491944e-06
_w6 = 6.346685404423624e-05
_w4 = 7.739188731648028e-06
_w10 = 6.15617409494007e-07
_w1 = 6e-07
_w0 = 6e-07
_l8 = 9.756790859682951e-07
_l6 = 7.334280098802992e-07
_l4 = 6.730843438162992e-07
_l10 = 1.04139303402917e-06
_l1 = 3e-07
_l0 = 1.1932511370105203e-06
----
Design Variables
----
_w8 = 1.00041279438301e-06
_w6 = 5.584015161730349e-05
_w4 = 6.560915608133655e-06
_w10 = 1.6721436395528144e-06
_w1 = 6e-07
_w0 = 6e-07
_l8 = 9.188959779748984e-07
_l6 = 6.430556709347002e-07
_l4 = 6.297760251072759e-07
_l10 = 8.910660653782543e-07
_l1 = 3e-07
_l0 = 9.21889181881852e-07
----
Design Variables
----
_w8 = 1.0007346418205998e-06
_w6 = 5.233117190073244e-05
_w4 = 3.5267310067865765e-06
_w10 = 6e-07
_w1 = 6e-07
_w0 = 6e-07
_l8 = 8.379290648008464e-07
_l6 = 5.607924435935274e-07
_l4 = 5.930916699981026e-07
_l10 = 8.077638540271437e-07
_l1 = 3e-07
_l0 = 8.528886041858641e-07
----
Design Variables
----
_w8 = 1.000420070340624e-06
_w6 = 7.252531941048801e-05
_w4 = 2.05441774596693e-05
_w10 = 8.961561434261966e-06
_w1 = 3.0034311748750042e-06
_w0 = 4.8421941755805165e-05
_l8 = 9.60982674769184e-07
_l6 = 8.58977614370815e-07
_l4 = 7.968209274622495e-07
_l10 = 9.42018289151747e-07
_l1 = 3e-07
_l0 = 8.911180771065119e-07
----
Design Variables
----
_w8 = 1.0000285328715108e-06
_w6 = 5.609604704659432e-05
_w4 = 1.0083091183332726e-05
_w10 = 5.3022622523712926e-06
_w1 = 6e-07
_w0 = 6e-07
_l8 = 8.435206950707652e-07
_l6 = 6.257176323742897e-07
_l4 = 6.6304681922702e-07
_l10 = 7.190425321823568e-07
_l1 = 3e-07
_l0 = 5.935067406426242e-07
----
Design Variables
----
_w8 = 1.000395172923163e-06
_w6 = 5.895459253224544e-05
_w4 = 8.130354217428248e-06
_w10 = 2.6794359655468725e-06
_w1 = 6e-07
_w0 = 6e-07
_l8 = 9.460496812607744e-07
_l6 = 6.874781206533953e-07
_l4 = 6.620649060096184e-07
_l10 = 9.169062877845136e-07
_l1 = 3e-07
_l0 = 9.375041827297537e-07
----
Design Variables
----
_w8 = 1.0001887176258606e-06
_w6 = 6.448231579270214e-05
_w4 = 1.3871591363567859e-05
_w10 = 8.226764293794986e-06
_w1 = 6e-07
_w0 = 1.3655849215865601e-05
_l8 = 9.047391245076142e-07
_l6 = 7.464483360308805e-07
_l4 = 7.415296181534359e-07
_l10 = 7.889558446549927e-07
_l1 = 3e-07
_l0 = 6.632112103943655e-07
----
Design Variables
----
_w8 = 1.0001994041886064e-06
_w6 = 5.697074448107742e-05
_w4 = 8.861686183081474e-06
_w10 = 3.630774926932645e-06
_w1 = 6e-07
_w0 = 6e-07
_l8 = 9.183555675917887e-07
_l6 = 6.608778448935482e-07
_l4 = 6.531807912324439e-07
_l10 = 8.550421739528247e-07
_l1 = 3e-07
_l0 = 8.19849788058491e-07
----
Design Variables
----
_w8 = 1.0004068826674484e-06
_w6 = 7.384497439488769e-05
_w4 = 1.9769857317442074e-05
_w10 = 1.0090779142046813e-05
_w1 = 2.5708125122037018e-06
_w0 = 4.0854389226296917e-05
_l8 = 9.697131417851779e-07
_l6 = 8.786132070781605e-07
_l4 = 8.17345153336646e-07
_l10 = 9.234696562998579e-07
_l1 = 3e-07
_l0 = 8.483969509143208e-07
----
Design Variables
----
_w8 = 1.0005194326367928e-06
_w6 = 5.3532570746028796e-05
_w4 = 5.621005129796686e-06
_w10 = 1.0888919632634497e-06
_w1 = 6e-07
_w0 = 6e-07
_l8 = 8.577789003538783e-07
_l6 = 5.891872092433914e-07
_l4 = 6.125496838649269e-07
_l10 = 8.071984325397352e-07
_l1 = 3e-07
_l0 = 8.093063001979317e-07
----
Design Variables
----
_w8 = 1.001081272988813e-06
_w6 = 6.60907244309783e-05
_w4 = 1.361827253276715e-05
_w10 = 3.6828776046604617e-06
_w1 = 6e-07
_w0 = 7.553353043476818e-06
_l8 = 9.787673889150028e-07
_l6 = 7.756584636808839e-07
_l4 = 7.180158831943118e-07
_l10 = 1.0182150163018377e-06
_l1 = 3e-07
_l0 = 1.0638003686835873e-06
----
Design Variables
----
_w8 = 1.0005093145082355e-06
_w6 = 4.9347519961884245e-05
_w4 = 3.7247975797072286e-06
_w10 = 6e-07
_w1 = 6e-07
_w0 = 6e-07
_l8 = 8.05075330845284e-07
_l6 = 5.210917493059242e-07
_l4 = 5.742032840316824e-07
_l10 = 7.432780648741755e-07
_l1 = 3e-07
_l0 = 7.373268431365432e-07
----
Design Variables
----
_w8 = 1.000827296593343e-06
_w6 = 6.224285607459024e-05
_w4 = 6.4781838773342315e-06
_w10 = 6e-07
_w1 = 6e-07
_w0 = 6e-07
_l8 = 9.811037671170197e-07
_l6 = 7.228179015328351e-07
_l4 = 6.74502757647133e-07
_l10 = 1.0182134246861096e-06
_l1 = 3e-07
_l0 = 1.1451878663137904e-06
----
Design Variables
----
_w8 = 1.0005750255004386e-06
_w6 = 7.264922896865755e-05
_w4 = 1.83806423592614e-05
_w10 = 1.1149418241984677e-05
_w1 = 1.566709102007735e-06
_w0 = 3.111486148554832e-05
_l8 = 9.654289669924765e-07
_l6 = 8.675489198139985e-07
_l4 = 8.133976621138572e-07
_l10 = 8.781474889474339e-07
_l1 = 3e-07
_l0 = 7.586434094264405e-07
----
Design Variables
----
_w8 = 9.998866516980343e-07
_w6 = 4.6813507651677355e-05
_w4 = 6.147812655399321e-06
_w10 = 2.116134055540897e-06
_w1 = 6e-07
_w0 = 6e-07
_l8 = 7.615670369887084e-07
_l6 = 4.87073236854485e-07
_l4 = 5.705856551685429e-07
_l10 = 6.360725706144876e-07
_l1 = 3e-07
_l0 = 5.189296530261345e-07
----
Design Variables
----
_w8 = 1.0004051773648825e-06
_w6 = 5.7063116400968283e-05
_w4 = 5.48754269402707e-06
_w10 = 6.328744461825409e-07
_w1 = 6e-07
_w0 = 6e-07
_l8 = 9.02080216746981e-07
_l6 = 6.380473109857121e-07
_l4 = 6.449809006880969e-07
_l10 = 8.72780901772785e-07
_l1 = 3e-07
_l0 = 9.128984288508946e-07
----
Design Variables
----
_w8 = 9.998711902881041e-07
_w6 = 5.094543666928075e-05
_w4 = 8.355549653060734e-06
_w10 = 3.984830982517451e-06
_w1 = 6e-07
_w0 = 6e-07
_l8 = 7.899583351900219e-07
_l6 = 5.473320356941258e-07
_l4 = 6.144246640360507e-07
_l10 = 6.557403935403272e-07
_l1 = 3e-07
_l0 = 5.20052878982824e-07
----
Design Variables
----
_w8 = 1.0012286111305002e-06
_w6 = 6.192605360411108e-05
_w4 = 7.522611213062191e-06
_w10 = 6e-07
_w1 = 6e-07
_w0 = 6e-07
_l8 = 9.756089411894209e-07
_l6 = 7.197858735707996e-07
_l4 = 6.63008847823221e-07
_l10 = 1.0337777212043875e-06
_l1 = 3e-07
_l0 = 1.1674302413666737e-06
----
Design Variables
----
_w8 = 1.0006702950704494e-06
_w6 = 5.506701927515678e-05
_w4 = 3.734841584446258e-06
_w10 = 6e-07
_w1 = 6e-07
_w0 = 6e-07
_l8 = 8.825654731481336e-07
_l6 = 6.057319410501805e-07
_l4 = 6.158418841550883e-07
_l10 = 8.737570738048817e-07
_l1 = 3e-07
_l0 = 9.524860615783837e-07
----
Design Variables
----
_w8 = 1.0005711601479561e-06
_w6 = 5.694570791092701e-05
_w4 = 4.1664861782919616e-06
_w10 = 6e-07
_w1 = 6e-07
_w0 = 6e-07
_l8 = 8.988835702439246e-07
_l6 = 6.299963501987804e-07
_l4 = 6.367665150719404e-07
_l10 = 8.896639087652147e-07
_l1 = 3e-07
_l0 = 9.68162908066006e-07
----
Design Variables
----
_w8 = 1.0001165264839074e-06
_w6 = 7.027356332400814e-05
_w4 = 1.670648816798348e-05
_w10 = 1.0735901014413685e-05
_w1 = 6e-07
_w0 = 2.4577817384852096e-05
_l8 = 9.521091328679177e-07
_l6 = 8.355099225809681e-07
_l4 = 7.997824695848976e-07
_l10 = 8.326548481818463e-07
_l1 = 3e-07
_l0 = 6.927155027369736e-07
----
Design Variables
----
_w8 = 1.000345378088241e-06
_w6 = 6.323806155705824e-05
_w4 = 9.760641660250258e-06
_w10 = 6e-07
_w1 = 6e-07
_w0 = 6e-07
_l8 = 9.675512728790636e-07
_l6 = 7.274132940437994e-07
_l4 = 6.785633672734548e-07
_l10 = 1.0258676184093929e-06
_l1 = 3e-07
_l0 = 1.1659461733870558e-06
----
Design Variables
----
_w8 = 1.0004009709518868e-06
_w6 = 5.103104922454804e-05
_w4 = 5.279400738800177e-06
_w10 = 1.0845785709534539e-06
_w1 = 6e-07
_w0 = 6e-07
_l8 = 8.431040896539344e-07
_l6 = 5.608087008113216e-07
_l4 = 5.91442471886694e-07
_l10 = 7.817920391062216e-07
_l1 = 3e-07
_l0 = 7.670741410947812e-07
----

