Design Variables
----
_w8 = 1.0000250085795415e-06
_w6 = 6.901464803377166e-05
_w4 = 2.0329649487393908e-05
_w10 = 6.72484929964412e-06
_w1 = 2.9286404696904356e-06
_w0 = 5.133408558322117e-05
_l8 = 9.501020485913614e-07
_l6 = 8.171828653757984e-07
_l4 = 7.642140076313808e-07
_l10 = 9.352762617709232e-07
_l1 = 3e-07
_l0 = 9.315911597695958e-07
----
Design Variables
----
_w8 = 9.99946792035189e-07
_w6 = 6.744666461599991e-05
_w4 = 1.8663175069377758e-05
_w10 = 7.184011792560341e-06
_w1 = 2.6318678010284202e-06
_w0 = 4.118970537092537e-05
_l8 = 9.610380402591545e-07
_l6 = 8.070562671491643e-07
_l4 = 7.535426789218036e-07
_l10 = 9.235421885023243e-07
_l1 = 3e-07
_l0 = 8.817557954898803e-07
----
Design Variables
----
_w8 = 1.0000590009440202e-06
_w6 = 6.571336416527629e-05
_w4 = 1.7168991689686663e-05
_w10 = 8.968148904386908e-06
_w1 = 3.0982155294623226e-06
_w0 = 3.343470234540291e-05
_l8 = 9.670268354966538e-07
_l6 = 8.005373501873692e-07
_l4 = 7.42568090572604e-07
_l10 = 8.939999247559172e-07
_l1 = 3e-07
_l0 = 8.030140747905534e-07
----
Design Variables
----
_w8 = 9.955302857633797e-07
_w6 = 4.0555401938036084e-05
_w4 = 6.814328571635997e-06
_w10 = 3.212801402696641e-06
_w1 = 3.825758994935313e-06
_w0 = 6e-07
_l8 = 8.811521183815785e-07
_l6 = 5.154375344318396e-07
_l4 = 5.429630505204841e-07
_l10 = 7.779357247272856e-07
_l1 = 3e-07
_l0 = 8.939135227592487e-07
----
Design Variables
----
_w8 = 9.959778708434897e-07
_w6 = 5.2440962463151664e-05
_w4 = 1.0057490726467222e-05
_w10 = 4.019731932203285e-06
_w1 = 2.8174929411761696e-06
_w0 = 6e-07
_l8 = 9.985045608118526e-07
_l6 = 6.795351623622992e-07
_l4 = 6.443142410716973e-07
_l10 = 9.459254783905635e-07
_l1 = 3e-07
_l0 = 1.1087472557846922e-06
----
Design Variables
----
_w8 = 9.996157359637436e-07
_w6 = 6.546519580297172e-05
_w4 = 1.788065128494054e-05
_w10 = 5.278404842101736e-06
_w1 = 1.6369526747439522e-06
_w0 = 3.598197508836165e-05
_l8 = 9.57859015215945e-07
_l6 = 7.809829298821569e-07
_l4 = 7.311343210858468e-07
_l10 = 9.562995728629176e-07
_l1 = 3e-07
_l0 = 1.0099025757881464e-06
----
Design Variables
----
_w8 = 9.957840347851743e-07
_w6 = 3.274804475950077e-05
_w4 = 5.0894636842713226e-06
_w10 = 3.1299766760639613e-06
_w1 = 4.2847232180065475e-06
_w0 = 6e-07
_l8 = 8.074961215243093e-07
_l6 = 4.082432951690862e-07
_l4 = 4.7249346835087636e-07
_l10 = 6.692825422760507e-07
_l1 = 3e-07
_l0 = 7.13694703335932e-07
----
Design Variables
----
_w8 = 9.958796454156982e-07
_w6 = 4.5775686885463074e-05
_w4 = 8.212050488509703e-06
_w10 = 4.0816935324983206e-06
_w1 = 2.9960026495245984e-06
_w0 = 6.826633693890471e-07
_l8 = 9.465342714065628e-07
_l6 = 5.942164307271014e-07
_l4 = 5.847621196153341e-07
_l10 = 8.499313253196306e-07
_l1 = 3e-07
_l0 = 9.252677841686818e-07
----
Design Variables
----
_w8 = 9.960302804756793e-07
_w6 = 2.962614962598309e-05
_w4 = 4.897121471003629e-06
_w10 = 2.216999291704269e-06
_w1 = 4.623474069376243e-06
_w0 = 6e-07
_l8 = 7.686887215641036e-07
_l6 = 3.5694790767593076e-07
_l4 = 4.4389284425960795e-07
_l10 = 6.44269448457635e-07
_l1 = 3e-07
_l0 = 6.965717602724908e-07
----
Design Variables
----
_w8 = 9.96124299490475e-07
_w6 = 3.567030216800049e-05
_w4 = 5.809032245451817e-06
_w10 = 4.059319053340005e-06
_w1 = 3.686939635372255e-06
_w0 = 1.248797275366087e-06
_l8 = 8.498981856064347e-07
_l6 = 4.5595965048050857e-07
_l4 = 4.942671125718334e-07
_l10 = 7.039105298645154e-07
_l1 = 3e-07
_l0 = 6.919003681105096e-07
----
Design Variables
----
_w8 = 9.955030009223265e-07
_w6 = 3.224054671591148e-05
_w4 = 5.075387434771983e-06
_w10 = 3.1373883757623844e-06
_w1 = 4.191330390312942e-06
_w0 = 6e-07
_l8 = 8.288213280138734e-07
_l6 = 4.1109544213213667e-07
_l4 = 4.7066453134902986e-07
_l10 = 6.854163530078949e-07
_l1 = 3e-07
_l0 = 6.937168564036256e-07
----
Design Variables
----
_w8 = 9.955967925634468e-07
_w6 = 4.5768854761263356e-05
_w4 = 8.19766410131706e-06
_w10 = 2.9435977921821177e-06
_w1 = 3.537591283020447e-06
_w0 = 6e-07
_l8 = 9.199985697705415e-07
_l6 = 5.809004619550251e-07
_l4 = 5.879967943656084e-07
_l10 = 8.516988714291074e-07
_l1 = 3e-07
_l0 = 1.028407723424607e-06
----
Design Variables
----
_w8 = 9.952608479579794e-07
_w6 = 2.938425495813135e-05
_w4 = 4.397952125145821e-06
_w10 = 2.215423364759772e-06
_w1 = 4.894453923043329e-06
_w0 = 6e-07
_l8 = 7.849139365134761e-07
_l6 = 3.6319909213489154e-07
_l4 = 4.4898206397192553e-07
_l10 = 6.506875251943711e-07
_l1 = 3e-07
_l0 = 7.167877242864051e-07
----
Design Variables
----
_w8 = 9.972170573746553e-07
_w6 = 4.83181829622481e-05
_w4 = 9.172261343337595e-06
_w10 = 5.165438324183924e-06
_w1 = 2.423179239485762e-06
_w0 = 5.023179255658761e-06
_l8 = 9.56115627559484e-07
_l6 = 6.236771810108621e-07
_l4 = 5.945426551079436e-07
_l10 = 8.561786444261088e-07
_l1 = 3e-07
_l0 = 8.639693191980768e-07
----
Design Variables
----
_w8 = 9.988864348997595e-07
_w6 = 4.279868153389543e-05
_w4 = 1.0865407602977939e-05
_w10 = 5.884426627744688e-06
_w1 = 5.0912422011606395e-06
_w0 = 1.959261680894997e-05
_l8 = 8.310686894219543e-07
_l6 = 5.117738055560039e-07
_l4 = 5.496408448379952e-07
_l10 = 7.145246172512998e-07
_l1 = 3e-07
_l0 = 5.795472475256247e-07
----
Design Variables
----
_w8 = 9.951638730854029e-07
_w6 = 4.703253216575831e-05
_w4 = 8.297904969367664e-06
_w10 = 3.3065309708035784e-06
_w1 = 3.400100240469328e-06
_w0 = 6e-07
_l8 = 9.550839195071603e-07
_l6 = 6.092725470807636e-07
_l4 = 6.030592203387641e-07
_l10 = 8.795891517365817e-07
_l1 = 3e-07
_l0 = 1.0417633120596292e-06
----
Design Variables
----
_w8 = 9.999575922847725e-07
_w6 = 6.344325083773583e-05
_w4 = 1.602720658411272e-05
_w10 = 9.159809451375622e-06
_w1 = 3.141959950880846e-06
_w0 = 2.9833314329152927e-05
_l8 = 9.651874961491558e-07
_l6 = 7.793923941790126e-07
_l4 = 7.224036266961775e-07
_l10 = 8.753448241805017e-07
_l1 = 3e-07
_l0 = 7.620968176524912e-07
----
Design Variables
----
_w8 = 9.993304956879001e-07
_w6 = 5.921892079641111e-05
_w4 = 1.4077239939069841e-05
_w10 = 6.330009910016088e-06
_w1 = 1.834338604567165e-06
_w0 = 1.7078220480470918e-05
_l8 = 9.667026006354718e-07
_l6 = 7.314207550734864e-07
_l4 = 6.795326044084504e-07
_l10 = 9.284989346269867e-07
_l1 = 3e-07
_l0 = 9.63397042141878e-07
----
Design Variables
----
_w8 = 9.966558991436614e-07
_w6 = 5.413997860159725e-05
_w4 = 1.1405996701796539e-05
_w10 = 3.345315462865983e-06
_w1 = 1.950329988176236e-06
_w0 = 3.0437893201451516e-06
_l8 = 9.895496759781963e-07
_l6 = 6.872294306958793e-07
_l4 = 6.52161418202013e-07
_l10 = 9.76016053755302e-07
_l1 = 3e-07
_l0 = 1.1673745348161901e-06
----
Design Variables
----
_w8 = 9.96175344880612e-07
_w6 = 4.31543194281403e-05
_w4 = 7.758456376905087e-06
_w10 = 3.773236358028953e-06
_w1 = 3.103833023487823e-06
_w0 = 6e-07
_l8 = 9.090387038668268e-07
_l6 = 5.517783847608371e-07
_l4 = 5.586883844443946e-07
_l10 = 8.09105642929353e-07
_l1 = 3e-07
_l0 = 8.72849113875418e-07
----
Design Variables
----
_w8 = 9.948362276190892e-07
_w6 = 3.411272700759582e-05
_w4 = 4.857045041717356e-06
_w10 = 3.0170187983458163e-06
_w1 = 4.6432796807494015e-06
_w0 = 6e-07
_l8 = 8.325247904394928e-07
_l6 = 4.3429318452581356e-07
_l4 = 4.937657536174811e-07
_l10 = 6.952291187189985e-07
_l1 = 3e-07
_l0 = 7.969846365085687e-07
----
Design Variables
----
_w8 = 1.0001465398090659e-06
_w6 = 6.717522046528757e-05
_w4 = 1.8289752915734425e-05
_w10 = 8.07115065981634e-06
_w1 = 2.719704525588895e-06
_w0 = 3.908338112523779e-05
_l8 = 9.612153917260002e-07
_l6 = 8.079084636847256e-07
_l4 = 7.519169571423845e-07
_l10 = 9.099857720684668e-07
_l1 = 3e-07
_l0 = 8.433862035417405e-07
----
Design Variables
----
_w8 = 9.981530411096173e-07
_w6 = 4.415016155689955e-05
_w4 = 9.522897016722709e-06
_w10 = 6.350938292598585e-06
_w1 = 4.234677817294141e-06
_w0 = 1.327940663031768e-05
_l8 = 8.736694780964172e-07
_l6 = 5.493745334206324e-07
_l4 = 5.60983721697994e-07
_l10 = 7.371455694737961e-07
_l1 = 3e-07
_l0 = 6.369322136379196e-07
----
Design Variables
----
_w8 = 9.969502343665226e-07
_w6 = 4.7957455535652116e-05
_w4 = 8.965607776190154e-06
_w10 = 4.973948307451792e-06
_w1 = 2.6482596240384737e-06
_w0 = 3.1861357001616852e-06
_l8 = 9.493759876022523e-07
_l6 = 6.177784825922572e-07
_l4 = 5.944182817074761e-07
_l10 = 8.517719152223435e-07
_l1 = 3e-07
_l0 = 8.912648468140105e-07
----
Design Variables
----
_w8 = 9.98920540951076e-07
_w6 = 5.524792868527584e-05
_w4 = 1.2626387615455315e-05
_w10 = 9.24395408219425e-06
_w1 = 4.59458078694297e-06
_w0 = 2.181938907597214e-05
_l8 = 9.314925932812912e-07
_l6 = 6.90287890847685e-07
_l4 = 6.596797561542189e-07
_l10 = 7.816400398041878e-07
_l1 = 3e-07
_l0 = 6.358098971759318e-07
----
Design Variables
----
_w8 = 9.974291970138438e-07
_w6 = 4.543552131508477e-05
_w4 = 8.452663678326644e-06
_w10 = 5.420602064987179e-06
_w1 = 2.6275783966411836e-06
_w0 = 5.4405463743023574e-06
_l8 = 9.253478197024378e-07
_l6 = 5.838525112267234e-07
_l4 = 5.677350145560922e-07
_l10 = 8.066638201853493e-07
_l1 = 3e-07
_l0 = 7.838628448553209e-07
----
Design Variables
----
_w8 = 9.9981900802959e-07
_w6 = 6.755565118510276e-05
_w4 = 1.7720180039759725e-05
_w10 = 9.487175702815875e-06
_w1 = 3.665716121759033e-06
_w0 = 3.5052598832407966e-05
_l8 = 9.758515489011188e-07
_l6 = 8.243087563641893e-07
_l4 = 7.646347057743696e-07
_l10 = 8.962888955466042e-07
_l1 = 3e-07
_l0 = 8.05716922513966e-07
----
Design Variables
----
_w8 = 9.95691834759782e-07
_w6 = 3.656041735666804e-05
_w4 = 5.792655883851694e-06
_w10 = 3.799267005888396e-06
_w1 = 3.872697561746463e-06
_w0 = 6e-07
_l8 = 8.547791026103368e-07
_l6 = 4.6737756065340363e-07
_l4 = 5.06349238094117e-07
_l10 = 7.168015372371883e-07
_l1 = 3e-07
_l0 = 7.560204835499462e-07
----
Design Variables
----
_w8 = 9.987218163587386e-07
_w6 = 5.5588741815881804e-05
_w4 = 1.2286215678614099e-05
_w10 = 4.994607479602564e-06
_w1 = 1.4340924963107682e-06
_w0 = 8.76167177921161e-06
_l8 = 9.685739996712073e-07
_l6 = 6.945556378923357e-07
_l4 = 6.46670343940059e-07
_l10 = 9.398479505762225e-07
_l1 = 3e-07
_l0 = 1.0330155646443018e-06
----
Design Variables
----
_w8 = 9.951014590114937e-07
_w6 = 3.110363468294963e-05
_w4 = 4.511934548645513e-06
_w10 = 2.746184009083663e-06
_w1 = 4.694540621130727e-06
_w0 = 6e-07
_l8 = 8.086946650109894e-07
_l6 = 3.9245372818186297e-07
_l4 = 4.6501401129717124e-07
_l10 = 6.661953193543013e-07
_l1 = 3e-07
_l0 = 7.249016675814346e-07
----
Design Variables
----
_w8 = 9.95310415419226e-07
_w6 = 4.962408638675697e-05
_w4 = 8.981535756902304e-06
_w10 = 3.559390734153567e-06
_w1 = 3.088100129389204e-06
_w0 = 6e-07
_l8 = 9.791531283553923e-07
_l6 = 6.447824603128538e-07
_l4 = 6.243067787181644e-07
_l10 = 9.123498330154689e-07
_l1 = 3e-07
_l0 = 1.0791269460241892e-06
----
Design Variables
----
_w8 = 9.995854952649097e-07
_w6 = 6.655079778283834e-05
_w4 = 1.691086799837649e-05
_w10 = 1.0715841199271381e-05
_w1 = 4.481939413381042e-06
_w0 = 3.40560800395906e-05
_l8 = 9.798019391382695e-07
_l6 = 8.217453455472423e-07
_l4 = 7.61414469252486e-07
_l10 = 8.592904805482249e-07
_l1 = 3e-07
_l0 = 7.041602430035709e-07
----
Design Variables
----
_w8 = 9.972229690902168e-07
_w6 = 3.102848495473154e-05
_w4 = 6.174633199407253e-06
_w10 = 2.8923977879458107e-06
_w1 = 4.027538579975953e-06
_w0 = 4.734186404675711e-06
_l8 = 7.961561436786724e-07
_l6 = 3.7836119304301974e-07
_l4 = 4.4639978113991674e-07
_l10 = 6.775062502129003e-07
_l1 = 3e-07
_l0 = 6.302302040239738e-07
----
Design Variables
----
_w8 = 9.943051964000915e-07
_w6 = 3.81819590984378e-05
_w4 = 5.669661732099485e-06
_w10 = 3.355816716066329e-06
_w1 = 4.2463361751288176e-06
_w0 = 6e-07
_l8 = 9.020582751873008e-07
_l6 = 5.036052357354492e-07
_l4 = 5.338928303899593e-07
_l10 = 7.705035613980726e-07
_l1 = 3e-07
_l0 = 8.660284152028908e-07
----
Design Variables
----
_w8 = 9.98328800960735e-07
_w6 = 3.979646135121584e-05
_w4 = 9.171260899165645e-06
_w10 = 5.193508968659444e-06
_w1 = 4.428108240972506e-06
_w0 = 1.3733301784668583e-05
_l8 = 8.300388003590342e-07
_l6 = 4.827718953492877e-07
_l4 = 5.217491434450494e-07
_l10 = 7.084562980708142e-07
_l1 = 3e-07
_l0 = 6.097210416555754e-07
----
Design Variables
----
_w8 = 9.96360768112936e-07
_w6 = 5.269921530270949e-05
_w4 = 1.0517263945075683e-05
_w10 = 3.498293608572567e-06
_w1 = 2.298226490893285e-06
_w0 = 6.280415618675761e-07
_l8 = 9.839149015533621e-07
_l6 = 6.731578423568862e-07
_l4 = 6.411406161532796e-07
_l10 = 9.481308325121063e-07
_l1 = 3e-07
_l0 = 1.1152513934575836e-06
----
Design Variables
----
_w8 = 9.944294561137212e-07
_w6 = 3.76835887436755e-05
_w4 = 5.626604433928151e-06
_w10 = 2.8090244086342864e-06
_w1 = 4.547680873656645e-06
_w0 = 6e-07
_l8 = 8.747213087190175e-07
_l6 = 4.86116391584801e-07
_l4 = 5.288670763547998e-07
_l10 = 7.571596825073357e-07
_l1 = 3e-07
_l0 = 9.011811243908596e-07
----
Design Variables
----
_w8 = 9.939273013515049e-07
_w6 = 3.792958159465343e-05
_w4 = 5.467978098749882e-06
_w10 = 2.842423555193818e-06
_w1 = 4.651113158615772e-06
_w0 = 6e-07
_l8 = 8.933027402235894e-07
_l6 = 4.971199132342008e-07
_l4 = 5.358680255085346e-07
_l10 = 7.713233003414643e-07
_l1 = 3e-07
_l0 = 9.200817316923349e-07
----
Design Variables
----
_w8 = 9.990068292609067e-07
_w6 = 6.365449371514842e-05
_w4 = 1.532540591142606e-05
_w10 = 1.0912704055954237e-05
_w1 = 4.94739470013883e-06
_w0 = 3.0383162084035575e-05
_l8 = 9.814767736315844e-07
_l6 = 7.973060860422265e-07
_l4 = 7.397024432975741e-07
_l10 = 8.284557111437607e-07
_l1 = 3e-07
_l0 = 6.43440046133037e-07
----
Design Variables
----
_w8 = 9.986524673877284e-07
_w6 = 5.740049891755916e-05
_w4 = 1.3061880963505246e-05
_w10 = 4.248464847478317e-06
_w1 = 1.313375832978636e-06
_w0 = 7.523648946516914e-06
_l8 = 9.781581411516527e-07
_l6 = 7.129123105187318e-07
_l4 = 6.637632736783416e-07
_l10 = 9.836978733801516e-07
_l1 = 3e-07
_l0 = 1.144898533311789e-06
----
Design Variables
----
_w8 = 9.956464737115311e-07
_w6 = 3.496944555081427e-05
_w4 = 5.45005332241999e-06
_w10 = 3.578712039598031e-06
_w1 = 3.9552896851091646e-06
_w0 = 6e-07
_l8 = 8.427323336945847e-07
_l6 = 4.4601191007132e-07
_l4 = 4.924295353703201e-07
_l10 = 7.004042004155053e-07
_l1 = 3e-07
_l0 = 7.252824616443831e-07
----

