Design Variables
----
_w8 = 1.0029805252997903e-06
_w6 = 4.860277476836927e-05
_w4 = 1.0131750968866982e-05
_w10 = 1.0961216503346805e-05
_w1 = 2.604236942715943e-05
_w0 = 4.555243140202947e-05
_l8 = 9.150676305580419e-07
_l6 = 5.906508135922195e-07
_l4 = 5.456917619994783e-07
_l10 = 7.245233177854971e-07
_l1 = 8.736624295124784e-07
_l0 = 4.644008413379197e-07
----
Design Variables
----
_w8 = 9.952771051757736e-07
_w6 = 2.898331695178058e-05
_w4 = 5.325947768142214e-06
_w10 = 7.994383963705332e-07
_w1 = 3.2297148209181614e-06
_w0 = 9.792816854314879e-06
_l8 = 9.14943427687831e-07
_l6 = 3.97390437001377e-07
_l4 = 4.3393944793024275e-07
_l10 = 7.733020197520091e-07
_l1 = 3.196890929757501e-07
_l0 = 4.806426545655995e-07
----
Design Variables
----
_w8 = 9.970041219276027e-07
_w6 = 3.911492240149528e-05
_w4 = 8.561712093069218e-06
_w10 = 3.5024861517740646e-06
_w1 = 4.384152816783171e-06
_w0 = 1.5583427739329636e-05
_l8 = 9.56378244154621e-07
_l6 = 5.184288056625519e-07
_l4 = 5.184029987503891e-07
_l10 = 8.165064855347737e-07
_l1 = 3.194964506292308e-07
_l0 = 4.803247861673299e-07
----
Design Variables
----
_w8 = 9.984726148104528e-07
_w6 = 3.9302136428887025e-05
_w4 = 8.128366971504875e-06
_w10 = 3.95832921640249e-06
_w1 = 2.3183674784377217e-06
_w0 = 1.3117632988723926e-05
_l8 = 9.245942464986001e-07
_l6 = 5.09796791448025e-07
_l4 = 4.982616133020201e-07
_l10 = 7.947560334287118e-07
_l1 = 3.2182430231841863e-07
_l0 = 5.047563718107995e-07
----
Design Variables
----
_w8 = 9.966591960619553e-07
_w6 = 3.4486354707041755e-05
_w4 = 6.621391094085993e-06
_w10 = 2.402071686447016e-06
_w1 = 3.13093778459006e-06
_w0 = 1.0402930456621107e-05
_l8 = 9.386571946379263e-07
_l6 = 4.6477723003590654e-07
_l4 = 4.716161186024692e-07
_l10 = 7.989967798494035e-07
_l1 = 3.2564926755185297e-07
_l0 = 4.95279266488069e-07
----
Design Variables
----
_w8 = 9.9855708413088e-07
_w6 = 3.041773925360758e-05
_w4 = 7.146843472582987e-06
_w10 = 2.195364913859521e-06
_w1 = 5.09413575855433e-06
_w0 = 1.4574667147826403e-05
_l8 = 8.089809284683724e-07
_l6 = 3.714885110639443e-07
_l4 = 4.206631842862407e-07
_l10 = 6.955068556635524e-07
_l1 = 3.710446492277697e-07
_l0 = 4.806850597560697e-07
----
Design Variables
----
_w8 = 9.968936183213373e-07
_w6 = 3.6449342587729916e-05
_w4 = 7.464884674845962e-06
_w10 = 3.0396336114790756e-06
_w1 = 2.58351064985618e-06
_w0 = 1.5019823877082672e-05
_l8 = 9.285060968977632e-07
_l6 = 4.820941512662102e-07
_l4 = 4.876691832578217e-07
_l10 = 7.881673127485556e-07
_l1 = 3.20919383511864e-07
_l0 = 4.878530717178364e-07
----
Design Variables
----
_w8 = 9.990706075768685e-07
_w6 = 4.016669845441356e-05
_w4 = 8.039305612328462e-06
_w10 = 4.769167844642652e-06
_w1 = 5.264719675324159e-06
_w0 = 1.685020288277883e-05
_l8 = 9.065584549716732e-07
_l6 = 5.096354698252981e-07
_l4 = 4.959960619999038e-07
_l10 = 7.703827691329934e-07
_l1 = 4.46341886117807e-07
_l0 = 5.03172032040311e-07
----
Design Variables
----
_w8 = 9.982204574043863e-07
_w6 = 4.333393735578284e-05
_w4 = 1.0069362360809464e-05
_w10 = 4.9213208512810525e-06
_w1 = 3.5016705624002498e-06
_w0 = 2.0896943169645965e-05
_l8 = 9.421726190339541e-07
_l6 = 5.57759165076277e-07
_l4 = 5.457798692987126e-07
_l10 = 8.070080070865515e-07
_l1 = 3.073552363730414e-07
_l0 = 4.80138510283723e-07
----
Design Variables
----
_w8 = 9.96781409412506e-07
_w6 = 3.47220957337413e-05
_w4 = 6.633699285885086e-06
_w10 = 2.347657755308319e-06
_w1 = 4.033542609249707e-06
_w0 = 7.85613065090729e-06
_l8 = 9.539522807244794e-07
_l6 = 4.7188473217829596e-07
_l4 = 4.750253026486462e-07
_l10 = 8.161517257576634e-07
_l1 = 3.263835708366969e-07
_l0 = 4.990026241102896e-07
----
Design Variables
----
_w8 = 9.967100140784169e-07
_w6 = 3.169589035678655e-05
_w4 = 6.4774990278237965e-06
_w10 = 1.8946039972433937e-06
_w1 = 2.2660240119876107e-06
_w0 = 1.3582632163888775e-05
_l8 = 8.861426863404631e-07
_l6 = 4.1457121824350907e-07
_l4 = 4.4515024910651846e-07
_l10 = 7.546525466750609e-07
_l1 = 3e-07
_l0 = 4.831798605664517e-07
----
Design Variables
----
_w8 = 1.000276370177744e-06
_w6 = 4.174383866484277e-05
_w4 = 8.582677764934488e-06
_w10 = 7.844713763915934e-06
_w1 = 1.7259340893360786e-05
_w0 = 3.5637433029478416e-05
_l8 = 9.140597967416397e-07
_l6 = 5.275929311210348e-07
_l4 = 5.063307071395684e-07
_l10 = 7.357255071838154e-07
_l1 = 6.555135314556537e-07
_l0 = 4.7273110226342396e-07
----
Design Variables
----
_w8 = 9.99096528175869e-07
_w6 = 4.491468280320987e-05
_w4 = 1.123120637203101e-05
_w10 = 7.1132471930468455e-06
_w1 = 8.234131200879347e-06
_w0 = 3.528200977598317e-05
_l8 = 9.318795832768956e-07
_l6 = 5.764709953837155e-07
_l4 = 5.592970069301373e-07
_l10 = 7.729273079348786e-07
_l1 = 3.594054192035401e-07
_l0 = 4.6015998123039026e-07
----
Design Variables
----
_w8 = 9.963071079255315e-07
_w6 = 3.356169327162206e-05
_w4 = 6.335611033136956e-06
_w10 = 2.1077817109471653e-06
_w1 = 3.13679879582196e-06
_w0 = 1.0200334145338275e-05
_l8 = 9.383164183418558e-07
_l6 = 4.551260985863337e-07
_l4 = 4.660754200358497e-07
_l10 = 7.966991120156308e-07
_l1 = 3.2829154861246934e-07
_l0 = 4.930103614242398e-07
----
Design Variables
----
_w8 = 9.988999636334484e-07
_w6 = 4.336894198786467e-05
_w4 = 1.0706393368309364e-05
_w10 = 7.045478923828341e-06
_w1 = 5.418142336566234e-06
_w0 = 3.3312797313556075e-05
_l8 = 9.100272109208163e-07
_l6 = 5.571703809437167e-07
_l4 = 5.379531557991868e-07
_l10 = 7.594650242026546e-07
_l1 = 3.564914834441879e-07
_l0 = 4.809270421901601e-07
----
Design Variables
----
_w8 = 9.941325060935924e-07
_w6 = 2.5996008844231255e-05
_w4 = 4.327254373492906e-06
_w10 = 6e-07
_w1 = 4.063596406922443e-06
_w0 = 6.756450602551922e-06
_l8 = 9.287084026254888e-07
_l6 = 3.709216400693549e-07
_l4 = 4.1808510786722763e-07
_l10 = 7.814849141141167e-07
_l1 = 3.3060257464967435e-07
_l0 = 4.7621603016523295e-07
----
Design Variables
----
_w8 = 9.976893124985509e-07
_w6 = 3.7109581171534956e-05
_w4 = 7.808919690432958e-06
_w10 = 3.905474386556307e-06
_w1 = 1.8926822349385475e-06
_w0 = 1.8049307982437313e-05
_l8 = 9.061657237907639e-07
_l6 = 4.842985390496324e-07
_l4 = 4.834367359762837e-07
_l10 = 7.679951750105829e-07
_l1 = 3.2088411217046087e-07
_l0 = 4.96367192681646e-07
----
Design Variables
----
_w8 = 9.985997166950256e-07
_w6 = 4.884494046564214e-05
_w4 = 1.2426256034814287e-05
_w10 = 6.323159141174983e-06
_w1 = 4.346504738350632e-06
_w0 = 2.8968970582354814e-05
_l8 = 9.523529342914117e-07
_l6 = 6.183054210850969e-07
_l4 = 6.001469614602684e-07
_l10 = 8.158961577464652e-07
_l1 = 3e-07
_l0 = 4.599109786340705e-07
----
Design Variables
----
_w8 = 9.972035286409664e-07
_w6 = 3.588447725633159e-05
_w4 = 7.03141222402337e-06
_w10 = 2.799826233967906e-06
_w1 = 3.451923930697376e-06
_w0 = 9.761252840689849e-06
_l8 = 9.447210231883219e-07
_l6 = 4.810656264453428e-07
_l4 = 4.807222921954235e-07
_l10 = 8.085160629889288e-07
_l1 = 3.2216775025517563e-07
_l0 = 4.998574354431184e-07
----
Design Variables
----
_w8 = 9.98334940049972e-07
_w6 = 4.4073636672692373e-05
_w4 = 1.0398287486168556e-05
_w10 = 5.22615391673753e-06
_w1 = 2.881238970076083e-06
_w0 = 2.3607331968378276e-05
_l8 = 9.315364764006517e-07
_l6 = 5.621909622277599e-07
_l4 = 5.504608111550624e-07
_l10 = 7.95826736066374e-07
_l1 = 3.047859422622423e-07
_l0 = 4.767603911659535e-07
----
Design Variables
----
_w8 = 9.962706144506228e-07
_w6 = 3.17805097438395e-05
_w4 = 6.175291673571337e-06
_w10 = 1.7188350511787576e-06
_w1 = 2.9138325317035196e-06
_w0 = 1.1195746992598288e-05
_l8 = 9.129116165240703e-07
_l6 = 4.259354398072901e-07
_l4 = 4.5045769070384267e-07
_l10 = 7.759203981549945e-07
_l1 = 3.131005428258504e-07
_l0 = 4.86585634007497e-07
----
Design Variables
----
_w8 = 9.998499308494502e-07
_w6 = 4.357509169494733e-05
_w4 = 9.518456863588654e-06
_w10 = 6.978925739531405e-06
_w1 = 9.578162462275941e-06
_w0 = 2.957412289106287e-05
_l8 = 9.156282203548471e-07
_l6 = 5.492184982358594e-07
_l4 = 5.259013846625749e-07
_l10 = 7.626598517163075e-07
_l1 = 4.862453693021962e-07
_l0 = 4.846161800742266e-07
----
Design Variables
----
_w8 = 9.971565759769874e-07
_w6 = 3.162723078276031e-05
_w4 = 6.843027676950442e-06
_w10 = 2.1894359178986633e-06
_w1 = 1.9117712781735463e-06
_w0 = 1.62718424689956e-05
_l8 = 8.611357316112844e-07
_l6 = 4.0485403474121995e-07
_l4 = 4.404222408993519e-07
_l10 = 7.344249297602801e-07
_l1 = 3e-07
_l0 = 4.805355047210469e-07
----
Design Variables
----
_w8 = 9.98466020973865e-07
_w6 = 2.9256594643811695e-05
_w4 = 7.015964001766406e-06
_w10 = 1.922836872836342e-06
_w1 = 5.099305326439207e-06
_w0 = 1.4765490050194785e-05
_l8 = 7.974948630362633e-07
_l6 = 3.544609228356421e-07
_l4 = 4.114394585030823e-07
_l10 = 6.865400905553543e-07
_l1 = 3.6156853866486927e-07
_l0 = 4.773066848429153e-07
----
Design Variables
----
_w8 = 9.96755716187181e-07
_w6 = 3.479644874460064e-05
_w4 = 6.757330083928537e-06
_w10 = 2.5864776489470387e-06
_w1 = 2.5303138500021305e-06
_w0 = 1.219145724462578e-05
_l8 = 9.287012971981312e-07
_l6 = 4.649369600429054e-07
_l4 = 4.721522373074549e-07
_l10 = 7.88796057804575e-07
_l1 = 3.2383087500420515e-07
_l0 = 4.939577706863929e-07
----
Design Variables
----
_w8 = 9.944710654963274e-07
_w6 = 2.8640804885071702e-05
_w4 = 4.743704266729765e-06
_w10 = 6e-07
_w1 = 4.228524176141946e-06
_w0 = 6.07412630415638e-06
_l8 = 9.543421128910268e-07
_l6 = 4.092150049928023e-07
_l4 = 4.3893081169699144e-07
_l10 = 8.03906971214019e-07
_l1 = 3.4400471804474364e-07
_l0 = 4.846244223699614e-07
----
Design Variables
----
_w8 = 9.979215747080161e-07
_w6 = 3.782253043027595e-05
_w4 = 7.667584213777445e-06
_w10 = 3.4961412893608212e-06
_w1 = 2.8844171993114287e-06
_w0 = 1.1781625289586373e-05
_l8 = 9.360957733406394e-07
_l6 = 4.984403858543374e-07
_l4 = 4.911092332804401e-07
_l10 = 8.03156751771894e-07
_l1 = 3.1576504966324137e-07
_l0 = 5.026817007092177e-07
----
Design Variables
----
_w8 = 9.973430223908508e-07
_w6 = 3.635290340753272e-05
_w4 = 7.248712790897116e-06
_w10 = 3.103946255578194e-06
_w1 = 2.3661107206862653e-06
_w0 = 1.2976052857993636e-05
_l8 = 9.266788083550637e-07
_l6 = 4.80389246604318e-07
_l4 = 4.811378744307149e-07
_l10 = 7.898352691881882e-07
_l1 = 3.19142912985626e-07
_l0 = 4.972401939085103e-07
----
Design Variables
----
_w8 = 9.984191819967236e-07
_w6 = 3.933396146749146e-05
_w4 = 8.060603249759879e-06
_w10 = 3.898485374520533e-06
_w1 = 2.2144581635075156e-06
_w0 = 1.2621411769941915e-05
_l8 = 9.202514661410532e-07
_l6 = 5.087156864647113e-07
_l4 = 4.982999826097512e-07
_l10 = 7.90299282016349e-07
_l1 = 3.3281844480370637e-07
_l0 = 5.079152742837323e-07
----
Design Variables
----
_w8 = 9.95335312836687e-07
_w6 = 3.085891148657538e-05
_w4 = 5.552455604629358e-06
_w10 = 1.2931166111229686e-06
_w1 = 2.937270210168208e-06
_w0 = 1.0302517694071867e-05
_l8 = 9.315826332567667e-07
_l6 = 4.2485700646466285e-07
_l4 = 4.4895617179463443e-07
_l10 = 7.847991696507961e-07
_l1 = 3.336740803661087e-07
_l0 = 4.854998678638367e-07
----
Design Variables
----
_w8 = 9.982715027945233e-07
_w6 = 3.0310200600069948e-05
_w4 = 7.521342922700569e-06
_w10 = 3.607371354519273e-06
_w1 = 6.222122010512976e-06
_w0 = 2.3789560145814903e-05
_l8 = 8.180694521797705e-07
_l6 = 3.83144254101353e-07
_l4 = 4.2342173856013687e-07
_l10 = 6.859535801595484e-07
_l1 = 3.6078225207347714e-07
_l0 = 4.781899747285934e-07
----
Design Variables
----
_w8 = 9.989648788177874e-07
_w6 = 3.067629222641699e-05
_w4 = 7.490825282729929e-06
_w10 = 4.196367626718711e-06
_w1 = 8.929797331802547e-06
_w0 = 2.5793828172027133e-05
_l8 = 8.120158554447698e-07
_l6 = 3.8261705981312844e-07
_l4 = 4.2052383264490345e-07
_l10 = 6.758087920388789e-07
_l1 = 4.2238809783157194e-07
_l0 = 4.768701273860643e-07
----
Design Variables
----
_w8 = 9.966237257685862e-07
_w6 = 3.4490309190005064e-05
_w4 = 6.691686394333374e-06
_w10 = 2.5509832539682975e-06
_w1 = 2.099629227814148e-06
_w0 = 1.3367778592510149e-05
_l8 = 9.213111979988753e-07
_l6 = 4.595180200794857e-07
_l4 = 4.693623907314759e-07
_l10 = 7.801067454238364e-07
_l1 = 3.2403195859842526e-07
_l0 = 4.917017122352263e-07
----
Design Variables
----
_w8 = 9.98492168946541e-07
_w6 = 3.894948531524278e-05
_w4 = 8.228224942286033e-06
_w10 = 4.680264282796998e-06
_w1 = 5.048651928518666e-06
_w0 = 2.0364694137242623e-05
_l8 = 9.238295888280845e-07
_l6 = 5.07095364810084e-07
_l4 = 4.980500420970202e-07
_l10 = 7.781401905049279e-07
_l1 = 3.475387870821578e-07
_l0 = 4.896964469480736e-07
----
Design Variables
----
_w8 = 9.98245468508685e-07
_w6 = 3.56700002157595e-05
_w4 = 8.511523446941283e-06
_w10 = 5.4522697610082105e-06
_w1 = 4.983980943507049e-06
_w0 = 2.826865966198966e-05
_l8 = 8.67656524405902e-07
_l6 = 4.639410349227546e-07
_l4 = 4.682141536704876e-07
_l10 = 7.217091138045362e-07
_l1 = 3.640305408225686e-07
_l0 = 4.918298941447574e-07
----
Design Variables
----
_w8 = 9.966535117200692e-07
_w6 = 2.8604199542314745e-05
_w4 = 6.399554422387155e-06
_w10 = 1.6020746897993376e-06
_w1 = 2.472332425895729e-06
_w0 = 1.7022573956637643e-05
_l8 = 8.421223469667893e-07
_l6 = 3.666750103548111e-07
_l4 = 4.18771037402621e-07
_l10 = 7.161677899603092e-07
_l1 = 3e-07
_l0 = 4.731755609554966e-07
----
Design Variables
----
_w8 = 9.995086429626099e-07
_w6 = 4.941857696394436e-05
_w4 = 1.2389268704282586e-05
_w10 = 6.783115622965852e-06
_w1 = 3.0696003250341164e-06
_w0 = 2.8805290639866143e-05
_l8 = 9.339419193565845e-07
_l6 = 6.183777259138878e-07
_l4 = 5.926160611124942e-07
_l10 = 8.027856210901518e-07
_l1 = 3e-07
_l0 = 4.723647180071566e-07
----
Design Variables
----
_w8 = 9.975804005080136e-07
_w6 = 3.692002428579144e-05
_w4 = 7.384181571978843e-06
_w10 = 3.19934497383656e-06
_w1 = 2.9568791433121078e-06
_w0 = 1.1392066880944185e-05
_l8 = 9.368857831759669e-07
_l6 = 4.89363458200387e-07
_l4 = 4.858487159253855e-07
_l10 = 8.021372082112066e-07
_l1 = 3.1844791692492436e-07
_l0 = 5.00699286476447e-07
----
Design Variables
----
_w8 = 9.95705363493471e-07
_w6 = 3.0467210308415815e-05
_w4 = 5.7408569773542695e-06
_w10 = 1.3018677691434277e-06
_w1 = 2.8197234769322677e-06
_w0 = 1.1135067325085402e-05
_l8 = 9.126712257057079e-07
_l6 = 4.1258942928834585e-07
_l4 = 4.427804753959208e-07
_l10 = 7.719195309618954e-07
_l1 = 3.185763262081309e-07
_l0 = 4.831238129554549e-07
----
Design Variables
----
_w8 = 9.9395947472658e-07
_w6 = 2.483994649082888e-05
_w4 = 4.102070306544192e-06
_w10 = 6e-07
_w1 = 4.319356776250061e-06
_w0 = 6.072121777833672e-06
_l8 = 9.241960015060613e-07
_l6 = 3.5640002238324087e-07
_l4 = 4.099478019270464e-07
_l10 = 7.783748401379853e-07
_l1 = 3.2638195079925936e-07
_l0 = 4.7375124268000945e-07
----
Design Variables
----
_w8 = 1.0008794788518571e-06
_w6 = 4.65796074422542e-05
_w4 = 8.99509268492693e-06
_w10 = 3.774211563722929e-06
_w1 = 4.729658940050285e-06
_w0 = 5.599150881607784e-06
_l8 = 9.109733696277544e-07
_l6 = 5.570041707869677e-07
_l4 = 5.311795803208952e-07
_l10 = 8.253213081843569e-07
_l1 = 5.48465607153048e-07
_l0 = 5.69191399790725e-07
----
Design Variables
----
_w8 = 9.938387393049197e-07
_w6 = 2.6920986783807166e-05
_w4 = 4.1699349822010845e-06
_w10 = 6e-07
_w1 = 4.869945769314654e-06
_w0 = 3.8851526369398925e-06
_l8 = 9.643143812354538e-07
_l6 = 3.945050650600024e-07
_l4 = 4.300178204630356e-07
_l10 = 8.111886131700885e-07
_l1 = 3.499010574614658e-07
_l0 = 4.825975565836416e-07
----
Design Variables
----
_w8 = 9.975889270208427e-07
_w6 = 3.698064392665401e-05
_w4 = 7.429932338709477e-06
_w10 = 3.276388952144771e-06
_w1 = 2.553147851358517e-06
_w0 = 1.2564598364406265e-05
_l8 = 9.30123349007772e-07
_l6 = 4.879231028098729e-07
_l4 = 4.853212089983572e-07
_l10 = 7.948958113956905e-07
_l1 = 3.176465668275341e-07
_l0 = 4.994449795958644e-07
----
Design Variables
----
_w8 = 9.987347766582388e-07
_w6 = 3.858743002638221e-05
_w4 = 7.321356861211825e-06
_w10 = 3.914568878826685e-06
_w1 = 5.252954906609375e-06
_w0 = 1.3955289432487916e-05
_l8 = 9.235379820893286e-07
_l6 = 4.959240413882071e-07
_l4 = 4.873991770182329e-07
_l10 = 7.849207577237394e-07
_l1 = 3.9772447735231253e-07
_l0 = 4.977959520147124e-07
----
Design Variables
----
_w8 = 1.0002719363910728e-06
_w6 = 4.266060204827227e-05
_w4 = 7.8025796028669e-06
_w10 = 4.861195520788897e-06
_w1 = 7.824768545106053e-06
_w0 = 1.2586959201144055e-05
_l8 = 9.120732329392922e-07
_l6 = 5.259149133962637e-07
_l4 = 5.046151159149304e-07
_l10 = 7.816002494109853e-07
_l1 = 5.437053687273874e-07
_l0 = 5.068454811407719e-07
----
Design Variables
----
_w8 = 9.980834647649317e-07
_w6 = 3.825826934189536e-05
_w4 = 7.809848284523468e-06
_w10 = 3.6510491554508917e-06
_w1 = 2.7683315693138866e-06
_w0 = 1.2202799553051591e-05
_l8 = 9.34350111947424e-07
_l6 = 5.024060101277428e-07
_l4 = 4.934699973091483e-07
_l10 = 8.021626740628562e-07
_l1 = 3.14343424179242e-07
_l0 = 5.033567163081898e-07
----
Design Variables
----
_w8 = 9.956064559446531e-07
_w6 = 3.161451968480833e-05
_w4 = 5.657514975609956e-06
_w10 = 1.3249691619421355e-06
_w1 = 4.288228865334531e-06
_w0 = 6.499889423139393e-06
_l8 = 9.567595498083392e-07
_l6 = 4.4065703264095646e-07
_l4 = 4.569231748519087e-07
_l10 = 8.12736175248574e-07
_l1 = 3.3562955081833934e-07
_l0 = 4.921946015201684e-07
----
Design Variables
----
_w8 = 9.977806030292413e-07
_w6 = 3.833832306554541e-05
_w4 = 7.591524990857579e-06
_w10 = 3.7074098599987337e-06
_w1 = 2.9363923204073217e-06
_w0 = 1.0951546755677555e-05
_l8 = 9.387076147504558e-07
_l6 = 5.06304729697149e-07
_l4 = 4.972487772647582e-07
_l10 = 8.0256216961061e-07
_l1 = 3.1009116696623096e-07
_l0 = 5.188256295696192e-07
----
Design Variables
----
_w8 = 1.0027471262219478e-06
_w6 = 4.754088513436727e-05
_w4 = 8.578910637879744e-06
_w10 = 4.679028279497288e-06
_w1 = 1.2918474567413796e-05
_w0 = 8.620795597380493e-06
_l8 = 9.024389555634116e-07
_l6 = 5.519866590475431e-07
_l4 = 5.206584887673671e-07
_l10 = 8.118385039779241e-07
_l1 = 7.749238761789456e-07
_l0 = 5.669552933795785e-07
----
Design Variables
----
_w8 = 9.945318879545084e-07
_w6 = 2.8822918466175906e-05
_w4 = 4.8158926801988855e-06
_w10 = 6e-07
_w1 = 3.989902779721888e-06
_w0 = 6.79651930113323e-06
_l8 = 9.504148010819335e-07
_l6 = 4.0989530702972843e-07
_l4 = 4.394976542698714e-07
_l10 = 8.000075695235864e-07
_l1 = 3.4311452168367396e-07
_l0 = 4.842452767661598e-07
----
Design Variables
----
_w8 = 9.96122707874747e-07
_w6 = 3.308008308522403e-05
_w4 = 6.188552561070537e-06
_w10 = 1.9583262655942235e-06
_w1 = 3.113125785603188e-06
_w0 = 1.0171628673560917e-05
_l8 = 9.376893217449833e-07
_l6 = 4.499619024045387e-07
_l4 = 4.631305330349278e-07
_l10 = 7.950125109346118e-07
_l1 = 3.296261184004834e-07
_l0 = 4.917355909128673e-07
----
Design Variables
----
_w8 = 9.988300462282496e-07
_w6 = 3.957665103371255e-05
_w4 = 8.142797014443204e-06
_w10 = 3.638583621068392e-06
_w1 = 2.0522625163721386e-06
_w0 = 1.1122444448119495e-05
_l8 = 8.972979230748024e-07
_l6 = 5.001727458875393e-07
_l4 = 4.946391527482774e-07
_l10 = 7.754442208351975e-07
_l1 = 3.7642863048859e-07
_l0 = 5.055686074229016e-07
----
Design Variables
----
_w8 = 9.98742052615853e-07
_w6 = 3.27216912410222e-05
_w4 = 8.022501788218506e-06
_w10 = 3.226673698009108e-06
_w1 = 3.9732817640469875e-06
_w0 = 1.8153066775994375e-05
_l8 = 8.103701247819117e-07
_l6 = 4.006929259503522e-07
_l4 = 4.3809828298435605e-07
_l10 = 6.968435855014832e-07
_l1 = 3.6420746596377285e-07
_l0 = 4.870476573159976e-07
----
Design Variables
----
_w8 = 9.977220543078147e-07
_w6 = 3.730246680788696e-05
_w4 = 7.509743682021508e-06
_w10 = 3.3368041840731166e-06
_w1 = 2.8445383577491157e-06
_w0 = 1.1791771612479351e-05
_l8 = 9.351778089694562e-07
_l6 = 4.927903205498296e-07
_l4 = 4.878976369582233e-07
_l10 = 8.010731562535511e-07
_l1 = 3.17183918241426e-07
_l0 = 5.012553856431623e-07
----
Design Variables
----
_w8 = 9.957904012480867e-07
_w6 = 3.2054103940026835e-05
_w4 = 5.762512046203483e-06
_w10 = 1.3988993714519893e-06
_w1 = 4.746243575937115e-06
_w0 = 5.271828285913216e-06
_l8 = 9.646729495216277e-07
_l6 = 4.47613587084561e-07
_l4 = 4.6057485292294587e-07
_l10 = 8.222734209084592e-07
_l1 = 3.3509101626805204e-07
_l0 = 4.94876189804927e-07
----
Design Variables
----
_w8 = 9.988042393160868e-07
_w6 = 4.160426033195108e-05
_w4 = 9.759484782989603e-06
_w10 = 6.873391612316482e-06
_w1 = 8.778643859841395e-06
_w0 = 3.4240816603414714e-05
_l8 = 9.202787509821064e-07
_l6 = 5.383783445722656e-07
_l4 = 5.23594792412041e-07
_l10 = 7.572635354335944e-07
_l1 = 4.072697095125477e-07
_l0 = 4.722720348127041e-07
----
Design Variables
----
_w8 = 1.0000139809562825e-06
_w6 = 3.836193718598224e-05
_w4 = 7.420850579364924e-06
_w10 = 6.129303073976189e-06
_w1 = 1.3155213309801184e-05
_w0 = 2.5402234314242378e-05
_l8 = 8.891585707715421e-07
_l6 = 4.828117425859091e-07
_l4 = 4.7205224973367876e-07
_l10 = 7.312877414733521e-07
_l1 = 6.041564120096155e-07
_l0 = 4.921229788124037e-07
----
Design Variables
----
_w8 = 9.966329344024416e-07
_w6 = 3.1941573979565874e-05
_w4 = 6.455265065596905e-06
_w10 = 1.9351004993950482e-06
_w1 = 2.2631099909631303e-06
_w0 = 1.3453442079480737e-05
_l8 = 8.916697424865561e-07
_l6 = 4.1959370378208405e-07
_l4 = 4.477810193748155e-07
_l10 = 7.584022796436329e-07
_l1 = 3.017006235950248e-07
_l0 = 4.841031113755889e-07
----
Design Variables
----
_w8 = 9.997049801313551e-07
_w6 = 4.8470887122675776e-05
_w4 = 1.2369084288366139e-05
_w10 = 8.10530582384672e-06
_w1 = 7.438546163029969e-06
_w0 = 3.818409822997637e-05
_l8 = 9.286047770729056e-07
_l6 = 6.109067953730118e-07
_l4 = 5.840946641910705e-07
_l10 = 7.766027465549996e-07
_l1 = 3.6326500207906065e-07
_l0 = 4.6255382812887547e-07
----
Design Variables
----
_w8 = 9.972643510991475e-07
_w6 = 3.180346902809106e-05
_w4 = 7.26795178707107e-06
_w10 = 3.151864802930504e-06
_w1 = 3.3848400562419556e-06
_w0 = 2.0764213331858627e-05
_l8 = 8.600599699093436e-07
_l6 = 4.1266045514021243e-07
_l4 = 4.424539383762749e-07
_l10 = 7.254686238411523e-07
_l1 = 3.109588817551412e-07
_l0 = 4.82455277506233e-07
----
Design Variables
----
_w8 = 9.955133464245591e-07
_w6 = 3.0793544283369556e-05
_w4 = 5.66563221582328e-06
_w10 = 1.3458682133205002e-06
_w1 = 2.749138275248697e-06
_w0 = 1.1059792086598463e-05
_l8 = 9.216777812071086e-07
_l6 = 4.201762067168602e-07
_l4 = 4.467205485525483e-07
_l10 = 7.772928256599698e-07
_l1 = 3.271456137099449e-07
_l0 = 4.842840439778229e-07
----
Design Variables
----
_w8 = 9.966888683266006e-07
_w6 = 3.084847776335664e-05
_w4 = 6.501035386463627e-06
_w10 = 1.9026576865144307e-06
_w1 = 2.2046804133424303e-06
_w0 = 1.5385485312435776e-05
_l8 = 8.705608252057573e-07
_l6 = 4.007835912034352e-07
_l4 = 4.3756574541475857e-07
_l10 = 7.399053743029071e-07
_l1 = 3e-07
_l0 = 4.798866370947508e-07
----
Design Variables
----
_w8 = 9.983134532376425e-07
_w6 = 3.888627179549076e-05
_w4 = 8.021066605579108e-06
_w10 = 3.887530056090327e-06
_w1 = 2.5086544610530837e-06
_w0 = 1.307528236793587e-05
_l8 = 9.302804642175033e-07
_l6 = 5.076465754427772e-07
_l4 = 4.966684059581894e-07
_l10 = 7.990371386767947e-07
_l1 = 3.121506892966863e-07
_l0 = 5.040083124185912e-07
----
Design Variables
----
_w8 = 1.0018300145020476e-06
_w6 = 4.3257034121779725e-05
_w4 = 7.398611614917172e-06
_w10 = 6.437915999413235e-06
_w1 = 1.6133168173837475e-05
_w0 = 1.8369908502791077e-05
_l8 = 8.98101347956981e-07
_l6 = 5.215397891333851e-07
_l4 = 4.941578026773641e-07
_l10 = 7.509378860959259e-07
_l1 = 7.600981462019263e-07
_l0 = 5.02652994782693e-07
----
Design Variables
----
_w8 = 9.955900850400212e-07
_w6 = 2.5853289116639644e-05
_w4 = 5.223376774665667e-06
_w10 = 6e-07
_w1 = 3.2702953376428923e-06
_w0 = 1.0695192031562328e-05
_l8 = 8.660102253088553e-07
_l6 = 3.4309562124690274e-07
_l4 = 4.0498932207810867e-07
_l10 = 7.380106694654387e-07
_l1 = 3e-07
_l0 = 4.7016803250699013e-07
----
Design Variables
----
_w8 = 9.967599226001767e-07
_w6 = 3.46191409335006e-05
_w4 = 6.569011020474136e-06
_w10 = 2.244629968117806e-06
_w1 = 4.524944870354375e-06
_w0 = 6.423124887078302e-06
_l8 = 9.621693379813223e-07
_l6 = 4.733325056349713e-07
_l4 = 4.754921860694594e-07
_l10 = 8.248896961049468e-07
_l1 = 3.2744199529588514e-07
_l0 = 5.004571335121e-07
----
Design Variables
----
_w8 = 9.990382068281178e-07
_w6 = 4.132375033805147e-05
_w4 = 8.324325790454168e-06
_w10 = 4.190172603557585e-06
_w1 = 2.3180073185358196e-06
_w0 = 1.223954950546613e-05
_l8 = 9.168717269858462e-07
_l6 = 5.22921766332729e-07
_l4 = 5.072293447483389e-07
_l10 = 7.933447250252357e-07
_l1 = 3.698443435951049e-07
_l0 = 5.079258471596404e-07
----
Design Variables
----
_w8 = 9.985070619222824e-07
_w6 = 4.451861241250299e-05
_w4 = 1.0556199413258582e-05
_w10 = 5.428757503977977e-06
_w1 = 2.4682087769178906e-06
_w0 = 2.479036083968822e-05
_l8 = 9.248664127881057e-07
_l6 = 5.647419243359764e-07
_l4 = 5.520282115867303e-07
_l10 = 7.896229021753243e-07
_l1 = 3.0281520935204753e-07
_l0 = 4.767915413594892e-07
----
Design Variables
----
_w8 = 9.968802032744861e-07
_w6 = 3.184076558682136e-05
_w4 = 6.821620900154812e-06
_w10 = 2.4050041247392073e-06
_w1 = 2.073095174637274e-06
_w0 = 1.7287940863752738e-05
_l8 = 8.700374678483058e-07
_l6 = 4.129088893023436e-07
_l4 = 4.441719170245051e-07
_l10 = 7.37428592856304e-07
_l1 = 3e-07
_l0 = 4.81813287933619e-07
----
Design Variables
----
_w8 = 9.956638677977026e-07
_w6 = 2.8223252229508944e-05
_w4 = 5.494010110851377e-06
_w10 = 7.31110958440695e-07
_w1 = 3.0795561087870738e-06
_w0 = 1.0818526789080352e-05
_l8 = 8.902429726731498e-07
_l6 = 3.788111939684313e-07
_l4 = 4.244015201493312e-07
_l10 = 7.559308414784027e-07
_l1 = 3.0074107826294494e-07
_l0 = 4.769394195136556e-07
----
Design Variables
----
_w8 = 9.96524136098742e-07
_w6 = 3.1550054700346664e-05
_w4 = 6.349578598019434e-06
_w10 = 1.8058228761219652e-06
_w1 = 2.3557270196761237e-06
_w0 = 1.314922974415822e-05
_l8 = 8.918551088754612e-07
_l6 = 4.154347266194236e-07
_l4 = 4.453815733995725e-07
_l10 = 7.583935826005472e-07
_l1 = 3.0182405907908105e-07
_l0 = 4.833852926822146e-07
----
Design Variables
----
_w8 = 1.0021309435614967e-06
_w6 = 4.501313378568739e-05
_w4 = 8.618748324806802e-06
_w10 = 8.85786721482873e-06
_w1 = 2.0911249521304853e-05
_w0 = 3.404697054065764e-05
_l8 = 9.081468306249008e-07
_l6 = 5.503202942236385e-07
_l4 = 5.14030489284778e-07
_l10 = 7.340084380302869e-07
_l1 = 7.970331807882758e-07
_l0 = 4.834024025512917e-07
----
Design Variables
----
_w8 = 1.0004699788623839e-06
_w6 = 3.239486977690831e-05
_w4 = 7.75988883106038e-06
_w10 = 5.090988452138845e-06
_w1 = 1.2568932106660213e-05
_w0 = 2.6957179215969518e-05
_l8 = 7.932520134090737e-07
_l6 = 3.8800797597104975e-07
_l4 = 4.2142892198171467e-07
_l10 = 6.598858703910082e-07
_l1 = 5.298243195284158e-07
_l0 = 4.786666636391601e-07
----
Design Variables
----
_w8 = 9.99881081042986e-07
_w6 = 4.094117321074009e-05
_w4 = 6.981040314713027e-06
_w10 = 3.838079010165529e-06
_w1 = 8.194177098630462e-06
_w0 = 8.490232175972778e-06
_l8 = 9.210666576109361e-07
_l6 = 5.077570790490427e-07
_l4 = 4.938163442602672e-07
_l10 = 7.893019642324361e-07
_l1 = 5.40095015821862e-07
_l0 = 5.027659994993883e-07
----
Design Variables
----
_w8 = 9.99070380203193e-07
_w6 = 4.626664667739533e-05
_w4 = 1.1130497114208993e-05
_w10 = 5.9504031924006995e-06
_w1 = 2.6024381440947764e-06
_w0 = 2.5332732548122294e-05
_l8 = 9.275465231439739e-07
_l6 = 5.836420200466819e-07
_l4 = 5.640154654429352e-07
_l10 = 7.95344021753408e-07
_l1 = 3e-07
_l0 = 4.793250809598248e-07
----
Design Variables
----
_w8 = 9.971819281417993e-07
_w6 = 3.0084904210525565e-05
_w4 = 6.633036264247494e-06
_w10 = 1.6500364381499821e-06
_w1 = 2.152357410523109e-06
_w0 = 1.4925081813998986e-05
_l8 = 8.422704809163406e-07
_l6 = 3.7968618471495574e-07
_l4 = 4.270102920145291e-07
_l10 = 7.219223334686831e-07
_l1 = 3e-07
_l0 = 4.769987071995274e-07
----
Design Variables
----
_w8 = 1.0004757768911077e-06
_w6 = 3.8210688217077404e-05
_w4 = 7.270310106832767e-06
_w10 = 3.9374181142193265e-06
_w1 = 9.899054020934273e-06
_w0 = 1.205977241625078e-05
_l8 = 8.58350745147618e-07
_l6 = 4.579753181133128e-07
_l4 = 4.657447334466269e-07
_l10 = 7.359425922004448e-07
_l1 = 5.774863893748261e-07
_l0 = 4.960418209520867e-07
----
Design Variables
----
_w8 = 9.97426241156063e-07
_w6 = 3.4449567465344444e-05
_w4 = 7.748622010694817e-06
_w10 = 3.860044671455398e-06
_w1 = 2.542170932429144e-06
_w0 = 2.1770802050014026e-05
_l8 = 8.76471460742323e-07
_l6 = 4.4852149017060583e-07
_l4 = 4.628886074442562e-07
_l10 = 7.384563218693074e-07
_l1 = 3.178146243953961e-07
_l0 = 4.891902563031181e-07
----
Design Variables
----
_w8 = 9.97347001430171e-07
_w6 = 3.361871131346561e-05
_w4 = 6.918112376297358e-06
_w10 = 2.258279437228339e-06
_w1 = 2.3686993699811865e-06
_w0 = 1.2176385098428e-05
_l8 = 8.862732556735864e-07
_l6 = 4.340640202826762e-07
_l4 = 4.565930282751651e-07
_l10 = 7.593343980261125e-07
_l1 = 3.214153139197151e-07
_l0 = 4.894058633908571e-07
----
Design Variables
----
_w8 = 1.0012498705691542e-06
_w6 = 3.703476977534592e-05
_w4 = 7.906081918918062e-06
_w10 = 5.356487690733047e-06
_w1 = 1.280486503674183e-05
_w0 = 2.14348310692003e-05
_l8 = 8.209549946514016e-07
_l6 = 4.381874134651298e-07
_l4 = 4.5106679635864566e-07
_l10 = 6.926902642589994e-07
_l1 = 6.073310032661539e-07
_l0 = 4.905148216494126e-07
----
Design Variables
----
_w8 = 9.981949915527366e-07
_w6 = 3.862009180011228e-05
_w4 = 7.947443918965291e-06
_w10 = 3.8023651995899854e-06
_w1 = 1.7907681240103557e-06
_w0 = 1.4396912774827797e-05
_l8 = 9.149387096840655e-07
_l6 = 4.997353357794054e-07
_l4 = 4.92917592964659e-07
_l10 = 7.829936521375203e-07
_l1 = 3.2484297207702184e-07
_l0 = 5.012971087126061e-07
----
Design Variables
----
_w8 = 1.000382553684176e-06
_w6 = 4.082003579242155e-05
_w4 = 8.20120385469636e-06
_w10 = 7.5168190960539505e-06
_w1 = 1.6321009752573445e-05
_w0 = 3.278694930486381e-05
_l8 = 9.040327881848498e-07
_l6 = 5.144038368598558e-07
_l4 = 4.941841211802966e-07
_l10 = 7.316973551496631e-07
_l1 = 6.538342063322489e-07
_l0 = 4.81370989291463e-07
----
Design Variables
----
_w8 = 9.999245094149956e-07
_w6 = 3.279585507698357e-05
_w4 = 7.4361760198371485e-06
_w10 = 3.4002005122601986e-06
_w1 = 8.838710527925286e-06
_w0 = 1.6824027625261806e-05
_l8 = 8.039575050133863e-07
_l6 = 3.903594176790648e-07
_l4 = 4.282753707229858e-07
_l10 = 6.873891607028781e-07
_l1 = 4.816880050384498e-07
_l0 = 4.838840368392994e-07
----
Design Variables
----
_w8 = 9.95294499261945e-07
_w6 = 3.0816187063464895e-05
_w4 = 5.425518793344963e-06
_w10 = 1.102396595342725e-06
_w1 = 4.0731943045102526e-06
_w0 = 6.957548066566233e-06
_l8 = 9.527630027150735e-07
_l6 = 4.3119317183482053e-07
_l4 = 4.5165344886299863e-07
_l10 = 8.067187309279689e-07
_l1 = 3.3756805351004004e-07
_l0 = 4.89470039610751e-07
----
Design Variables
----
_w8 = 9.962124067897093e-07
_w6 = 3.6661345802713186e-05
_w4 = 7.767350325593725e-06
_w10 = 2.802253220579587e-06
_w1 = 3.9787250898370985e-06
_w0 = 1.540894663776271e-05
_l8 = 9.489920103078475e-07
_l6 = 4.907906827611441e-07
_l4 = 5.010219865653198e-07
_l10 = 8.045813046919648e-07
_l1 = 3.253046259032999e-07
_l0 = 4.761584193602175e-07
----
Design Variables
----
_w8 = 9.970245855583926e-07
_w6 = 2.980676435981877e-05
_w4 = 7.038899639155716e-06
_w10 = 2.5669423848739825e-06
_w1 = 3.026979356945958e-06
_w0 = 2.058886457234621e-05
_l8 = 8.381331326745567e-07
_l6 = 3.8234989574448264e-07
_l4 = 4.2667605271162756e-07
_l10 = 7.095256933098426e-07
_l1 = 3e-07
_l0 = 4.770154760080914e-07
----
Design Variables
----
_w8 = 9.992694458560436e-07
_w6 = 2.9939543310320005e-05
_w4 = 7.5703424045059364e-06
_w10 = 4.502750016399659e-06
_w1 = 1.016350961435819e-05
_w0 = 2.8291044145589694e-05
_l8 = 7.969692887854762e-07
_l6 = 3.701559592172998e-07
_l4 = 4.122581742649345e-07
_l10 = 6.597505262107006e-07
_l1 = 4.3651809278344444e-07
_l0 = 4.738408563298435e-07
----
Design Variables
----
_w8 = 9.972036423278041e-07
_w6 = 2.7918182240682654e-05
_w4 = 6.697319804516155e-06
_w10 = 2.77611547971901e-06
_w1 = 5.696777861885494e-06
_w0 = 2.3372604118776508e-05
_l8 = 8.306704444294155e-07
_l6 = 3.618521020598564e-07
_l4 = 4.1122507354884874e-07
_l10 = 6.925161528670287e-07
_l1 = 3.229915819247253e-07
_l0 = 4.7085475785024755e-07
----
Design Variables
----
_w8 = 9.994625997933326e-07
_w6 = 3.5430108255241066e-05
_w4 = 8.245505341619719e-06
_w10 = 4.08035930377082e-06
_w1 = 5.727038114855532e-06
_w0 = 1.870514461188577e-05
_l8 = 8.236343660428247e-07
_l6 = 4.311961276926013e-07
_l4 = 4.537422171324579e-07
_l10 = 7.061967153276782e-07
_l1 = 4.3397747617746063e-07
_l0 = 4.925523739984783e-07
----
Design Variables
----
_w8 = 9.969246548280353e-07
_w6 = 3.506848224787973e-05
_w4 = 6.719742032146314e-06
_w10 = 2.4129838038788876e-06
_w1 = 4.345090474089375e-06
_w0 = 7.030304459476611e-06
_l8 = 9.593574077371159e-07
_l6 = 4.771127350977622e-07
_l4 = 4.777937760991335e-07
_l10 = 8.227623879974999e-07
_l1 = 3.258823539908917e-07
_l0 = 5.009439973946428e-07
----
Design Variables
----
_w8 = 9.965157232727506e-07
_w6 = 3.513943374855444e-05
_w4 = 6.56828979117563e-06
_w10 = 2.6926643386104843e-06
_w1 = 2.9871130209357943e-06
_w0 = 1.0053099686047062e-05
_l8 = 9.38250138915464e-07
_l6 = 4.733809930712596e-07
_l4 = 4.785585474564868e-07
_l10 = 7.947656968099182e-07
_l1 = 3.186780190844729e-07
_l0 = 5.131431635163608e-07
----
Design Variables
----
_w8 = 9.979376045521349e-07
_w6 = 3.780738916248083e-05
_w4 = 8.353394150617532e-06
_w10 = 4.773774890054483e-06
_w1 = 2.430427684885217e-06
_w0 = 2.1942309103906155e-05
_l8 = 9.005963192976196e-07
_l6 = 4.941410338688002e-07
_l4 = 4.880085953118396e-07
_l10 = 7.592607857986877e-07
_l1 = 3.3150408285109734e-07
_l0 = 4.98567544582329e-07
----
Design Variables
----
_w8 = 9.975551620300394e-07
_w6 = 3.6809051380259916e-05
_w4 = 7.3180553954443894e-06
_w10 = 3.095987267442979e-06
_w1 = 3.4328061246924335e-06
_w0 = 1.0001926966651808e-05
_l8 = 9.448388027522014e-07
_l6 = 4.906477784061281e-07
_l4 = 4.862332616539788e-07
_l10 = 8.105706683636527e-07
_l1 = 3.1950509082889766e-07
_l0 = 5.02080013120576e-07
----
Design Variables
----
_w8 = 9.962511740013724e-07
_w6 = 3.3501946745673195e-05
_w4 = 6.378897523973137e-06
_w10 = 2.220772330474574e-06
_w1 = 2.2151764369482407e-06
_w0 = 1.283714755118126e-05
_l8 = 9.22785147849936e-07
_l6 = 4.4976357571613335e-07
_l4 = 4.6368128892027016e-07
_l10 = 7.796534191584215e-07
_l1 = 3.2702641306059377e-07
_l0 = 4.896565428680333e-07
----
Design Variables
----
_w8 = 9.96358380689344e-07
_w6 = 3.1852796382736415e-05
_w4 = 6.2835897551849484e-06
_w10 = 1.8436181790093542e-06
_w1 = 2.3285138013307005e-06
_w0 = 1.298151255468838e-05
_l8 = 9.005007655105146e-07
_l6 = 4.225101690735755e-07
_l4 = 4.4904612650498166e-07
_l10 = 7.638749366378761e-07
_l1 = 3.0949513529776596e-07
_l0 = 4.845737748837564e-07
----
Design Variables
----
_w8 = 9.962839158106362e-07
_w6 = 3.3528238418512046e-05
_w4 = 6.344625035126228e-06
_w10 = 2.1385053514677566e-06
_w1 = 2.8480542368924944e-06
_w0 = 1.1023489605577197e-05
_l8 = 9.334434594165941e-07
_l6 = 4.5329170461627655e-07
_l4 = 4.652368374991056e-07
_l10 = 7.913203603493457e-07
_l1 = 3.279371298958722e-07
_l0 = 4.919231173516891e-07
----
Design Variables
----
_w8 = 9.971457757274038e-07
_w6 = 3.586126695154235e-05
_w4 = 7.115339485608274e-06
_w10 = 2.9871823699068045e-06
_w1 = 2.0918832888128236e-06
_w0 = 1.3665440746990498e-05
_l8 = 9.2183239530641e-07
_l6 = 4.7383230139530497e-07
_l4 = 4.775794195666094e-07
_l10 = 7.83530765602336e-07
_l1 = 3.2011587336455705e-07
_l0 = 4.950690595251217e-07
----
Design Variables
----
_w8 = 9.9793635399692e-07
_w6 = 3.880860822391696e-05
_w4 = 8.839647307468113e-06
_w10 = 5.181521373742726e-06
_w1 = 2.8282345283514587e-06
_w0 = 2.4189781470340677e-05
_l8 = 9.04140904367523e-07
_l6 = 5.071380542176485e-07
_l4 = 4.987191459804308e-07
_l10 = 7.605556220369181e-07
_l1 = 3.354330999627564e-07
_l0 = 4.952037784278218e-07
----
Design Variables
----
_w8 = 9.974265822165762e-07
_w6 = 3.448008283157833e-05
_w4 = 7.675433153053746e-06
_w10 = 3.721998382388847e-06
_w1 = 2.4735725219215965e-06
_w0 = 2.0829664208577015e-05
_l8 = 8.790421475168841e-07
_l6 = 4.487774845074455e-07
_l4 = 4.632053389741486e-07
_l10 = 7.419245093842619e-07
_l1 = 3.1562956337438663e-07
_l0 = 4.893561253993539e-07
----
Design Variables
----
_w8 = 9.982240953831933e-07
_w6 = 3.0615166906500235e-05
_w4 = 7.151541012717644e-06
_w10 = 1.6584854165557772e-06
_w1 = 2.968772832900868e-06
_w0 = 1.2334662642388139e-05
_l8 = 8.069577575042786e-07
_l6 = 3.7021825960437127e-07
_l4 = 4.2320223769820586e-07
_l10 = 7.020001362434414e-07
_l1 = 3.386278137895715e-07
_l0 = 4.814187377633061e-07
----
Design Variables
----
_w8 = 9.981838502426399e-07
_w6 = 3.860973083646968e-05
_w4 = 7.6193632594367955e-06
_w10 = 3.2156906399904983e-06
_w1 = 2.7569903977564536e-06
_w0 = 9.13590793061303e-06
_l8 = 9.18930027182796e-07
_l6 = 4.976403147338715e-07
_l4 = 4.922430321130378e-07
_l10 = 7.919080076135288e-07
_l1 = 3.8320860085150343e-07
_l0 = 5.053529434917436e-07
----

