Design Variables
----
_w8 = 9.990809530791012e-07
_w6 = 7.215821096906438e-05
_w4 = 2.233350278402213e-05
_w10 = 7.762390850984957e-06
_w1 = 4.9976019909081515e-06
_w0 = 6.923988985363394e-05
_l8 = 9.511045959698095e-07
_l6 = 8.512570843777212e-07
_l4 = 7.956510330586752e-07
_l10 = 9.462586376685067e-07
_l1 = 3e-07
_l0 = 9.295917493545858e-07
----
Design Variables
----
_w8 = 9.998909717978677e-07
_w6 = 7.171060133259743e-05
_w4 = 2.1475514586200006e-05
_w10 = 8.138746125041507e-06
_w1 = 3.915173238056013e-06
_w0 = 5.802580562885851e-05
_l8 = 9.568485666022752e-07
_l6 = 8.483619922117214e-07
_l4 = 7.892945745879842e-07
_l10 = 9.511692269370542e-07
_l1 = 3e-07
_l0 = 9.132248237619933e-07
----
Design Variables
----
_w8 = 1.0004409887187649e-06
_w6 = 7.072088192217052e-05
_w4 = 2.0030029190820642e-05
_w10 = 9.667848644312471e-06
_w1 = 3.010659156643669e-06
_w0 = 4.626012741937302e-05
_l8 = 9.544951353746e-07
_l6 = 8.425802207057131e-07
_l4 = 7.839294084988069e-07
_l10 = 9.123497193286312e-07
_l1 = 3e-07
_l0 = 8.297802196466364e-07
----
Design Variables
----
_w8 = 1.0003093393606832e-06
_w6 = 7.067315164022148e-05
_w4 = 2.061162558675278e-05
_w10 = 9.200916792906355e-06
_w1 = 3.3901524147950113e-06
_w0 = 5.106271055410616e-05
_l8 = 9.525039672553248e-07
_l6 = 8.401309514738386e-07
_l4 = 7.814327318556025e-07
_l10 = 9.221353138855193e-07
_l1 = 3e-07
_l0 = 8.510484121870832e-07
----
Design Variables
----
_w8 = 1.0000042038882384e-06
_w6 = 7.132554310373962e-05
_w4 = 2.120687349815853e-05
_w10 = 8.979464837466367e-06
_w1 = 3.890653260896215e-06
_w0 = 5.5749307648511603e-05
_l8 = 9.540913197270129e-07
_l6 = 8.469938279631606e-07
_l4 = 7.888690447543922e-07
_l10 = 9.291837272940029e-07
_l1 = 3e-07
_l0 = 8.664491701892985e-07
----
Design Variables
----
_w8 = 9.99206804408459e-07
_w6 = 7.176105282269418e-05
_w4 = 2.233197483292315e-05
_w10 = 7.96897893451387e-06
_w1 = 5.136192157806363e-06
_w0 = 6.795070657972246e-05
_l8 = 9.535631306789583e-07
_l6 = 8.497931958117988e-07
_l4 = 7.931355412438279e-07
_l10 = 9.478301308263326e-07
_l1 = 3e-07
_l0 = 9.191114145323809e-07
----
Design Variables
----
_w8 = 1.0004574733102345e-06
_w6 = 6.901167216710746e-05
_w4 = 1.932769373524934e-05
_w10 = 9.852649782260414e-06
_w1 = 2.8422791729099117e-06
_w0 = 4.340869054431096e-05
_l8 = 9.503041837888304e-07
_l6 = 8.257458148364094e-07
_l4 = 7.693032557654078e-07
_l10 = 8.962408628576668e-07
_l1 = 3e-07
_l0 = 8.002065783330181e-07
----
Design Variables
----
_w8 = 9.994030278903665e-07
_w6 = 7.114189793355763e-05
_w4 = 2.2188596631167457e-05
_w10 = 7.918026312836446e-06
_w1 = 4.786999852512963e-06
_w0 = 6.657219637418166e-05
_l8 = 9.498851341049885e-07
_l6 = 8.413095429204986e-07
_l4 = 7.85236181854998e-07
_l10 = 9.441367865292705e-07
_l1 = 3e-07
_l0 = 9.11056872610061e-07
----
Design Variables
----
_w8 = 1.0004608839153661e-06
_w6 = 6.915535777807236e-05
_w4 = 1.9442128177615814e-05
_w10 = 9.69629309111042e-06
_w1 = 2.8707470391964307e-06
_w0 = 4.415253351908177e-05
_l8 = 9.505410503152234e-07
_l6 = 8.265789688266523e-07
_l4 = 7.695750809944002e-07
_l10 = 9.011755537358113e-07
_l1 = 3e-07
_l0 = 8.106597988444264e-07
----
Design Variables
----
_w8 = 9.992344303100253e-07
_w6 = 7.187594019342214e-05
_w4 = 2.2179663574206643e-05
_w10 = 7.709280907874927e-06
_w1 = 4.72060173706268e-06
_w0 = 6.699494406348094e-05
_l8 = 9.5239442998718e-07
_l6 = 8.482401767651027e-07
_l4 = 7.923749194560514e-07
_l10 = 9.494928008280112e-07
_l1 = 3e-07
_l0 = 9.28624217522156e-07
----
Design Variables
----
_w8 = 9.99906774268311e-07
_w6 = 7.133813051041216e-05
_w4 = 2.1460558855324052e-05
_w10 = 8.602540219726507e-06
_w1 = 4.0870691009331495e-06
_w0 = 5.8256388001609594e-05
_l8 = 9.538284757582005e-07
_l6 = 8.459504101665516e-07
_l4 = 7.874468792579137e-07
_l10 = 9.378113645652775e-07
_l1 = 3e-07
_l0 = 8.863939910952467e-07
----
Design Variables
----
_w8 = 9.989204272642382e-07
_w6 = 7.261860446305946e-05
_w4 = 2.251853402412962e-05
_w10 = 7.945860488689505e-06
_w1 = 5.490061994350981e-06
_w0 = 7.068887498462573e-05
_l8 = 9.549117976348498e-07
_l6 = 8.59215276705072e-07
_l4 = 8.02610770733736e-07
_l10 = 9.486712997386348e-07
_l1 = 3e-07
_l0 = 9.312958013651951e-07
----
Design Variables
----
_w8 = 9.991584875024273e-07
_w6 = 7.2146525781136e-05
_w4 = 2.225225580332335e-05
_w10 = 7.776496204314753e-06
_w1 = 4.9263512664765585e-06
_w0 = 6.750964530510828e-05
_l8 = 9.545741477268166e-07
_l6 = 8.525116186319792e-07
_l4 = 7.961343726492487e-07
_l10 = 9.514189969195286e-07
_l1 = 3e-07
_l0 = 9.309752044828201e-07
----
Design Variables
----
_w8 = 9.99902681542153e-07
_w6 = 7.144072878872976e-05
_w4 = 2.1416031813714653e-05
_w10 = 8.666082976560574e-06
_w1 = 4.064754648425151e-06
_w0 = 5.7824538089334965e-05
_l8 = 9.54453525991994e-07
_l6 = 8.473851949020172e-07
_l4 = 7.888913842180045e-07
_l10 = 9.369521762891964e-07
_l1 = 3e-07
_l0 = 8.844717171996308e-07
----
Design Variables
----
_w8 = 9.992514833356836e-07
_w6 = 7.170040771597996e-05
_w4 = 2.2266294763539918e-05
_w10 = 7.888956133683678e-06
_w1 = 4.9521017899678554e-06
_w0 = 6.768150342395529e-05
_l8 = 9.516480190541188e-07
_l6 = 8.476008588331752e-07
_l4 = 7.913608328635746e-07
_l10 = 9.463019523536786e-07
_l1 = 3e-07
_l0 = 9.200246608997986e-07
----
Design Variables
----
_w8 = 9.993967751142918e-07
_w6 = 7.119273504940793e-05
_w4 = 2.217597830167506e-05
_w10 = 7.901562639744952e-06
_w1 = 4.778163656737888e-06
_w0 = 6.620402564294636e-05
_l8 = 9.512694418845058e-07
_l6 = 8.422920245720888e-07
_l4 = 7.860611503929249e-07
_l10 = 9.462814318794699e-07
_l1 = 3e-07
_l0 = 9.129893783210719e-07
----
Design Variables
----
_w8 = 1.0000466090787086e-06
_w6 = 7.115518383216113e-05
_w4 = 2.1285877664922737e-05
_w10 = 8.798328963166568e-06
_w1 = 3.895701411238406e-06
_w0 = 5.644693010253832e-05
_l8 = 9.529506428407331e-07
_l6 = 8.441875252174214e-07
_l4 = 7.856215233914554e-07
_l10 = 9.328855981038942e-07
_l1 = 3e-07
_l0 = 8.745133186494058e-07
----
Design Variables
----
_w8 = 9.989995533032925e-07
_w6 = 7.242683204822242e-05
_w4 = 2.243847666250076e-05
_w10 = 7.897720934124663e-06
_w1 = 5.313385827321326e-06
_w0 = 6.976838631089777e-05
_l8 = 9.544011163598043e-07
_l6 = 8.56550173011783e-07
_l4 = 8.000837965482788e-07
_l10 = 9.489112926530652e-07
_l1 = 3e-07
_l0 = 9.30241810692678e-07
----
Design Variables
----
_w8 = 9.998617542805732e-07
_w6 = 7.142754475353286e-05
_w4 = 2.1483014279510826e-05
_w10 = 8.63874902279349e-06
_w1 = 4.153147983743111e-06
_w0 = 5.8541780163068324e-05
_l8 = 9.542486623104196e-07
_l6 = 8.472854915453354e-07
_l4 = 7.888646109677211e-07
_l10 = 9.373000580126245e-07
_l1 = 3e-07
_l0 = 8.8575313839101e-07
----
Design Variables
----
_w8 = 9.99277062874171e-07
_w6 = 7.152026955736801e-05
_w4 = 2.225781099696178e-05
_w10 = 7.886870662332512e-06
_w1 = 4.915728368359851e-06
_w0 = 6.754854985047132e-05
_l8 = 9.510146696811717e-07
_l6 = 8.455416491415235e-07
_l4 = 7.894903433225409e-07
_l10 = 9.455234817323799e-07
_l1 = 3e-07
_l0 = 9.17396562272188e-07
----
Design Variables
----
_w8 = 1.0002793260355247e-06
_w6 = 7.034714508336037e-05
_w4 = 2.0562041754601523e-05
_w10 = 9.39645087782992e-06
_w1 = 3.4579281873448053e-06
_w0 = 5.1036622608080506e-05
_l8 = 9.511590519650781e-07
_l6 = 8.375101288038422e-07
_l4 = 7.797729040248669e-07
_l10 = 9.148039339379466e-07
_l1 = 3e-07
_l0 = 8.357019396498799e-07
----
Design Variables
----
_w8 = 9.99455892269907e-07
_w6 = 7.106063276296481e-05
_w4 = 2.2138739950605668e-05
_w10 = 7.913410627224948e-06
_w1 = 4.71209659735905e-06
_w0 = 6.573934660991654e-05
_l8 = 9.507415938969643e-07
_l6 = 8.407058658121969e-07
_l4 = 7.844240599297336e-07
_l10 = 9.45678607422451e-07
_l1 = 3e-07
_l0 = 9.107228606808349e-07
----
Design Variables
----
_w8 = 9.992692184823682e-07
_w6 = 7.153824117267504e-05
_w4 = 2.229297570011113e-05
_w10 = 7.945618563098833e-06
_w1 = 5.007768322684569e-06
_w0 = 6.792431668145582e-05
_l8 = 9.507807590125594e-07
_l6 = 8.460842195745499e-07
_l4 = 7.89876196449768e-07
_l10 = 9.444429451832548e-07
_l1 = 3e-07
_l0 = 9.155830866802717e-07
----
Design Variables
----
_w8 = 1.0001430155170965e-06
_w6 = 7.091568113537505e-05
_w4 = 2.115606730512809e-05
_w10 = 9.027166015584953e-06
_w1 = 3.7846871236979496e-06
_w0 = 5.5161221098387614e-05
_l8 = 9.517399917058356e-07
_l6 = 8.420828407906811e-07
_l4 = 7.838121973691159e-07
_l10 = 9.263907259082771e-07
_l1 = 3e-07
_l0 = 8.595578151471273e-07
----
Design Variables
----
_w8 = 9.989955742639722e-07
_w6 = 7.254548836499453e-05
_w4 = 2.2387139324564487e-05
_w10 = 7.794596058374736e-06
_w1 = 5.166900791664375e-06
_w0 = 6.958446465432644e-05
_l8 = 9.538445056023193e-07
_l6 = 8.566238989260455e-07
_l4 = 8.004637379599444e-07
_l10 = 9.493719517195132e-07
_l1 = 3e-07
_l0 = 9.34898594096012e-07
----
Design Variables
----
_w8 = 1.000176325760549e-06
_w6 = 7.097065099515021e-05
_w4 = 2.1096315322211012e-05
_w10 = 9.049531399796251e-06
_w1 = 3.7103425256646005e-06
_w0 = 5.452232653624378e-05
_l8 = 9.521154993308301e-07
_l6 = 8.426663384852873e-07
_l4 = 7.842346576580894e-07
_l10 = 9.264633717975812e-07
_l1 = 3e-07
_l0 = 8.593686402491585e-07
----
Design Variables
----
_w8 = 9.996606422646437e-07
_w6 = 7.08650186425075e-05
_w4 = 2.1989882952766493e-05
_w10 = 8.062006600084715e-06
_w1 = 4.555964551400393e-06
_w0 = 6.379349360940978e-05
_l8 = 9.505818638899655e-07
_l6 = 8.390456400775292e-07
_l4 = 7.816966558493732e-07
_l10 = 9.446679314351059e-07
_l1 = 3e-07
_l0 = 9.043043291967479e-07
----
Design Variables
----
_w8 = 9.996422249969328e-07
_w6 = 7.1246329753194e-05
_w4 = 2.191533894801978e-05
_w10 = 8.181800694728736e-06
_w1 = 4.5569368012365885e-06
_w0 = 6.302277324721217e-05
_l8 = 9.527304314360663e-07
_l6 = 8.440573537882301e-07
_l4 = 7.8615869369969e-07
_l10 = 9.45020303788624e-07
_l1 = 3e-07
_l0 = 9.050256721820915e-07
----
Design Variables
----
_w8 = 1.000333895717631e-06
_w6 = 6.996309093665332e-05
_w4 = 2.020602551056072e-05
_w10 = 9.369124200020451e-06
_w1 = 3.2487689622939797e-06
_w0 = 4.896401514997706e-05
_l8 = 9.511580287835386e-07
_l6 = 8.335379675372678e-07
_l4 = 7.758675906188728e-07
_l10 = 9.133264597949164e-07
_l1 = 3e-07
_l0 = 8.341768307218445e-07
----
Design Variables
----
_w8 = 9.990817488869652e-07
_w6 = 7.229840412037447e-05
_w4 = 2.232802944490686e-05
_w10 = 7.79292531660758e-06
_w1 = 5.046048954682192e-06
_w0 = 6.883257447043434e-05
_l8 = 9.530631359666586e-07
_l6 = 8.536571840522811e-07
_l4 = 7.97547670572385e-07
_l10 = 9.48691251778655e-07
_l1 = 3e-07
_l0 = 9.314636031376722e-07
----
Design Variables
----
_w8 = 1.0003467423302936e-06
_w6 = 7.043635559966788e-05
_w4 = 2.0343451978988014e-05
_w10 = 9.516325008007698e-06
_w1 = 3.288258994871285e-06
_w0 = 4.915245153824799e-05
_l8 = 9.522164532427269e-07
_l6 = 8.389383765461389e-07
_l4 = 7.808678219589638e-07
_l10 = 9.132179457083112e-07
_l1 = 3e-07
_l0 = 8.321799782606831e-07
----
Design Variables
----
_w8 = 9.996149401558796e-07
_w6 = 7.145125709939748e-05
_w4 = 2.188027065130882e-05
_w10 = 8.30194494483294e-06
_w1 = 4.594932761392556e-06
_w0 = 6.271087477216497e-05
_l8 = 9.538200629322091e-07
_l6 = 8.470479997413349e-07
_l4 = 7.889769904068089e-07
_l10 = 9.437748644813837e-07
_l1 = 3e-07
_l0 = 9.025703775478178e-07
----
Design Variables
----
_w8 = 1.0003769830291276e-06
_w6 = 7.000395271461457e-05
_w4 = 1.998673724301625e-05
_w10 = 9.449848221265711e-06
_w1 = 3.0834607969154604e-06
_w0 = 4.7213659854605794e-05
_l8 = 9.522079267298977e-07
_l6 = 8.343707236235787e-07
_l4 = 7.766211069792917e-07
_l10 = 9.119478363572853e-07
_l1 = 3e-07
_l0 = 8.312786121678073e-07
----
Design Variables
----
_w8 = 1.0004322348322603e-06
_w6 = 6.950574606889859e-05
_w4 = 1.92985862668138e-05
_w10 = 9.377398782817181e-06
_w1 = 2.6105706183443544e-06
_w0 = 4.2667808884289116e-05
_l8 = 9.543724672766984e-07
_l6 = 8.29530449664162e-07
_l4 = 7.726541184638336e-07
_l10 = 9.104718401431455e-07
_l1 = 3e-07
_l0 = 8.281359669126687e-07
----
Design Variables
----
_w8 = 9.99580038296699e-07
_w6 = 7.143007678678259e-05
_w4 = 2.1953093892079778e-05
_w10 = 8.119473022816237e-06
_w1 = 4.605727554007899e-06
_w0 = 6.342288543237373e-05
_l8 = 9.537554888083832e-07
_l6 = 8.460827416456596e-07
_l4 = 7.881733381509548e-07
_l10 = 9.472520332565182e-07
_l1 = 3e-07
_l0 = 9.102998888010916e-07
----
Design Variables
----
_w8 = 9.99799794954015e-07
_w6 = 7.18018927727826e-05
_w4 = 2.1566138457274064e-05
_w10 = 8.332685865752865e-06
_w1 = 4.167313363723224e-06
_w0 = 5.926021549385041e-05
_l8 = 9.562926379658165e-07
_l6 = 8.504547963639197e-07
_l4 = 7.913076842669398e-07
_l10 = 9.468395774092642e-07
_l1 = 3e-07
_l0 = 9.069124757843383e-07
----
Design Variables
----
_w8 = 9.990608305088244e-07
_w6 = 7.227062451420352e-05
_w4 = 2.234594285255298e-05
_w10 = 7.788202310621273e-06
_w1 = 5.071917712484719e-06
_w0 = 6.895806291140616e-05
_l8 = 9.533515026305395e-07
_l6 = 8.53570213621424e-07
_l4 = 7.97548068476317e-07
_l10 = 9.490377692600305e-07
_l1 = 3e-07
_l0 = 9.31325246256165e-07
----
Design Variables
----
_w8 = 9.99174517346546e-07
_w6 = 7.196524529717863e-05
_w4 = 2.228304947493598e-05
_w10 = 7.831585207895841e-06
_w1 = 4.980890935257776e-06
_w0 = 6.786689482396469e-05
_l8 = 9.53323933572392e-07
_l6 = 8.506422091159038e-07
_l4 = 7.943793320919212e-07
_l10 = 9.490211709817231e-07
_l1 = 3e-07
_l0 = 9.261190143661224e-07
----
Design Variables
----
_w8 = 1.0004432624555193e-06
_w6 = 7.023129728622735e-05
_w4 = 1.9865145077346824e-05
_w10 = 9.533243428450078e-06
_w1 = 2.953938292193925e-06
_w0 = 4.58634203823749e-05
_l8 = 9.534077207717928e-07
_l6 = 8.370410569114028e-07
_l4 = 7.786821925037657e-07
_l10 = 9.122679784923093e-07
_l1 = 3e-07
_l0 = 8.314453907587449e-07
----
Design Variables
----
_w8 = 1.0001539294535178e-06
_w6 = 7.137911597965285e-05
_w4 = 2.097121614497155e-05
_w10 = 9.233666787622496e-06
_w1 = 3.6669337077910313e-06
_w0 = 5.330807471182197e-05
_l8 = 9.544336307953927e-07
_l6 = 8.4814649881082e-07
_l4 = 7.894852274148434e-07
_l10 = 9.248990409105318e-07
_l1 = 3e-07
_l0 = 8.560778042010497e-07
----
Design Variables
----
_w8 = 9.995293339670752e-07
_w6 = 7.10582171450369e-05
_w4 = 2.209019658039324e-05
_w10 = 7.976839697221294e-06
_w1 = 4.688585249823518e-06
_w0 = 6.49252615403384e-05
_l8 = 9.515682677374571e-07
_l6 = 8.412495731136005e-07
_l4 = 7.842962190807157e-07
_l10 = 9.466223218623782e-07
_l1 = 3e-07
_l0 = 9.097443580685649e-07
----
Design Variables
----
_w8 = 1.00042825579294e-06
_w6 = 6.992668932070956e-05
_w4 = 1.9792958482867107e-05
_w10 = 9.767217306944076e-06
_w1 = 3.0058581614866853e-06
_w0 = 4.559072112897411e-05
_l8 = 9.521377251076046e-07
_l6 = 8.347728908120189e-07
_l4 = 7.772820254103863e-07
_l10 = 9.043650948115101e-07
_l1 = 3e-07
_l0 = 8.147785592882428e-07
----
Design Variables
----
_w8 = 1.0002087265092996e-06
_w6 = 7.006222585914657e-05
_w4 = 2.0292662156862207e-05
_w10 = 7.955663932079915e-06
_w1 = 2.988881078636041e-06
_w0 = 5.021374090574682e-05
_l8 = 9.556540589983342e-07
_l6 = 8.300336276079179e-07
_l4 = 7.719526138316724e-07
_l10 = 9.464449135521136e-07
_l1 = 3e-07
_l0 = 9.030484307004372e-07
----
Design Variables
----
_w8 = 1.0003415127357584e-06
_w6 = 7.016546442173421e-05
_w4 = 2.019871499214787e-05
_w10 = 9.574565410730429e-06
_w1 = 3.242641923861811e-06
_w0 = 4.845187868340872e-05
_l8 = 9.517428907201975e-07
_l6 = 8.364282848560833e-07
_l4 = 7.788988227730442e-07
_l10 = 9.097602173824271e-07
_l1 = 3e-07
_l0 = 8.255090051534353e-07
----
Design Variables
----
_w8 = 9.990463922804338e-07
_w6 = 7.2380447818432e-05
_w4 = 2.2360565708368085e-05
_w10 = 7.81110065872781e-06
_w1 = 5.122503353049979e-06
_w0 = 6.912401295267045e-05
_l8 = 9.536821607980528e-07
_l6 = 8.549624794795818e-07
_l4 = 7.987553090060828e-07
_l10 = 9.49178854625643e-07
_l1 = 3e-07
_l0 = 9.321989864474745e-07
----
Design Variables
----
_w8 = 9.992687637350173e-07
_w6 = 7.163436384871602e-05
_w4 = 2.2248599634622224e-05
_w10 = 7.892297617217992e-06
_w1 = 4.9428454076405615e-06
_w0 = 6.705757550662383e-05
_l8 = 9.532633384878864e-07
_l6 = 8.47669127779227e-07
_l4 = 7.912126989140233e-07
_l10 = 9.486362273491977e-07
_l1 = 3e-07
_l0 = 9.199239343615773e-07
----
Design Variables
----
_w8 = 1.0000711654356564e-06
_w6 = 7.164659473346546e-05
_w4 = 2.1236828615656123e-05
_w10 = 8.367241207452025e-06
_w1 = 3.6553180962073384e-06
_w0 = 5.555972529691644e-05
_l8 = 9.564425909047714e-07
_l6 = 8.478962740809948e-07
_l4 = 7.883153330112691e-07
_l10 = 9.466846790928685e-07
_l1 = 3e-07
_l0 = 9.025108056448516e-07
----
Design Variables
----
_w8 = 9.99009557745012e-07
_w6 = 7.247985195135698e-05
_w4 = 2.23667284444673e-05
_w10 = 7.771895070618484e-06
_w1 = 5.118881290400168e-06
_w0 = 6.926058995304629e-05
_l8 = 9.541322469885927e-07
_l6 = 8.55918415254564e-07
_l4 = 7.998154387678369e-07
_l10 = 9.501154067947937e-07
_l1 = 3e-07
_l0 = 9.349417950943462e-07
----
Design Variables
----
_w8 = 1.000114252747153e-06
_w6 = 7.157240179367363e-05
_w4 = 2.1012216166127473e-05
_w10 = 8.986982720671222e-06
_w1 = 3.62427795153053e-06
_w0 = 5.3589763410855085e-05
_l8 = 9.558626743455534e-07
_l6 = 8.494313874507498e-07
_l4 = 7.906214705144521e-07
_l10 = 9.31578028939839e-07
_l1 = 3e-07
_l0 = 8.7004474380592e-07
----
Design Variables
----
_w8 = 1.0003925581258954e-06
_w6 = 7.083381933625787e-05
_w4 = 2.0025505364174023e-05
_w10 = 9.702231182018295e-06
_w1 = 2.9908394481026335e-06
_w0 = 4.603184061124921e-05
_l8 = 9.55490349952015e-07
_l6 = 8.440901524409128e-07
_l4 = 7.861093536121189e-07
_l10 = 9.114413046518166e-07
_l1 = 3e-07
_l0 = 8.266096642728371e-07
----
Design Variables
----
_w8 = 1.00041029327258e-06
_w6 = 7.023521902738139e-05
_w4 = 1.996216451516375e-05
_w10 = 9.421122740604915e-06
_w1 = 3.0096257432887796e-06
_w0 = 4.66955425508786e-05
_l8 = 9.532516855870199e-07
_l6 = 8.366607175958052e-07
_l4 = 7.783596629451495e-07
_l10 = 9.145984449787647e-07
_l1 = 3e-07
_l0 = 8.36523156522162e-07
----
Design Variables
----
_w8 = 1.000241240944888e-06
_w6 = 7.032805297058076e-05
_w4 = 2.069404763460625e-05
_w10 = 9.293802577303723e-06
_w1 = 3.547342657839181e-06
_w0 = 5.214843258727342e-05
_l8 = 9.507126605967642e-07
_l6 = 8.368991757379263e-07
_l4 = 7.792583573973388e-07
_l10 = 9.167494567918766e-07
_l1 = 3e-07
_l0 = 8.39936433294497e-07
----
Design Variables
----
_w8 = 9.999084795708768e-07
_w6 = 7.080575596773997e-05
_w4 = 2.165430851164274e-05
_w10 = 8.430876732745674e-06
_w1 = 4.2286451389372814e-06
_w0 = 6.022109664627351e-05
_l8 = 9.50601247495797e-07
_l6 = 8.392230483877938e-07
_l4 = 7.8105313150445e-07
_l10 = 9.382413281855406e-07
_l1 = 3e-07
_l0 = 8.877881327862269e-07
----
Design Variables
----
_w8 = 1.0003941497416236e-06
_w6 = 7.01159515301697e-05
_w4 = 2.0004674297524616e-05
_w10 = 9.702000170364045e-06
_w1 = 3.122228235952207e-06
_w0 = 4.6947792725404724e-05
_l8 = 9.521026527181675e-07
_l6 = 8.364248742509517e-07
_l4 = 7.788008247189282e-07
_l10 = 9.069287898455514e-07
_l1 = 3e-07
_l0 = 8.196017233785824e-07
----
Design Variables
----
_w8 = 9.994614629249554e-07
_w6 = 7.126521086320281e-05
_w4 = 2.2070007617003284e-05
_w10 = 7.829324204067234e-06
_w1 = 4.575092589220731e-06
_w0 = 6.512150866910815e-05
_l8 = 9.516102750239952e-07
_l6 = 8.423090207543282e-07
_l4 = 7.859025004108844e-07
_l10 = 9.48099909692246e-07
_l1 = 3e-07
_l0 = 9.170129828817153e-07
----
Design Variables
----
_w8 = 1.0003831221183646e-06
_w6 = 6.986575317569077e-05
_w4 = 1.9995182810816914e-05
_w10 = 9.587138265487738e-06
_w1 = 3.1429544833372347e-06
_w0 = 4.7334557166323066e-05
_l8 = 9.512679071121966e-07
_l6 = 8.333838650287362e-07
_l4 = 7.758663969070767e-07
_l10 = 9.079322467187012e-07
_l1 = 3e-07
_l0 = 8.226887757700752e-07
----
Design Variables
----
_w8 = 1.0001992905017687e-06
_w6 = 7.110380829544738e-05
_w4 = 2.1094352632644586e-05
_w10 = 8.964379048848059e-06
_w1 = 3.6797709981328808e-06
_w0 = 5.4423013352788985e-05
_l8 = 9.527196880299016e-07
_l6 = 8.43763359625882e-07
_l4 = 7.847064580346341e-07
_l10 = 9.299055818701163e-07
_l1 = 3e-07
_l0 = 8.669198905408848e-07
----
Design Variables
----
_w8 = 9.990660601033596e-07
_w6 = 7.21362594049424e-05
_w4 = 2.2410376914194785e-05
_w10 = 7.912861292425077e-06
_w1 = 5.2442737796809524e-06
_w0 = 6.936988938832656e-05
_l8 = 9.533165439279401e-07
_l6 = 8.532487072443473e-07
_l4 = 7.969373996274953e-07
_l10 = 9.474798048358934e-07
_l1 = 3e-07
_l0 = 9.254484893972403e-07
----
Design Variables
----
_w8 = 1.000233510239923e-06
_w6 = 7.059839117573574e-05
_w4 = 2.080986632790882e-05
_w10 = 9.190840501105413e-06
_w1 = 3.5638879580801586e-06
_w0 = 5.270399560686201e-05
_l8 = 9.515003966953373e-07
_l6 = 8.392997870032559e-07
_l4 = 7.812409421603661e-07
_l10 = 9.209828704115353e-07
_l1 = 3e-07
_l0 = 8.483958140459436e-07
----
Design Variables
----
_w8 = 1.0003928991864086e-06
_w6 = 7.067253318382427e-05
_w4 = 2.0200748622301035e-05
_w10 = 9.672584383224603e-06
_w1 = 3.1575946195516735e-06
_w0 = 4.7612069465685636e-05
_l8 = 9.535792742099147e-07
_l6 = 8.420408335041429e-07
_l4 = 7.837489874873427e-07
_l10 = 9.114405088439526e-07
_l1 = 3e-07
_l0 = 8.276315384136979e-07
----
Design Variables
----
_w8 = 1.0004329169532866e-06
_w6 = 6.933645636308938e-05
_w4 = 1.961752241186332e-05
_w10 = 9.669543032941874e-06
_w1 = 2.9676780286536086e-06
_w0 = 4.5220374886412174e-05
_l8 = 9.505768616691057e-07
_l6 = 8.283050760837796e-07
_l4 = 7.712186516073416e-07
_l10 = 9.027988312482194e-07
_l1 = 3e-07
_l0 = 8.134506401802355e-07
----
Design Variables
----
_w8 = 9.989863656301168e-07
_w6 = 7.249413465615362e-05
_w4 = 2.24228497245349e-05
_w10 = 7.849481335142627e-06
_w1 = 5.261891601548996e-06
_w0 = 6.973590643610805e-05
_l8 = 9.54394295149541e-07
_l6 = 8.568484872739646e-07
_l4 = 8.00521888777439e-07
_l10 = 9.49428795138374e-07
_l1 = 3e-07
_l0 = 9.326779490947956e-07
----
Design Variables
----
_w8 = 1.0003298029914731e-06
_w6 = 7.107048440957442e-05
_w4 = 2.0585726815625094e-05
_w10 = 9.10908420337364e-06
_w1 = 3.2721186471462715e-06
_w0 = 5.038493691245094e-05
_l8 = 9.544936574457097e-07
_l6 = 8.439860721409786e-07
_l4 = 7.846817311474297e-07
_l10 = 9.270872283195786e-07
_l1 = 3e-07
_l0 = 8.609263204562012e-07
----
Design Variables
----
_w8 = 1.0002734143199632e-06
_w6 = 7.11464454070665e-05
_w4 = 2.0780913473572582e-05
_w10 = 9.472697456658352e-06
_w1 = 3.4843699268094497e-06
_w0 = 5.145216709934175e-05
_l8 = 9.534686000733927e-07
_l6 = 8.460802405352297e-07
_l4 = 7.877234793340904e-07
_l10 = 9.182370490634639e-07
_l1 = 3e-07
_l0 = 8.404787195104291e-07
----
Design Variables
----
_w8 = 9.989506679630722e-07
_w6 = 7.265239401021972e-05
_w4 = 2.2450891265179962e-05
_w10 = 7.878402357164305e-06
_w1 = 5.355662779038539e-06
_w0 = 6.984416540944949e-05
_l8 = 9.55879158937023e-07
_l6 = 8.593272582402278e-07
_l4 = 8.026720479392679e-07
_l10 = 9.510335985396523e-07
_l1 = 3e-07
_l0 = 9.345515650238667e-07
----
Design Variables
----
_w8 = 9.993809726438485e-07
_w6 = 7.141231617424637e-05
_w4 = 2.2111056750873104e-05
_w10 = 7.772098797431681e-06
_w1 = 4.612800239556236e-06
_w0 = 6.580276385648176e-05
_l8 = 9.516508612250618e-07
_l6 = 8.435580411969568e-07
_l4 = 7.875343612795405e-07
_l10 = 9.48353090279852e-07
_l1 = 3e-07
_l0 = 9.203276931657456e-07
----
Design Variables
----
_w8 = 1.0004009709518868e-06
_w6 = 7.076012843754143e-05
_w4 = 2.0126604795223102e-05
_w10 = 9.667916856415104e-06
_w1 = 3.08184212371998e-06
_w0 = 4.6958124585216865e-05
_l8 = 9.54362008087628e-07
_l6 = 8.430047273577657e-07
_l4 = 7.846634275665565e-07
_l10 = 9.120784625338274e-07
_l1 = 3e-07
_l0 = 8.288930075650569e-07
----
Design Variables
----
_w8 = 1.0004414434661157e-06
_w6 = 6.917973223607987e-05
_w4 = 1.94500717043411e-05
_w10 = 9.816239980864339e-06
_w1 = 2.89785816676158e-06
_w0 = 4.410660039866343e-05
_l8 = 9.5052774895521e-07
_l6 = 8.2731907014022e-07
_l4 = 7.70721896969917e-07
_l10 = 8.981169798971678e-07
_l1 = 3e-07
_l0 = 8.036897725105518e-07
----
Design Variables
----
_w8 = 9.993974572353181e-07
_w6 = 7.118279609130695e-05
_w4 = 2.2200460080057383e-05
_w10 = 8.027761396078859e-06
_w1 = 4.902784894511569e-06
_w0 = 6.622613000217825e-05
_l8 = 9.519466175333946e-07
_l6 = 8.433277116637328e-07
_l4 = 7.867734552746697e-07
_l10 = 9.452728022552037e-07
_l1 = 3e-07
_l0 = 9.084117209567921e-07
----
Design Variables
----
_w8 = 9.99838562165678e-07
_w6 = 7.116713823052123e-05
_w4 = 2.153288369299844e-05
_w10 = 8.812417036097031e-06
_w1 = 4.289550815883558e-06
_w0 = 5.921784759266302e-05
_l8 = 9.52495327055658e-07
_l6 = 8.451538064946362e-07
_l4 = 7.872806691011647e-07
_l10 = 9.312395263805229e-07
_l1 = 3e-07
_l0 = 8.734361358619935e-07
----
Design Variables
----
_w8 = 1.000426664177212e-06
_w6 = 6.938382284715772e-05
_w4 = 1.966567106137518e-05
_w10 = 9.667264748713933e-06
_w1 = 2.995542217831826e-06
_w0 = 4.550990342977457e-05
_l8 = 9.505587286184891e-07
_l6 = 8.287688615382649e-07
_l4 = 7.71651798459061e-07
_l10 = 9.031354011312942e-07
_l1 = 3e-07
_l0 = 8.139793976624787e-07
----
Design Variables
----
_w8 = 1.0003618626797106e-06
_w6 = 7.078373164404184e-05
_w4 = 2.03881772904424e-05
_w10 = 9.288859473599587e-06
_w1 = 3.2082273264677497e-06
_w0 = 4.916675970889628e-05
_l8 = 9.538275662634987e-07
_l6 = 8.417107437708182e-07
_l4 = 7.827960644135601e-07
_l10 = 9.211709084411268e-07
_l1 = 3e-07
_l0 = 8.488612479595758e-07
----
Design Variables
----
_w8 = 9.999084795708768e-07
_w6 = 7.100878428900614e-05
_w4 = 2.1485368051799014e-05
_w10 = 8.8158385551651e-06
_w1 = 4.196784175292123e-06
_w0 = 5.867629806743935e-05
_l8 = 9.517251555735129e-07
_l6 = 8.431175615442044e-07
_l4 = 7.852173098399362e-07
_l10 = 9.304965260525933e-07
_l1 = 3e-07
_l0 = 8.711189138921327e-07
----
Design Variables
----
_w8 = 9.990640137402806e-07
_w6 = 7.215003279270604e-05
_w4 = 2.241598122054711e-05
_w10 = 7.91502225183649e-06
_w1 = 5.2460277402133215e-06
_w0 = 6.960249447729439e-05
_l8 = 9.525861059955787e-07
_l6 = 8.530758464075916e-07
_l4 = 7.96846052253386e-07
_l10 = 9.464072832088277e-07
_l1 = 3e-07
_l0 = 9.251747314920067e-07
----
Design Variables
----
_w8 = 9.992736522690393e-07
_w6 = 7.157382788136601e-05
_w4 = 2.2263584469328634e-05
_w10 = 7.920825737528503e-06
_w1 = 4.976605396223022e-06
_w0 = 6.718906661262736e-05
_l8 = 9.529617841508298e-07
_l6 = 8.471759542771906e-07
_l4 = 7.907102030912938e-07
_l10 = 9.478752645009081e-07
_l1 = 3e-07
_l0 = 9.180322422253084e-07
----
Design Variables
----
_w8 = 9.99250460154144e-07
_w6 = 7.173747872002423e-05
_w4 = 2.2227166482480243e-05
_w10 = 7.826421096979175e-06
_w1 = 4.872397312283283e-06
_w0 = 6.70372464810498e-05
_l8 = 9.531883051749901e-07
_l6 = 8.481524673698004e-07
_l4 = 7.918849860288901e-07
_l10 = 9.492497383689624e-07
_l1 = 3e-07
_l0 = 9.233665991814632e-07
----
Design Variables
----
_w8 = 9.998778978115297e-07
_w6 = 7.14913840056397e-05
_w4 = 2.1393316274043173e-05
_w10 = 8.765644452068955e-06
_w1 = 4.088360583409667e-06
_w0 = 5.7671339163789526e-05
_l8 = 9.54723873292096e-07
_l6 = 8.484425393362471e-07
_l4 = 7.901796834630659e-07
_l10 = 9.346521778752503e-07
_l1 = 3e-07
_l0 = 8.797305781627074e-07
----
Design Variables
----
_w8 = 1.000182805910299e-06
_w6 = 7.100786024238914e-05
_w4 = 2.1034609744674526e-05
_w10 = 9.194916856358759e-06
_w1 = 3.696946578202187e-06
_w0 = 5.395049083745107e-05
_l8 = 9.52347477323201e-07
_l6 = 8.436799134869943e-07
_l4 = 7.853760166653956e-07
_l10 = 9.233372111339122e-07
_l1 = 3e-07
_l0 = 8.525112207280472e-07
----
Design Variables
----
_w8 = 1.000436441245256e-06
_w6 = 7.0035363023635e-05
_w4 = 1.9769842765526846e-05
_w10 = 9.909015716402791e-06
_w1 = 2.9935081329313107e-06
_w0 = 4.514612737693824e-05
_l8 = 9.524852657705196e-07
_l6 = 8.364485779566166e-07
_l4 = 7.790653739903064e-07
_l10 = 9.017282991408138e-07
_l1 = 3e-07
_l0 = 8.085304443739005e-07
----
Design Variables
----
_w8 = 9.991779279516777e-07
_w6 = 7.174738857429475e-05
_w4 = 2.237762964796275e-05
_w10 = 7.988269317138474e-06
_w1 = 5.1964980229968205e-06
_w0 = 6.879966531414539e-05
_l8 = 9.518665819996386e-07
_l6 = 8.49168714012194e-07
_l4 = 7.927926617412595e-07
_l10 = 9.450246807318763e-07
_l1 = 3e-07
_l0 = 9.173149351227039e-07
----
Design Variables
----
_w8 = 1.000404608930694e-06
_w6 = 7.07555518602021e-05
_w4 = 2.0083858544239774e-05
_w10 = 9.904517355607823e-06
_w1 = 3.095702595601324e-06
_w0 = 4.6455024858005345e-05
_l8 = 9.541773806631682e-07
_l6 = 8.438561280854628e-07
_l4 = 7.859358674977557e-07
_l10 = 9.063489869731711e-07
_l1 = 3e-07
_l0 = 8.16090619082388e-07
----
Design Variables
----
_w8 = 9.991456408897648e-07
_w6 = 7.203360291896388e-05
_w4 = 2.23301522055408e-05
_w10 = 7.8811190178385e-06
_w1 = 5.087767476652516e-06
_w0 = 6.846418546047062e-05
_l8 = 9.530019156045455e-07
_l6 = 8.516192337992834e-07
_l4 = 7.952668852340139e-07
_l10 = 9.478241054239334e-07
_l1 = 3e-07
_l0 = 9.25175015709101e-07
----
Design Variables
----
_w8 = 9.997697816288564e-07
_w6 = 7.135462510632351e-05
_w4 = 2.1708143322030082e-05
_w10 = 8.230651474150363e-06
_w1 = 4.2773253881023265e-06
_w0 = 6.0710943216690794e-05
_l8 = 9.539800203128834e-07
_l6 = 8.450993504993676e-07
_l4 = 7.86780674388865e-07
_l10 = 9.456550742470426e-07
_l1 = 3e-07
_l0 = 9.040810482474626e-07
----
Design Variables
----
_w8 = 9.994229230869678e-07
_w6 = 7.178338273661211e-05
_w4 = 2.2017504306859337e-05
_w10 = 7.773996912874281e-06
_w1 = 4.526551492745057e-06
_w0 = 6.460627628257498e-05
_l8 = 9.542341103951912e-07
_l6 = 8.479622692902922e-07
_l4 = 7.908490715635708e-07
_l10 = 9.526510211799177e-07
_l1 = 3e-07
_l0 = 9.278921879740665e-07
----
Design Variables
----
_w8 = 1.0001382406699122e-06
_w6 = 7.112140156095847e-05
_w4 = 2.1028894479968585e-05
_w10 = 9.257869351131376e-06
_w1 = 3.735603513632668e-06
_w0 = 5.396450433181599e-05
_l8 = 9.529745739200735e-07
_l6 = 8.453661735075002e-07
_l4 = 7.872559990573791e-07
_l10 = 9.221926688951498e-07
_l1 = 3e-07
_l0 = 8.503932349412935e-07
----
Design Variables
----
_w8 = 9.998822179113631e-07
_w6 = 7.131078018574044e-05
_w4 = 2.1489924620254897e-05
_w10 = 8.620318112662062e-06
_w1 = 4.138683834753465e-06
_w0 = 5.8598008763510734e-05
_l8 = 9.536141192256764e-07
_l6 = 8.458040952064039e-07
_l4 = 7.874558036746748e-07
_l10 = 9.370087923343817e-07
_l1 = 3e-07
_l0 = 8.849542041389213e-07
----
Design Variables
----
_w8 = 9.999097301260917e-07
_w6 = 7.131677557481453e-05
_w4 = 2.1546778953052126e-05
_w10 = 8.395648364967201e-06
_w1 = 4.108478606212884e-06
_w0 = 5.9037498431280255e-05
_l8 = 9.535663139104145e-07
_l6 = 8.448492962997989e-07
_l4 = 7.859114816710644e-07
_l10 = 9.42791757552186e-07
_l1 = 3e-07
_l0 = 8.974142815532105e-07
----
Design Variables
----
_w8 = 1.0002227099903394e-06
_w6 = 7.006579835433513e-05
_w4 = 2.0728246454382315e-05
_w10 = 9.18287241802318e-06
_w1 = 3.605538950068876e-06
_w0 = 5.287062595016323e-05
_l8 = 9.496116604168492e-07
_l6 = 8.337213444065128e-07
_l4 = 7.762263862787222e-07
_l10 = 9.175422519547283e-07
_l1 = 3e-07
_l0 = 8.425229225395015e-07
----
Design Variables
----
_w8 = 9.993651701734052e-07
_w6 = 7.123068644432351e-05
_w4 = 2.2241818442125805e-05
_w10 = 7.981927410583012e-06
_w1 = 4.933777745463885e-06
_w0 = 6.691135058645159e-05
_l8 = 9.510633844911354e-07
_l6 = 8.43285533846938e-07
_l4 = 7.868889611017948e-07
_l10 = 9.448559126212785e-07
_l1 = 3e-07
_l0 = 9.106839797823341e-07
----
Design Variables
----
_w8 = 9.997737606681767e-07
_w6 = 7.097837078617886e-05
_w4 = 2.1819680114276707e-05
_w10 = 8.20865807327209e-06
_w1 = 4.388331490190467e-06
_w0 = 6.193639273988083e-05
_l8 = 9.514498060525511e-07
_l6 = 8.406826168538828e-07
_l4 = 7.826528758414497e-07
_l10 = 9.435022434445273e-07
_l1 = 3e-07
_l0 = 9.00371560419444e-07
----
Design Variables
----
_w8 = 1.0000416068578488e-06
_w6 = 7.10857639205642e-05
_w4 = 2.1196618035901338e-05
_w10 = 9.170096745947376e-06
_w1 = 3.9460619518649764e-06
_w0 = 5.5747968872310594e-05
_l8 = 9.524450206299662e-07
_l6 = 8.449784445474506e-07
_l4 = 7.870031595302862e-07
_l10 = 9.23534116736846e-07
_l1 = 3e-07
_l0 = 8.54593224630662e-07
----
Design Variables
----
_w8 = 9.99367671283835e-07
_w6 = 7.129075675038621e-05
_w4 = 2.221095019194763e-05
_w10 = 7.926193575258367e-06
_w1 = 4.847162927035242e-06
_w0 = 6.681155355181545e-05
_l8 = 9.50579590153211e-07
_l6 = 8.431891274085501e-07
_l4 = 7.869688829487131e-07
_l10 = 9.448689297641977e-07
_l1 = 3e-07
_l0 = 9.130642979471304e-07
----
Design Variables
----
_w8 = 1.0003390116253286e-06
_w6 = 7.145574636524543e-05
_w4 = 2.06003496714402e-05
_w10 = 9.423843039257918e-06
_w1 = 3.268058662797557e-06
_w0 = 4.968567372998223e-05
_l8 = 9.55600285124092e-07
_l6 = 8.491941798638436e-07
_l4 = 7.900501373114821e-07
_l10 = 9.220956940225733e-07
_l1 = 3e-07
_l0 = 8.484232694172533e-07
----
Design Variables
----
_w8 = 9.992604645958636e-07
_w6 = 7.175250357249752e-05
_w4 = 2.220652822870761e-05
_w10 = 7.793553777446505e-06
_w1 = 4.805493517778814e-06
_w0 = 6.71079324092716e-05
_l8 = 9.520825869913097e-07
_l6 = 8.475103641103487e-07
_l4 = 7.914440516287868e-07
_l10 = 9.48132992562023e-07
_l1 = 3e-07
_l0 = 9.240898179996293e-07
----
Design Variables
----
_w8 = 1.0002554517996032e-06
_w6 = 7.090574945323169e-05
_w4 = 2.090581983793527e-05
_w10 = 8.967827852757182e-06
_w1 = 3.530866933942889e-06
_w0 = 5.3120875236345455e-05
_l8 = 9.525881523586577e-07
_l6 = 8.415975116804475e-07
_l4 = 7.825706234143581e-07
_l10 = 9.288125966122607e-07
_l1 = 3e-07
_l0 = 8.648533480482001e-07
----
Design Variables
----
_w8 = 1.0000719612435205e-06
_w6 = 7.142896356526762e-05
_w4 = 2.107068030454684e-05
_w10 = 9.126144504989497e-06
_w1 = 3.7704542137362296e-06
_w0 = 5.434920603875071e-05
_l8 = 9.547101171847316e-07
_l6 = 8.485403668601066e-07
_l4 = 7.901174967628322e-07
_l10 = 9.270492000723607e-07
_l1 = 3e-07
_l0 = 8.612967121734982e-07
----
Design Variables
----
_w8 = 9.996568905989989e-07
_w6 = 7.15030255378224e-05
_w4 = 2.1874246158404276e-05
_w10 = 8.070201147347689e-06
_w1 = 4.468299721338553e-06
_w0 = 6.246674456633627e-05
_l8 = 9.543749683871283e-07
_l6 = 8.464913889838499e-07
_l4 = 7.880153134465218e-07
_l10 = 9.497947530689999e-07
_l1 = 3e-07
_l0 = 9.14749023195327e-07
----
Design Variables
----
_w8 = 9.994899983212235e-07
_w6 = 7.088436541380361e-05
_w4 = 2.2132022422738373e-05
_w10 = 7.927333172119688e-06
_w1 = 4.6832687985443044e-06
_w0 = 6.570949335582554e-05
_l8 = 9.496191637481388e-07
_l6 = 8.385560477108811e-07
_l4 = 7.824365866326843e-07
_l10 = 9.4405896788885e-07
_l1 = 3e-07
_l0 = 9.073972364603833e-07
----
Design Variables
----
_w8 = 9.998851737691439e-07
_w6 = 7.142709364416078e-05
_w4 = 2.1486072000698186e-05
_w10 = 8.509595318173524e-06
_w1 = 4.088180503458716e-06
_w0 = 5.848437285749242e-05
_l8 = 9.54355527937878e-07
_l6 = 8.466286658403988e-07
_l4 = 7.880194630160986e-07
_l10 = 9.404107004229445e-07
_l1 = 3e-07
_l0 = 8.921190897126507e-07
----
Design Variables
----
_w8 = 9.996750804930343e-07
_w6 = 7.149144221330062e-05
_w4 = 2.186868186981883e-05
_w10 = 8.042274203035049e-06
_w1 = 4.443239504325902e-06
_w0 = 6.237904744921252e-05
_l8 = 9.543091437080875e-07
_l6 = 8.461788070235343e-07
_l4 = 7.87577846494969e-07
_l10 = 9.505400839771028e-07
_l1 = 3e-07
_l0 = 9.162384344563179e-07
----
Design Variables
----
_w8 = 9.998050245485501e-07
_w6 = 7.118811481632292e-05
_w4 = 2.171953019569628e-05
_w10 = 8.27210442366777e-06
_w1 = 4.294681275496259e-06
_w0 = 6.0865088016726077e-05
_l8 = 9.527698807687557e-07
_l6 = 8.432470508523693e-07
_l4 = 7.848562972867512e-07
_l10 = 9.438824122298684e-07
_l1 = 3e-07
_l0 = 9.006349159790261e-07
----

