Design Variables
----
_w8 = 9.93281560113246e-07
_w6 = 6.438101991079748e-05
_w4 = 1.1852245734189637e-05
_w10 = 7.443275535479188e-06
_w1 = 1.307057300437009e-05
_w0 = 9.620891796657816e-05
_l8 = 8.91416163995018e-07
_l6 = 7.643800472578732e-07
_l4 = 7.114003892638721e-07
_l10 = 6.105138936618459e-07
_l1 = 3.0762413416596246e-07
_l0 = 5.724431275666575e-07
----
Design Variables
----
_w8 = 1.0156849157283432e-06
_w6 = 0.0002607243659440428
_w4 = 5.010671156924218e-05
_w10 = 5.176464128453517e-06
_w1 = 6e-07
_w0 = 6e-07
_l8 = 1.1272528581685037e-06
_l6 = 2.4584132916061208e-06
_l4 = 2.0859890810243087e-06
_l10 = 1.3384820931605645e-06
_l1 = 3.750446921912953e-07
_l0 = 7.466055649274494e-07
----
Design Variables
----
_w8 = 1.0126566394319525e-06
_w6 = 0.00021194257715251297
_w4 = 4.166383951087482e-05
_w10 = 5.263084403850371e-06
_w1 = 1.1881058981089154e-06
_w0 = 6e-07
_l8 = 1.0928771416729433e-06
_l6 = 2.031983740380383e-06
_l4 = 1.7422025848645717e-06
_l10 = 1.2502642903200467e-06
_l1 = 3.5993113556287426e-07
_l0 = 6.690721647828468e-07
----
Design Variables
----
_w8 = 1.0343881058361148e-06
_w6 = 0.000498073932249099
_w4 = 9.558664169162512e-05
_w10 = 4.419592642079806e-06
_w1 = 2.4597406991233584e-06
_w0 = 6e-07
_l8 = 1.412505980624701e-06
_l6 = 4.552969585347455e-06
_l4 = 3.8014345591363963e-06
_l10 = 2.4566186311858473e-06
_l1 = 4.4453082637119223e-07
_l0 = 1.0600475661703967e-06
----
Design Variables
----
_w8 = 1.0502632221687236e-06
_w6 = 0.000675749615766108
_w4 = 0.00012943106412421912
_w10 = 6.142367510619806e-06
_w1 = 6e-07
_w0 = 6e-07
_l8 = 1.5651769444957608e-06
_l6 = 6.106461114541162e-06
_l4 = 5.050866093370132e-06
_l10 = 2.76656601272407e-06
_l1 = 4.965261268807808e-07
_l0 = 1.0971837127726758e-06
----
Design Variables
----
_w8 = 1.012306029224419e-06
_w6 = 0.00021676503820344806
_w4 = 4.243033254169859e-05
_w10 = 4.689014986070106e-06
_w1 = 6e-07
_w0 = 6e-07
_l8 = 1.0889748409681488e-06
_l6 = 2.0768957256223075e-06
_l4 = 1.7690014146864996e-06
_l10 = 1.3092610515741399e-06
_l1 = 3.542096180808585e-07
_l0 = 8.616097488811647e-07
----
Design Variables
----
_w8 = 1.027102484840725e-06
_w6 = 0.00038924941327422857
_w4 = 7.545239350292832e-05
_w10 = 5.648319984175032e-06
_w1 = 3.111824298684951e-06
_w0 = 6e-07
_l8 = 1.3274725461087655e-06
_l6 = 3.605594883993035e-06
_l4 = 3.0410205908992793e-06
_l10 = 2.1328230559447547e-06
_l1 = 4.300108855659346e-07
_l0 = 8.955863108894846e-07
----
Design Variables
----
_w8 = 1.0386989970356808e-06
_w6 = 0.000533033802639693
_w4 = 0.00010263805597787723
_w10 = 5.790301656816155e-06
_w1 = 6e-07
_w0 = 6e-07
_l8 = 1.438710114598507e-06
_l6 = 4.8577880988887046e-06
_l4 = 4.040794010506943e-06
_l10 = 2.4074604425550206e-06
_l1 = 4.557405475225096e-07
_l0 = 1.0036187632067595e-06
----
Design Variables
----
_w8 = 1.0276665989294997e-06
_w6 = 0.00039126991759985685
_w4 = 7.596056821057573e-05
_w10 = 6.095270691730548e-06
_w1 = 3.856557668768801e-06
_w0 = 6e-07
_l8 = 1.3348344509722665e-06
_l6 = 3.6259557418816257e-06
_l4 = 3.0635690109193092e-06
_l10 = 2.1511361865123035e-06
_l1 = 4.4028439560861443e-07
_l0 = 8.661661468067905e-07
----
Design Variables
----
_w8 = 1.026751306199003e-06
_w6 = 0.00037673526094295084
_w4 = 7.310461660381407e-05
_w10 = 5.859528300788952e-06
_w1 = 1.7649401797825703e-06
_w0 = 6e-07
_l8 = 1.3107304539516917e-06
_l6 = 3.4925756153825205e-06
_l4 = 2.9428324523905758e-06
_l10 = 2.0060508632013807e-06
_l1 = 4.219475613354007e-07
_l0 = 8.47240301027341e-07
----
Design Variables
----
_w8 = 1.0358412509958725e-06
_w6 = 0.0004880291235167533
_w4 = 9.434993262402713e-05
_w10 = 6.636294529016595e-06
_w1 = 2.3124716790334787e-06
_w0 = 6e-07
_l8 = 1.4271412283051177e-06
_l6 = 4.469855866773287e-06
_l4 = 3.7410222830658313e-06
_l10 = 2.334938244530349e-06
_l1 = 4.5923695779492846e-07
_l0 = 8.71577810812596e-07
----
Design Variables
----
_w8 = 1.0347914667363511e-06
_w6 = 0.0005333191365934908
_w4 = 0.00010083727829623967
_w10 = 2.31807166528597e-06
_w1 = 2.4382941319345264e-06
_w0 = 6e-07
_l8 = 1.4286995337897679e-06
_l6 = 4.855558017879957e-06
_l4 = 4.043812623422127e-06
_l10 = 2.6052816792798694e-06
_l1 = 4.3776586267085804e-07
_l0 = 1.1856213859573472e-06
----
Design Variables
----
_w8 = 1.041344035002112e-06
_w6 = 0.0005550017231144011
_w4 = 0.00010763746831798926
_w10 = 6.832498002040666e-06
_w1 = 4.3479763007781e-06
_w0 = 6e-07
_l8 = 1.4962669183660182e-06
_l6 = 5.059697741671698e-06
_l4 = 4.226625605951995e-06
_l10 = 2.6028619686258025e-06
_l1 = 4.87524516756821e-07
_l0 = 9.33921739942889e-07
----
Design Variables
----
_w8 = 1.0266237495670794e-06
_w6 = 0.0003746789589058608
_w4 = 7.306738552870229e-05
_w10 = 5.2089344535488635e-06
_w1 = 6e-07
_w0 = 6e-07
_l8 = 1.2833138498535845e-06
_l6 = 3.4675495044211857e-06
_l4 = 2.9073298719595186e-06
_l10 = 1.9210160644433927e-06
_l1 = 4.0639093867866904e-07
_l0 = 9.103109164243506e-07
----
Design Variables
----
_w8 = 1.0144556199520594e-06
_w6 = 0.0001671321806497872
_w4 = 3.2446485420223325e-05
_w10 = 8.560772585042287e-06
_w1 = 8.814182024252659e-07
_w0 = 6e-07
_l8 = 1.1216577604500344e-06
_l6 = 1.6521701127203414e-06
_l4 = 1.4640098697782378e-06
_l10 = 1.1736999567801831e-06
_l1 = 3.8766685861446604e-07
_l0 = 3.523694829254964e-07
----
Design Variables
----
_w8 = 1.0455422625454958e-06
_w6 = 0.0006379377446137369
_w4 = 0.00012170015543233603
_w10 = 4.607153641700279e-06
_w1 = 7.049282544357993e-07
_w0 = 6e-07
_l8 = 1.5323149682444637e-06
_l6 = 5.774802957603242e-06
_l4 = 4.788253136212006e-06
_l10 = 2.7885596409760183e-06
_l1 = 4.814610292669386e-07
_l0 = 1.1440350817792933e-06
----
Design Variables
----
_w8 = 1.010431560644065e-06
_w6 = 0.00017626796034164727
_w4 = 3.556981755536981e-05
_w10 = 5.3732046580989845e-06
_w1 = 1.4976585589465685e-06
_w0 = 1.8846019429474836e-06
_l8 = 1.0670365782061708e-06
_l6 = 1.7215411389770452e-06
_l4 = 1.490670570092334e-06
_l10 = 1.1965911426159437e-06
_l1 = 3.485438071493263e-07
_l0 = 6.441258051381737e-07
----
Design Variables
----
_w8 = 1.021319008032151e-06
_w6 = 0.000314623728627339
_w4 = 6.19645943515934e-05
_w10 = 5.741112545365468e-06
_w1 = 6e-07
_w0 = 6e-07
_l8 = 1.200499241349462e-06
_l6 = 2.93922062155616e-06
_l4 = 2.4737942112551536e-06
_l10 = 1.625273853278486e-06
_l1 = 3.87794500511518e-07
_l0 = 8.70252620188694e-07
----
Design Variables
----
_w8 = 1.027261760100373e-06
_w6 = 0.00044370093382894993
_w4 = 8.320037159137428e-05
_w10 = 1.497693460805749e-06
_w1 = 6e-07
_w0 = 6e-07
_l8 = 1.3267256235849345e-06
_l6 = 4.0654604163137265e-06
_l4 = 3.38923086928844e-06
_l10 = 2.276086888741702e-06
_l1 = 3.9699909848422976e-07
_l0 = 1.185103656098363e-06
----
Design Variables
----
_w8 = 1.034225078910822e-06
_w6 = 0.0004829913377761841
_w4 = 9.298853547079489e-05
_w10 = 5.361684998206329e-06
_w1 = 6e-07
_w0 = 6e-07
_l8 = 1.3945267482995405e-06
_l6 = 4.4200828597240616e-06
_l4 = 3.6869239465886494e-06
_l10 = 2.311582875336171e-06
_l1 = 4.3959136064586346e-07
_l0 = 9.962773219740484e-07
----
Design Variables
----
_w8 = 1.0384468396296143e-06
_w6 = 0.0005280281184241176
_w4 = 0.00010232704516965896
_w10 = 5.845664418302476e-06
_w1 = 3.920260951417731e-06
_w0 = 6e-07
_l8 = 1.4619949979532976e-06
_l6 = 4.821297352464171e-06
_l4 = 4.027908744319575e-06
_l10 = 2.558167352617602e-06
_l1 = 4.704848777237203e-07
_l0 = 1.0004276873587514e-06
----
Design Variables
----
_w8 = 9.994478205044288e-07
_w6 = 9.094780398299918e-05
_w4 = 1.7836617189459503e-05
_w10 = 5.419837179942988e-06
_w1 = 6.089501312089851e-06
_w0 = 5.3989038860891014e-05
_l8 = 9.527752240501286e-07
_l6 = 9.826080713537522e-07
_l4 = 8.911774784792215e-07
_l10 = 7.893323186181078e-07
_l1 = 3.121845111309085e-07
_l0 = 5.501079840541934e-07
----
Design Variables
----
_w8 = 1.015612269839039e-06
_w6 = 0.00020875909831374884
_w4 = 4.128275759285316e-05
_w10 = 6.632169061049353e-06
_w1 = 1.9997348772449186e-06
_w0 = 6e-07
_l8 = 1.1468847560536233e-06
_l6 = 2.012795221162378e-06
_l4 = 1.7488134744780837e-06
_l10 = 1.3969663541502086e-06
_l1 = 3.879897292335954e-07
_l0 = 4.852685719924921e-07
----
Design Variables
----
_w8 = 1.0224492825727793e-06
_w6 = 0.0003336017543915659
_w4 = 6.496404967037961e-05
_w10 = 4.669269401347265e-06
_w1 = 6.89432738454343e-07
_w0 = 6e-07
_l8 = 1.2475195489969337e-06
_l6 = 3.1092965855350485e-06
_l4 = 2.619031192807597e-06
_l10 = 1.866189904831117e-06
_l1 = 3.9215109381984803e-07
_l0 = 9.273347245652985e-07
----
Design Variables
----
_w8 = 1.0135804586752784e-06
_w6 = 0.00018544652266427875
_w4 = 3.721880420926027e-05
_w10 = 6.3774900809221435e-06
_w1 = 1.4471465874521527e-06
_w0 = 6e-07
_l8 = 1.109205982174899e-06
_l6 = 1.8060035245071049e-06
_l4 = 1.572613541611645e-06
_l10 = 1.2808530982511002e-06
_l1 = 3.7282802622939926e-07
_l0 = 5.137294465384912e-07
----
Design Variables
----
_w8 = 1.0178717957387562e-06
_w6 = 0.00026446013362146914
_w4 = 5.2001607400598004e-05
_w10 = 4.861092293140246e-06
_w1 = 8.243024467446958e-07
_w0 = 6e-07
_l8 = 1.1857073332066648e-06
_l6 = 2.503551968402462e-06
_l4 = 2.128770120179979e-06
_l10 = 1.6361470898118569e-06
_l1 = 3.78494007691188e-07
_l0 = 8.381933298551303e-07
----
Design Variables
----
_w8 = 1.0199235020991182e-06
_w6 = 0.0003023114986717701
_w4 = 5.8273959439247847e-05
_w10 = 5.818418685521465e-06
_w1 = 1.3052392660029e-06
_w0 = 6e-07
_l8 = 1.1783466788983787e-06
_l6 = 2.8216336431796663e-06
_l4 = 2.3884833808551775e-06
_l10 = 1.4410196627068217e-06
_l1 = 3.9341341562249e-07
_l0 = 6.320628926914651e-07
----
Design Variables
----
_w8 = 1.0271548944729147e-06
_w6 = 0.000392534100683406
_w4 = 7.596595241921023e-05
_w10 = 5.506537036126247e-06
_w1 = 2.175885128963273e-06
_w0 = 6e-07
_l8 = 1.326106712440378e-06
_l6 = 3.632000471043284e-06
_l4 = 3.057033381992369e-06
_l10 = 2.104763098031981e-06
_l1 = 4.2293382307434513e-07
_l0 = 9.021453593049955e-07
----
Design Variables
----
_w8 = 1.0294315870851278e-06
_w6 = 0.0004143671249039471
_w4 = 8.065471047302708e-05
_w10 = 6.101123744883807e-06
_w1 = 6e-07
_w0 = 6e-07
_l8 = 1.2954677686138893e-06
_l6 = 3.812808017755742e-06
_l4 = 3.1832958029553993e-06
_l10 = 1.8955845462187426e-06
_l1 = 4.190014806226827e-07
_l0 = 9.195220513902314e-07
----
Design Variables
----
_w8 = 1.0408491561975097e-06
_w6 = 0.0005508515168912709
_w4 = 0.00010676055535441265
_w10 = 6.6771881392924115e-06
_w1 = 3.832100901490776e-06
_w0 = 6e-07
_l8 = 1.4896228321958915e-06
_l6 = 5.021982815378578e-06
_l4 = 4.192908818367869e-06
_l10 = 2.574837481006398e-06
_l1 = 4.815639726984955e-07
_l0 = 9.389636375090049e-07
----
Design Variables
----
_w8 = 1.0404074828329613e-06
_w6 = 0.0005766843096353114
_w4 = 0.00010999952064594254
_w10 = 4.229652404319495e-06
_w1 = 6e-07
_w0 = 6e-07
_l8 = 1.4706698721056455e-06
_l6 = 5.237671757640783e-06
_l4 = 4.34962294093566e-06
_l10 = 2.6141201487916987e-06
_l1 = 4.59923427342801e-07
_l0 = 1.1345074426571955e-06
----
Design Variables
----
_w8 = 1.0144003681489266e-06
_w6 = 0.0002214741107309237
_w4 = 4.1973296902142465e-05
_w10 = 4.955911208526231e-06
_w1 = 2.382604861850268e-06
_w0 = 6.4447435761394445e-06
_l8 = 1.1099999710495467e-06
_l6 = 2.1058031052234583e-06
_l4 = 1.8166338122682646e-06
_l10 = 1.1173804068675963e-06
_l1 = 3.6414644455362577e-07
_l0 = 3.8831936421956925e-07
----
Design Variables
----
_w8 = 1.0187034149566898e-06
_w6 = 0.0002486920857336372
_w4 = 4.852541314903647e-05
_w10 = 7.099417871359037e-06
_w1 = 2.6982293093169574e-06
_w0 = 6e-07
_l8 = 1.2007884606646257e-06
_l6 = 2.3671082090004347e-06
_l4 = 2.0467077774810605e-06
_l10 = 1.5663243857488851e-06
_l1 = 4.0827720226843667e-07
_l0 = 4.693415576184634e-07
----
Design Variables
----
_w8 = 1.0562420129645034e-06
_w6 = 0.0007368397782556713
_w4 = 0.00014189508510753512
_w10 = 7.506331712647807e-06
_w1 = 1.2771213278028881e-06
_w0 = 6e-07
_l8 = 1.6514059097971767e-06
_l6 = 6.648179805779364e-06
_l4 = 5.505586614162894e-06
_l10 = 2.997071078425506e-06
_l1 = 5.331071406544652e-07
_l0 = 1.0290060572515358e-06
----
Design Variables
----
_w8 = 1.0119542821485084e-06
_w6 = 0.00016396517457906157
_w4 = 3.1507272069575265e-05
_w10 = 6.349107025016565e-06
_w1 = 1.7753912970874808e-06
_w0 = 6e-07
_l8 = 1.114697511184204e-06
_l6 = 1.620800503587816e-06
_l4 = 1.4378532569025992e-06
_l10 = 1.2792214647561195e-06
_l1 = 3.8113279288154445e-07
_l0 = 4.344239243891934e-07
----
Design Variables
----
_w8 = 1.0280735978085431e-06
_w6 = 0.0004483077791519463
_w4 = 8.443596016149968e-05
_w10 = 2.028782091656467e-06
_w1 = 6e-07
_w0 = 6e-07
_l8 = 1.336994614575815e-06
_l6 = 4.107795575691853e-06
_l4 = 3.426524244787288e-06
_l10 = 2.2945177988731302e-06
_l1 = 4.0369113207816554e-07
_l0 = 1.1575490361792617e-06
----
Design Variables
----
_w8 = 1.0524892104513128e-06
_w6 = 0.0007050170097500086
_w4 = 0.0001355225103907287
_w10 = 6.155602932267357e-06
_w1 = 2.832751079040463e-06
_w0 = 6e-07
_l8 = 1.6182719946300494e-06
_l6 = 6.368860795191722e-06
_l4 = 5.28159262103145e-06
_l10 = 3.0102094115136424e-06
_l1 = 5.203361297390074e-07
_l0 = 1.0986581173710874e-06
----
Design Variables
----
_w8 = 1.0637378409228404e-06
_w6 = 0.0008270875550806522
_w4 = 0.00015929542132653296
_w10 = 7.728494892944582e-06
_w1 = 1.9453532331681345e-06
_w0 = 6e-07
_l8 = 1.737155685077596e-06
_l6 = 7.440242825396126e-06
_l4 = 6.1517143876699265e-06
_l10 = 3.288220568720135e-06
_l1 = 5.65812854347314e-07
_l0 = 1.1013669336534804e-06
----
Design Variables
----
_w8 = 1.0210861773884972e-06
_w6 = 0.00029197108233347535
_w4 = 5.6404802307952195e-05
_w10 = 5.9605367823678534e-06
_w1 = 2.570605829532724e-06
_w0 = 6e-07
_l8 = 1.190210468848818e-06
_l6 = 2.725481181187206e-06
_l4 = 2.322247837582836e-06
_l10 = 1.3957907185613294e-06
_l1 = 3.9546677044199896e-07
_l0 = 4.2568692038003064e-07
----
Design Variables
----
_w8 = 1.0357208566347254e-06
_w6 = 0.0004982935497537255
_w4 = 9.525131463306025e-05
_w10 = 4.73548379886779e-06
_w1 = 6e-07
_w0 = 6e-07
_l8 = 1.371845428366214e-06
_l6 = 4.543852810456883e-06
_l4 = 3.7700854136346607e-06
_l10 = 2.1851285509910667e-06
_l1 = 4.36145427329393e-07
_l0 = 1.0701398878154578e-06
----
Design Variables
----
_w8 = 1.0346152521378826e-06
_w6 = 0.0004811141698155552
_w4 = 9.30518945096992e-05
_w10 = 6.0260695136094e-06
_w1 = 2.2981200800131774e-06
_w0 = 6e-07
_l8 = 1.4127271015240694e-06
_l6 = 4.407497272040928e-06
_l4 = 3.6859185001958394e-06
_l10 = 2.3398888515657745e-06
_l1 = 4.489092191306554e-07
_l0 = 9.274073704546026e-07
----

