Design Variables
----
_w8 = 1.0000728707382223e-06
_w6 = 7.246610766742378e-05
_w4 = 2.273200880154036e-05
_w10 = 7.179817657743115e-06
_w1 = 4.043586613988737e-06
_w0 = 6.558928726008162e-05
_l8 = 9.459866987526766e-07
_l6 = 8.507995516993105e-07
_l4 = 7.969302373567189e-07
_l10 = 9.339013899989368e-07
_l1 = 3e-07
_l0 = 9.179625521937851e-07
----
Design Variables
----
_w8 = 1.0000810561905382e-06
_w6 = 6.801934068789706e-05
_w4 = 1.968338619917631e-05
_w10 = 7.191582426457899e-06
_w1 = 3.096668478974607e-06
_w0 = 4.890015406999737e-05
_l8 = 9.522958634988754e-07
_l6 = 8.095576617961342e-07
_l4 = 7.565195687675441e-07
_l10 = 9.192891070597398e-07
_l1 = 3e-07
_l0 = 8.726032092454261e-07
----
Design Variables
----
_w8 = 1.0002895578509197e-06
_w6 = 6.644661334576085e-05
_w4 = 1.8014170564129017e-05
_w10 = 8.545438504370395e-06
_w1 = 2.9645020731550176e-06
_w0 = 3.9172078686533496e-05
_l8 = 9.59832277658279e-07
_l6 = 8.015455819077033e-07
_l4 = 7.454358410541317e-07
_l10 = 8.934579227570794e-07
_l1 = 3e-07
_l0 = 7.846959420021449e-07
----
Design Variables
----
_w8 = 1.0003109309764113e-06
_w6 = 6.672981544397771e-05
_w4 = 1.8529779481468722e-05
_w10 = 7.959906724863686e-06
_w1 = 2.835221039276803e-06
_w0 = 4.245949457981624e-05
_l8 = 9.55113819145481e-07
_l6 = 8.000097295735031e-07
_l4 = 7.454468118339719e-07
_l10 = 9.011694146465743e-07
_l1 = 3e-07
_l0 = 8.080055522441398e-07
----
Design Variables
----
_w8 = 1.0002021326727117e-06
_w6 = 6.775295332772657e-05
_w4 = 1.9340937797096558e-05
_w10 = 7.794399607519154e-06
_w1 = 3.2058942451840267e-06
_w0 = 4.7303710744017735e-05
_l8 = 9.540184464640333e-07
_l6 = 8.093594487945666e-07
_l4 = 7.552463898718997e-07
_l10 = 9.064046935236547e-07
_l1 = 3e-07
_l0 = 8.255505576926225e-07
----
Design Variables
----
_w8 = 1.0000277370636468e-06
_w6 = 7.194388308562338e-05
_w4 = 2.223934825451579e-05
_w10 = 7.329197160288459e-06
_w1 = 4.05619266530266e-06
_w0 = 6.312027835519984e-05
_l8 = 9.49595403199055e-07
_l6 = 8.471969863421691e-07
_l4 = 7.936400265862176e-07
_l10 = 9.269376732845558e-07
_l1 = 3e-07
_l0 = 8.88203430804424e-07
----
Design Variables
----
_w8 = 1.000419729280111e-06
_w6 = 6.526822835439816e-05
_w4 = 1.7504749848740175e-05
_w10 = 8.71288648340851e-06
_w1 = 2.9001460006838897e-06
_w0 = 3.7467551010195166e-05
_l8 = 9.571693908583256e-07
_l6 = 7.895657745393692e-07
_l4 = 7.335406735364813e-07
_l10 = 8.838972007652046e-07
_l1 = 3e-07
_l0 = 7.563025974377524e-07
----
Design Variables
----
_w8 = 1.000094243863714e-06
_w6 = 7.025201921351254e-05
_w4 = 2.158624556614086e-05
_w10 = 7.115608241292648e-06
_w1 = 3.8344255699485075e-06
_w0 = 6.0649723309325054e-05
_l8 = 9.454325322622026e-07
_l6 = 8.287642003779183e-07
_l4 = 7.759895765957481e-07
_l10 = 9.238615348294843e-07
_l1 = 3e-07
_l0 = 8.880824680090882e-07
----
Design Variables
----
_w8 = 1.0003983561546193e-06
_w6 = 6.530869723064825e-05
_w4 = 1.754397089825943e-05
_w10 = 8.557642104278784e-06
_w1 = 2.8266383651498472e-06
_w0 = 3.7489491660380736e-05
_l8 = 9.569447456669877e-07
_l6 = 7.893381166468316e-07
_l4 = 7.335592613344488e-07
_l10 = 8.873025763023179e-07
_l1 = 3e-07
_l0 = 7.679393547732616e-07
----
Design Variables
----
_w8 = 1.0000181873692782e-06
_w6 = 7.11674292688258e-05
_w4 = 2.1914340322837234e-05
_w10 = 7.0002492975618225e-06
_w1 = 3.7869524476263905e-06
_w0 = 6.13488518865779e-05
_l8 = 9.476410127717827e-07
_l6 = 8.380426379517303e-07
_l4 = 7.850542260712245e-07
_l10 = 9.314708790952864e-07
_l1 = 3e-07
_l0 = 9.103908951146877e-07
----
Design Variables
----
_w8 = 1.000171437226527e-06
_w6 = 6.861334986751899e-05
_w4 = 1.9987703126389533e-05
_w10 = 7.652649401279632e-06
_w1 = 3.3730177619872848e-06
_w0 = 5.090275953989476e-05
_l8 = 9.523342328066065e-07
_l6 = 8.167351097654318e-07
_l4 = 7.628024718542292e-07
_l10 = 9.114510817198607e-07
_l1 = 3e-07
_l0 = 8.425046189586283e-07
----
Design Variables
----
_w8 = 1.0000630936701782e-06
_w6 = 7.421406917273998e-05
_w4 = 2.3548516765004024e-05
_w10 = 7.596752311656019e-06
_w1 = 4.461202934180619e-06
_w0 = 6.9327128585428e-05
_l8 = 9.487501415605948e-07
_l6 = 8.702614309186174e-07
_l4 = 8.15046803381847e-07
_l10 = 9.343296483166341e-07
_l1 = 3e-07
_l0 = 9.115893249145302e-07
----
Design Variables
----
_w8 = 1.0000056818171288e-06
_w6 = 7.197218656074256e-05
_w4 = 2.2282345526036806e-05
_w10 = 7.264352916536154e-06
_w1 = 4.026155238534557e-06
_w0 = 6.316963845165446e-05
_l8 = 9.489535841566976e-07
_l6 = 8.473836032862891e-07
_l4 = 7.936620249893167e-07
_l10 = 9.300618444285647e-07
_l1 = 3e-07
_l0 = 9.037609629558574e-07
----
Design Variables
----
_w8 = 1.0001650707636145e-06
_w6 = 6.875801045680419e-05
_w4 = 1.997858635149896e-05
_w10 = 7.713647391938139e-06
_w1 = 3.372225819475716e-06
_w0 = 5.0615708460099995e-05
_l8 = 9.534307991998503e-07
_l6 = 8.186758577721776e-07
_l4 = 7.645664368283178e-07
_l10 = 9.111890335589123e-07
_l1 = 3e-07
_l0 = 8.397936426263186e-07
----
Design Variables
----
_w8 = 1.0001126611314248e-06
_w6 = 7.133345206966624e-05
_w4 = 2.2241161786951125e-05
_w10 = 7.365596502495464e-06
_w1 = 4.124663973925635e-06
_w0 = 6.397398828994483e-05
_l8 = 9.446163176107802e-07
_l6 = 8.403322340200248e-07
_l4 = 7.864298368076561e-07
_l10 = 9.256814337277319e-07
_l1 = 3e-07
_l0 = 8.9721271478993e-07
----
Design Variables
----
_w8 = 1.0000225074691116e-06
_w6 = 7.057173934299499e-05
_w4 = 2.1539577574003488e-05
_w10 = 7.068780632835114e-06
_w1 = 3.7846687064302387e-06
_w0 = 5.9794081607833505e-05
_l8 = 9.488874184171436e-07
_l6 = 8.325908993356279e-07
_l4 = 7.800433650118066e-07
_l10 = 9.254403607883432e-07
_l1 = 3e-07
_l0 = 8.857278999130358e-07
----
Design Variables
----
_w8 = 1.0002221415561507e-06
_w6 = 6.795371155021712e-05
_w4 = 1.9568366042221896e-05
_w10 = 7.74134423409123e-06
_w1 = 3.244954541514744e-06
_w0 = 4.8718229663791135e-05
_l8 = 9.523575386083394e-07
_l6 = 8.10561971320567e-07
_l4 = 7.565084843008663e-07
_l10 = 9.076880473912752e-07
_l1 = 3e-07
_l0 = 8.312382533404161e-07
----
Design Variables
----
_w8 = 1.0000503607443534e-06
_w6 = 7.348031067522243e-05
_w4 = 2.314254379598424e-05
_w10 = 7.44650333217578e-06
_w1 = 4.290021479391726e-06
_w0 = 6.730363384122029e-05
_l8 = 9.486754493082117e-07
_l6 = 8.625087843938672e-07
_l4 = 8.07858896223479e-07
_l10 = 9.337105666418211e-07
_l1 = 3e-07
_l0 = 9.108991889661411e-07
----
Design Variables
----
_w8 = 1.0001500641010352e-06
_w6 = 6.904310430400074e-05
_w4 = 2.0110192053834908e-05
_w10 = 7.656863999727648e-06
_w1 = 3.3724857075867476e-06
_w0 = 5.114909072290175e-05
_l8 = 9.539420489090844e-07
_l6 = 8.212592774725636e-07
_l4 = 7.672873607589281e-07
_l10 = 9.128409033110074e-07
_l1 = 3e-07
_l0 = 8.422271093877498e-07
----
Design Variables
----
_w8 = 1.000059114630858e-06
_w6 = 7.117172208381817e-05
_w4 = 2.1948999346932396e-05
_w10 = 7.064779765642015e-06
_w1 = 3.830410605587531e-06
_w0 = 6.178583862492815e-05
_l8 = 9.473075124333263e-07
_l6 = 8.379217319998133e-07
_l4 = 7.849915846236399e-07
_l10 = 9.288756928071962e-07
_l1 = 3e-07
_l0 = 8.985148838291934e-07
----
Design Variables
----
_w8 = 1.0003296893046354e-06
_w6 = 6.692937313346192e-05
_w4 = 1.864828482212033e-05
_w10 = 8.105757842713501e-06
_w1 = 2.971083404190722e-06
_w0 = 4.336885831435211e-05
_l8 = 9.553630206937669e-07
_l6 = 8.024042017495958e-07
_l4 = 7.477186727555818e-07
_l10 = 8.978494747680088e-07
_l1 = 3e-07
_l0 = 7.939746637930511e-07
----
Design Variables
----
_w8 = 1.0000705970014678e-06
_w6 = 7.00159216648899e-05
_w4 = 2.141784534614999e-05
_w10 = 7.197865215857746e-06
_w1 = 3.880588792526396e-06
_w0 = 5.991378930048086e-05
_l8 = 9.463067840442818e-07
_l6 = 8.271915703517152e-07
_l4 = 7.743910828139633e-07
_l10 = 9.212594136442931e-07
_l1 = 3e-07
_l0 = 8.801628723631438e-07
----
Design Variables
----
_w8 = 1.0001239161283593e-06
_w6 = 7.128903962438926e-05
_w4 = 2.2214635464479215e-05
_w10 = 7.3224728112109005e-06
_w1 = 4.084404736204306e-06
_w0 = 6.38299752608873e-05
_l8 = 9.446456488149124e-07
_l6 = 8.395555255447107e-07
_l4 = 7.85843440098688e-07
_l10 = 9.256460202777816e-07
_l1 = 3e-07
_l0 = 8.94812274054857e-07
----
Design Variables
----
_w8 = 1.0002662520491867e-06
_w6 = 6.757264054613188e-05
_w4 = 1.931381666508969e-05
_w10 = 7.859015568101313e-06
_w1 = 3.1997572023101384e-06
_w0 = 4.747603816213086e-05
_l8 = 9.525609243610234e-07
_l6 = 8.072003083725576e-07
_l4 = 7.530189236604201e-07
_l10 = 9.03779096006474e-07
_l1 = 3e-07
_l0 = 8.175690027201199e-07
----
Design Variables
----
_w8 = 1.0000733254855732e-06
_w6 = 7.332074164878577e-05
_w4 = 2.3197395421448164e-05
_w10 = 7.510812338296091e-06
_w1 = 4.3638401621137746e-06
_w0 = 6.802321877330542e-05
_l8 = 9.464354775445827e-07
_l6 = 8.608556072431384e-07
_l4 = 8.059110427893756e-07
_l10 = 9.327135899184213e-07
_l1 = 3e-07
_l0 = 9.155207862932002e-07
----
Design Variables
----
_w8 = 1.0002748922488536e-06
_w6 = 6.736769864801317e-05
_w4 = 1.918484122143127e-05
_w10 = 7.894475857028738e-06
_w1 = 3.169279807480052e-06
_w0 = 4.678559707826935e-05
_l8 = 9.525445534563914e-07
_l6 = 8.05411048077076e-07
_l4 = 7.51115919683798e-07
_l10 = 9.028972272062674e-07
_l1 = 3e-07
_l0 = 8.163060556398705e-07
----
Design Variables
----
_w8 = 1.0001110695156967e-06
_w6 = 6.920295709278435e-05
_w4 = 2.0842493540840223e-05
_w10 = 7.203837412816938e-06
_w1 = 3.6420738069864456e-06
_w0 = 5.6654069339856505e-05
_l8 = 9.472303759139322e-07
_l6 = 8.193576377379941e-07
_l4 = 7.666745318601897e-07
_l10 = 9.183873999063508e-07
_l1 = 3e-07
_l0 = 8.693423865224759e-07
----
Design Variables
----
_w8 = 1.0000912880059332e-06
_w6 = 6.967933586565778e-05
_w4 = 2.08442252187524e-05
_w10 = 7.347030987148173e-06
_w1 = 3.617248466980527e-06
_w0 = 5.587118721450679e-05
_l8 = 9.503832529844658e-07
_l6 = 8.253908276856237e-07
_l4 = 7.722126156295417e-07
_l10 = 9.1868582785537e-07
_l1 = 3e-07
_l0 = 8.647810432194092e-07
----
Design Variables
----
_w8 = 1.000367433334759e-06
_w6 = 6.615232996409759e-05
_w4 = 1.823487582441885e-05
_w10 = 8.164274731825572e-06
_w1 = 2.8630299766518874e-06
_w0 = 4.1345520003233105e-05
_l8 = 9.544856993670692e-07
_l6 = 7.949901146275806e-07
_l4 = 7.401330321954447e-07
_l10 = 8.950610776992107e-07
_l1 = 3e-07
_l0 = 7.905968573140854e-07
----
Design Variables
----
_w8 = 1.0000891279560165e-06
_w6 = 7.258851110236719e-05
_w4 = 2.2867738152854145e-05
_w10 = 7.447652933478821e-06
_w1 = 4.276535491953837e-06
_w0 = 6.665217370027676e-05
_l8 = 9.453939355807961e-07
_l6 = 8.532216497769696e-07
_l4 = 7.986064929355052e-07
_l10 = 9.307223649557272e-07
_l1 = 3e-07
_l0 = 9.121972652792465e-07
----
Design Variables
----
_w8 = 1.0003208217312931e-06
_w6 = 6.67540225549601e-05
_w4 = 1.835508010117337e-05
_w10 = 8.225366400438361e-06
_w1 = 2.8844949611084303e-06
_w0 = 4.129585067857988e-05
_l8 = 9.57557631409145e-07
_l6 = 8.019208053156035e-07
_l4 = 7.468334501936624e-07
_l10 = 8.967191433839616e-07
_l1 = 3e-07
_l0 = 7.895459930296056e-07
----
Design Variables
----
_w8 = 1.0000809425037005e-06
_w6 = 7.001768244663253e-05
_w4 = 2.086323729599826e-05
_w10 = 7.456238108716207e-06
_w1 = 3.621142923293519e-06
_w0 = 5.5509881349280477e-05
_l8 = 9.524979418529256e-07
_l6 = 8.296236728710937e-07
_l4 = 7.761403253425669e-07
_l10 = 9.183436304738279e-07
_l1 = 3e-07
_l0 = 8.59222211602173e-07
----
Design Variables
----
_w8 = 1.0003763009081013e-06
_w6 = 6.571882840944454e-05
_w4 = 1.7897686120704748e-05
_w10 = 8.241636351158377e-06
_w1 = 2.7623989353742218e-06
_w0 = 3.933842162950896e-05
_l8 = 9.552511528454488e-07
_l6 = 7.91450929682469e-07
_l4 = 7.363187251030467e-07
_l10 = 8.935184609981661e-07
_l1 = 3e-07
_l0 = 7.879149848122324e-07
----
Design Variables
----
_w8 = 1.0002548833654146e-06
_w6 = 6.433091766666621e-05
_w4 = 1.7018306607496925e-05
_w10 = 8.23665141069796e-06
_w1 = 2.6930620151688345e-06
_w0 = 3.457310231169686e-05
_l8 = 9.580877531334409e-07
_l6 = 7.798552701387962e-07
_l4 = 7.247486450978613e-07
_l10 = 8.922384040488396e-07
_l1 = 3e-07
_l0 = 7.921531732790754e-07
----
Design Variables
----
_w8 = 1.0000678685173625e-06
_w6 = 7.005697989370674e-05
_w4 = 2.1051040675956756e-05
_w10 = 7.391235158138443e-06
_w1 = 3.7166025776969036e-06
_w0 = 5.6913882872322574e-05
_l8 = 9.506455853625084e-07
_l6 = 8.294564395328052e-07
_l4 = 7.760750690977147e-07
_l10 = 9.196327255267533e-07
_l1 = 3e-07
_l0 = 8.683060741532245e-07
----
Design Variables
----
_w8 = 1.0001077725974028e-06
_w6 = 6.917464634170756e-05
_w4 = 2.0244615370756947e-05
_w10 = 7.532677955168765e-06
_w1 = 3.3757087294361554e-06
_w0 = 5.1760722271865234e-05
_l8 = 9.532289482194756e-07
_l6 = 8.22213053197629e-07
_l4 = 7.682685918553034e-07
_l10 = 9.169470445158368e-07
_l1 = 3e-07
_l0 = 8.60396312418743e-07
----
Design Variables
----
_w8 = 1.0000122756537166e-06
_w6 = 7.2814233135432e-05
_w4 = 2.269724427605979e-05
_w10 = 7.108752470230684e-06
_w1 = 3.964981260651257e-06
_w0 = 6.464929901994765e-05
_l8 = 9.494517598795937e-07
_l6 = 8.54764323321433e-07
_l4 = 8.010916872080998e-07
_l10 = 9.365484743284469e-07
_l1 = 3e-07
_l0 = 9.182080020764261e-07
----
Design Variables
----
_w8 = 1.0000220527217607e-06
_w6 = 7.193567580543458e-05
_w4 = 2.2271437046583742e-05
_w10 = 7.187094524852e-06
_w1 = 3.963847575505497e-06
_w0 = 6.307370495051146e-05
_l8 = 9.487812917541305e-07
_l6 = 8.464498932880815e-07
_l4 = 7.929724574751162e-07
_l10 = 9.307115647061437e-07
_l1 = 3e-07
_l0 = 9.033324204210658e-07
----
Design Variables
----
_w8 = 1.000342876977811e-06
_w6 = 6.593015132239088e-05
_w4 = 1.7831769582699053e-05
_w10 = 8.412360330112278e-06
_w1 = 2.8048173135175603e-06
_w0 = 3.845566970994696e-05
_l8 = 9.57743850449333e-07
_l6 = 7.951754810164857e-07
_l4 = 7.394352792289283e-07
_l10 = 8.93293474746315e-07
_l1 = 3e-07
_l0 = 7.86470707225817e-07
----
Design Variables
----
_w8 = 1.0002306680689799e-06
_w6 = 6.815375672886148e-05
_w4 = 1.9173834516550414e-05
_w10 = 7.99016470409697e-06
_w1 = 3.0409298688027775e-06
_w0 = 4.5295189920580015e-05
_l8 = 9.579676998328068e-07
_l6 = 8.147063113028707e-07
_l4 = 7.599963964821654e-07
_l10 = 9.052025689015863e-07
_l1 = 3e-07
_l0 = 8.120591701299418e-07
----
Design Variables
----
_w8 = 1.0000829888667795e-06
_w6 = 6.975805445108563e-05
_w4 = 2.1259385903249495e-05
_w10 = 7.317933068407001e-06
_w1 = 3.907832706318004e-06
_w0 = 5.922574928263202e-05
_l8 = 9.464509389545128e-07
_l6 = 8.25284530492354e-07
_l4 = 7.722651957919879e-07
_l10 = 9.183480074170802e-07
_l1 = 3e-07
_l0 = 8.722980169295624e-07
----
Design Variables
----
_w8 = 1.0003452644014033e-06
_w6 = 6.606624083360657e-05
_w4 = 1.788363624655176e-05
_w10 = 8.596715815656353e-06
_w1 = 2.9625168735947227e-06
_w0 = 3.898332215612754e-05
_l8 = 9.58617761170899e-07
_l6 = 7.974061304594215e-07
_l4 = 7.414647598125157e-07
_l10 = 8.894033953765756e-07
_l1 = 3e-07
_l0 = 7.709110718678858e-07
----
Design Variables
----
_w8 = 1.0001596137954039e-06
_w6 = 6.497529102489352e-05
_w4 = 1.7948785171029158e-05
_w10 = 6.909835519763874e-06
_w1 = 2.384722847637022e-06
_w0 = 3.977856977144256e-05
_l8 = 9.51350614286639e-07
_l6 = 7.785570232954342e-07
_l4 = 7.264576424859115e-07
_l10 = 9.147271953224845e-07
_l1 = 3e-07
_l0 = 8.657647754262143e-07
----
Design Variables
----
_w8 = 1.0003606121244957e-06
_w6 = 6.652443698840216e-05
_w4 = 1.8270393411512487e-05
_w10 = 8.297805834445171e-06
_w1 = 2.8885692699986976e-06
_w0 = 4.1128951124846935e-05
_l8 = 9.56699977905373e-07
_l6 = 7.996137583177187e-07
_l4 = 7.444585321536579e-07
_l10 = 8.939830991039344e-07
_l1 = 3e-07
_l0 = 7.81668973104388e-07
----
Design Variables
----
_w8 = 1.0000667316489853e-06
_w6 = 7.292830559890717e-05
_w4 = 2.2957099645282142e-05
_w10 = 7.419839221256552e-06
_w1 = 4.258262833900517e-06
_w0 = 6.674436735920608e-05
_l8 = 9.468270718571148e-07
_l6 = 8.567144504922908e-07
_l4 = 8.021353323783842e-07
_l10 = 9.324420489065233e-07
_l1 = 3e-07
_l0 = 9.134371339314384e-07
----
Design Variables
----
_w8 = 9.999961321227602e-07
_w6 = 7.151311729103327e-05
_w4 = 2.1952297174721025e-05
_w10 = 7.180690772656817e-06
_w1 = 3.9127012314565945e-06
_w0 = 6.148035026853904e-05
_l8 = 9.503604587735026e-07
_l6 = 8.426595741184428e-07
_l4 = 7.895770863797225e-07
_l10 = 9.278160746362119e-07
_l1 = 3e-07
_l0 = 8.904347623683861e-07
----
Design Variables
----
_w8 = 1.0001422197092324e-06
_w6 = 6.699867662973702e-05
_w4 = 1.901534960779827e-05
_w10 = 7.277343229361577e-06
_w1 = 2.8554541131597944e-06
_w0 = 4.5218923332868144e-05
_l8 = 9.524817983219691e-07
_l6 = 7.999936997293844e-07
_l4 = 7.467415912287834e-07
_l10 = 9.153573614639754e-07
_l1 = 3e-07
_l0 = 8.628709338154295e-07
----
Design Variables
----
_w8 = 1.000015004137822e-06
_w6 = 7.320530858123675e-05
_w4 = 2.293211582582444e-05
_w10 = 7.2392904257867485e-06
_w1 = 4.100749265489867e-06
_w0 = 6.591561395907775e-05
_l8 = 9.492146091361064e-07
_l6 = 8.591687787884439e-07
_l4 = 8.05023887551215e-07
_l10 = 9.363698723063862e-07
_l1 = 3e-07
_l0 = 9.193912546834326e-07
----
Design Variables
----
_w8 = 1.0001913324231282e-06
_w6 = 6.724856211803854e-05
_w4 = 1.885252640931867e-05
_w10 = 7.722484951955266e-06
_w1 = 2.9226014248706633e-06
_w0 = 4.397523298393935e-05
_l8 = 9.559370255374233e-07
_l6 = 8.047790629461815e-07
_l4 = 7.50659353343508e-07
_l10 = 9.078019616026722e-07
_l1 = 3e-07
_l0 = 8.299395517497032e-07
----
Design Variables
----
_w8 = 1.000238739834458e-06
_w6 = 6.56942866044119e-05
_w4 = 1.7654783732723445e-05
_w10 = 8.403784704569262e-06
_w1 = 2.904856955865398e-06
_w0 = 3.753651981242001e-05
_l8 = 9.59819658419292e-07
_l6 = 7.940240607240412e-07
_l4 = 7.38412381906528e-07
_l10 = 8.93502601684304e-07
_l1 = 3e-07
_l0 = 7.887636002124054e-07
----
Design Variables
----
_w8 = 1.0003705028793775e-06
_w6 = 6.590834527742118e-05
_w4 = 1.7909458620124497e-05
_w10 = 8.277858796645887e-06
_w1 = 2.7319194941810565e-06
_w0 = 3.902339449268766e-05
_l8 = 9.561898650645162e-07
_l6 = 7.937405257507635e-07
_l4 = 7.383571869468142e-07
_l10 = 8.945589797804132e-07
_l1 = 3e-07
_l0 = 7.904990866336448e-07
----
Design Variables
----
_w8 = 1.0003262786995037e-06
_w6 = 6.694584590150043e-05
_w4 = 1.882025389932096e-05
_w10 = 8.05792569735786e-06
_w1 = 3.074104597544647e-06
_w0 = 4.474702654988505e-05
_l8 = 9.536532843412715e-07
_l6 = 8.020078325898794e-07
_l4 = 7.474785093108949e-07
_l10 = 8.982138979263254e-07
_l1 = 3e-07
_l0 = 7.983244927345368e-07
----
Design Variables
----
_w8 = 1.0002064527725452e-06
_w6 = 6.805711018387228e-05
_w4 = 2.006907197937835e-05
_w10 = 7.470243417628808e-06
_w1 = 3.4479987789381994e-06
_w0 = 5.252165283309296e-05
_l8 = 9.477292337578547e-07
_l6 = 8.093165888567455e-07
_l4 = 7.560656740679406e-07
_l10 = 9.107495770876994e-07
_l1 = 3e-07
_l0 = 8.471209298477334e-07
----
Design Variables
----
_w8 = 1.0003354873333592e-06
_w6 = 6.636978650931269e-05
_w4 = 1.8080674635712057e-05
_w10 = 8.479790267301723e-06
_w1 = 2.9549942155426834e-06
_w0 = 3.9975871914066374e-05
_l8 = 9.583562814441393e-07
_l6 = 7.996580393410113e-07
_l4 = 7.440074796249974e-07
_l10 = 8.917772333916218e-07
_l1 = 3e-07
_l0 = 7.762139375699917e-07
----
Design Variables
----
_w8 = 1.0000445627156296e-06
_w6 = 6.999763718340546e-05
_w4 = 2.1380867110565305e-05
_w10 = 7.142631602619076e-06
_w1 = 3.838497832475696e-06
_w0 = 5.953131039859727e-05
_l8 = 9.46608508911595e-07
_l6 = 8.270561124845699e-07
_l4 = 7.742653451714432e-07
_l10 = 9.230331556864257e-07
_l1 = 3e-07
_l0 = 8.875868502400408e-07
----
Design Variables
----
_w8 = 1.0003587931350921e-06
_w6 = 6.61799349472858e-05
_w4 = 1.8051028746413067e-05
_w10 = 8.340576641785447e-06
_w1 = 2.856686023733346e-06
_w0 = 3.99436175939627e-05
_l8 = 9.570503607392311e-07
_l6 = 7.967028068378568e-07
_l4 = 7.414232072733284e-07
_l10 = 8.928598731472448e-07
_l1 = 3e-07
_l0 = 7.800833259352657e-07
----
Design Variables
----
_w8 = 1.0002542012443882e-06
_w6 = 6.744328129570931e-05
_w4 = 1.9077166143688373e-05
_w10 = 7.741834451735485e-06
_w1 = 2.969122760987375e-06
_w0 = 4.551391612039879e-05
_l8 = 9.540644896333106e-07
_l6 = 8.058425464696484e-07
_l4 = 7.517588755945326e-07
_l10 = 9.066588404493814e-07
_l1 = 3e-07
_l0 = 8.249251663983159e-07
----
Design Variables
----
_w8 = 1.000028873932024e-06
_w6 = 7.29816165403463e-05
_w4 = 2.2782405721955e-05
_w10 = 7.2302113949263e-06
_w1 = 4.061545951117296e-06
_w0 = 6.523989577544853e-05
_l8 = 9.497607607045211e-07
_l6 = 8.568260341235145e-07
_l4 = 8.029881541915529e-07
_l10 = 9.342223847852438e-07
_l1 = 3e-07
_l0 = 9.081807661459607e-07
----
Design Variables
----
_w8 = 1.0003117267842754e-06
_w6 = 6.695000047329813e-05
_w4 = 1.8880460629588924e-05
_w10 = 8.007942597032525e-06
_w1 = 3.0936826078686863e-06
_w0 = 4.5144719479139894e-05
_l8 = 9.530013471703569e-07
_l6 = 8.018358244044066e-07
_l4 = 7.473410619240894e-07
_l10 = 8.995608595796512e-07
_l1 = 3e-07
_l0 = 8.05422871508199e-07
----
Design Variables
----
_w8 = 1.0002954695664812e-06
_w6 = 6.671976734651253e-05
_w4 = 1.8218082914245315e-05
_w10 = 8.464458915113937e-06
_w1 = 2.9891041322116507e-06
_w0 = 4.040008570882492e-05
_l8 = 9.59341036832484e-07
_l6 = 8.034447205318429e-07
_l4 = 7.476817813767411e-07
_l10 = 8.941571536524862e-07
_l1 = 3e-07
_l0 = 7.833590416339575e-07
----
Design Variables
----
_w8 = 1.0003875559050357e-06
_w6 = 6.558548921020702e-05
_w4 = 1.771119968907442e-05
_w10 = 8.487967534165364e-06
_w1 = 2.84074440060067e-06
_w0 = 3.833642404060811e-05
_l8 = 9.569267831466277e-07
_l6 = 7.916335107438499e-07
_l4 = 7.360416134361003e-07
_l10 = 8.888892466529796e-07
_l1 = 3e-07
_l0 = 7.709332408012415e-07
----
Design Variables
----
_w8 = 1.0000361498896382e-06
_w6 = 7.351598469540477e-05
_w4 = 2.3132492060540244e-05
_w10 = 7.375862878689077e-06
_w1 = 4.233902018313529e-06
_w0 = 6.707430293317884e-05
_l8 = 9.489822900832223e-07
_l6 = 8.626586236459843e-07
_l4 = 8.081321993813617e-07
_l10 = 9.352493179903831e-07
_l1 = 3e-07
_l0 = 9.153687301477476e-07
----
Design Variables
----
_w8 = 1.000295583253319e-06
_w6 = 6.625461537623778e-05
_w4 = 1.8291286323801614e-05
_w10 = 7.928264494694304e-06
_w1 = 2.7655014491756447e-06
_w0 = 4.1169729229295626e-05
_l8 = 9.545340162731009e-07
_l6 = 7.955379146551422e-07
_l4 = 7.408357873828209e-07
_l10 = 9.020466222864343e-07
_l1 = 3e-07
_l0 = 8.180174404515128e-07
----
Design Variables
----
_w8 = 1.0002920589613495e-06
_w6 = 6.74444017931819e-05
_w4 = 1.8818243916030042e-05
_w10 = 8.18807711766567e-06
_w1 = 3.04599689116003e-06
_w0 = 4.388277739053592e-05
_l8 = 9.570636620992445e-07
_l6 = 8.083479201559385e-07
_l4 = 7.533300845352642e-07
_l10 = 8.990267019726161e-07
_l1 = 3e-07
_l0 = 7.957806360536779e-07
----
Design Variables
----
_w8 = 1.0000250085795415e-06
_w6 = 7.38411836209707e-05
_w4 = 2.3271097234101035e-05
_w10 = 7.525708042521728e-06
_w1 = 4.362518211564748e-06
_w0 = 6.777726230211556e-05
_l8 = 9.49746890910319e-07
_l6 = 8.667468023304536e-07
_l4 = 8.118237246890203e-07
_l10 = 9.340884616904077e-07
_l1 = 3e-07
_l0 = 9.112445127357205e-07
----
Design Variables
----
_w8 = 1.000026031761081e-06
_w6 = 7.040069613140076e-05
_w4 = 2.153135028493125e-05
_w10 = 7.05254205968231e-06
_w1 = 3.784607315537869e-06
_w0 = 5.9875226725125685e-05
_l8 = 9.474655371377594e-07
_l6 = 8.307591201628384e-07
_l4 = 7.780388386890991e-07
_l10 = 9.264398386221728e-07
_l1 = 3e-07
_l0 = 8.953883821050113e-07
----
Design Variables
----
_w8 = 1.0003183206208632e-06
_w6 = 6.656797631876543e-05
_w4 = 1.813202106859535e-05
_w10 = 8.499228897562716e-06
_w1 = 2.948881729025743e-06
_w0 = 3.995386214228347e-05
_l8 = 9.589138016963261e-07
_l6 = 8.019767960831814e-07
_l4 = 7.460814686055528e-07
_l10 = 8.933096182772715e-07
_l1 = 3e-07
_l0 = 7.822894758646726e-07
----
Design Variables
----
_w8 = 1.000411543827795e-06
_w6 = 6.544364441651851e-05
_w4 = 1.760933628247585e-05
_w10 = 8.655705642013345e-06
_w1 = 2.8971971914870664e-06
_w0 = 3.7961981433909386e-05
_l8 = 9.57128008849395e-07
_l6 = 7.909752071100229e-07
_l4 = 7.35071409962984e-07
_l10 = 8.852821906657482e-07
_l1 = 3e-07
_l0 = 7.597061539854622e-07
----
Design Variables
----
_w8 = 1.0000210295402212e-06
_w6 = 7.070889114402235e-05
_w4 = 2.1517276763916016e-05
_w10 = 7.1925487645785324e-06
_w1 = 3.8325551940943114e-06
_w0 = 5.957798566669226e-05
_l8 = 9.503425530965615e-07
_l6 = 8.347129210051207e-07
_l4 = 7.819978122824978e-07
_l10 = 9.232185220753308e-07
_l1 = 3e-07
_l0 = 8.747410333853622e-07
----
Design Variables
----
_w8 = 1.0001715509133646e-06
_w6 = 6.915003905305639e-05
_w4 = 2.0158287952654064e-05
_w10 = 7.695254680584185e-06
_w1 = 3.4006015994236805e-06
_w0 = 5.150870856596157e-05
_l8 = 9.54229335548007e-07
_l6 = 8.222213523367827e-07
_l4 = 7.683610192543711e-07
_l10 = 9.110921723731735e-07
_l1 = 3e-07
_l0 = 8.320860160893062e-07
----
Design Variables
----
_w8 = 1.000381303128961e-06
_w6 = 6.567168020410463e-05
_w4 = 1.7758329704520293e-05
_w10 = 8.473883099213708e-06
_w1 = 2.8516190013760934e-06
_w0 = 3.856584589811973e-05
_l8 = 9.570322845320334e-07
_l6 = 7.924331839603838e-07
_l4 = 7.368794854301086e-07
_l10 = 8.893283052202605e-07
_l1 = 3e-07
_l0 = 7.717193284406676e-07
----
Design Variables
----
_w8 = 1.0003218449128326e-06
_w6 = 6.650977593380958e-05
_w4 = 1.828100903367158e-05
_w10 = 8.100338163785636e-06
_w1 = 2.7774012778536417e-06
_w0 = 4.083663588971831e-05
_l8 = 9.56245116867649e-07
_l6 = 7.988836614458705e-07
_l4 = 7.438541729243298e-07
_l10 = 8.994068707579572e-07
_l1 = 3e-07
_l0 = 8.036824397095188e-07
----
Design Variables
----
_w8 = 1.0002027011069003e-06
_w6 = 6.862349982839078e-05
_w4 = 1.997982690227218e-05
_w10 = 7.704278687015176e-06
_w1 = 3.3859696486615576e-06
_w0 = 5.0999686209252104e-05
_l8 = 9.525720088277012e-07
_l6 = 8.16751366983226e-07
_l4 = 7.629330411873525e-07
_l10 = 9.089931154449005e-07
_l1 = 3e-07
_l0 = 8.299401201838918e-07
----
Design Variables
----
_w8 = 1.0000821930589154e-06
_w6 = 7.296648254850879e-05
_w4 = 2.2957538021728396e-05
_w10 = 7.3643122959765606e-06
_w1 = 4.208895006740931e-06
_w0 = 6.666256376774982e-05
_l8 = 9.471735893384903e-07
_l6 = 8.566627229811274e-07
_l4 = 8.02331840077386e-07
_l10 = 9.326686267741024e-07
_l1 = 3e-07
_l0 = 9.096110602513363e-07
----
Design Variables
----
_w8 = 1.0000020438383217e-06
_w6 = 7.151058525778353e-05
_w4 = 2.1952004317427054e-05
_w10 = 7.175319296948146e-06
_w1 = 3.9062447285687085e-06
_w0 = 6.14933087490499e-05
_l8 = 9.503471574134892e-07
_l6 = 8.425376449849864e-07
_l4 = 7.89504156273324e-07
_l10 = 9.276287187276466e-07
_l1 = 3e-07
_l0 = 8.889643368092948e-07
----
Design Variables
----
_w8 = 9.999898793466855e-07
_w6 = 7.151879253797233e-05
_w4 = 2.1958523575449362e-05
_w10 = 7.098734386090655e-06
_w1 = 3.853854195767781e-06
_w0 = 6.136480806162581e-05
_l8 = 9.501505360276497e-07
_l6 = 8.423689337178075e-07
_l4 = 7.893679025983147e-07
_l10 = 9.298209988628514e-07
_l1 = 3e-07
_l0 = 8.97788140719058e-07
----
Design Variables
----
_w8 = 1.0001679129345575e-06
_w6 = 6.886520714033395e-05
_w4 = 2.0008803403470665e-05
_w10 = 7.82254028308671e-06
_w1 = 3.441077751631383e-06
_w0 = 5.080991832073778e-05
_l8 = 9.539048733131494e-07
_l6 = 8.202911203625263e-07
_l4 = 7.659597258680151e-07
_l10 = 9.095474524656311e-07
_l1 = 3e-07
_l0 = 8.337499366461998e-07
----
Design Variables
----
_w8 = 1.0002690942201298e-06
_w6 = 6.7655804741662e-05
_w4 = 1.9165438061463647e-05
_w10 = 7.958101377880666e-06
_w1 = 3.124841441604076e-06
_w0 = 4.61792187707033e-05
_l8 = 9.54726715463039e-07
_l6 = 8.088759955171554e-07
_l4 = 7.544326763309073e-07
_l10 = 9.027979785969364e-07
_l1 = 3e-07
_l0 = 8.101519028969051e-07
----
Design Variables
----
_w8 = 1.0003273018810432e-06
_w6 = 6.622703222092241e-05
_w4 = 1.790636633813847e-05
_w10 = 8.750444976612926e-06
_w1 = 3.0733206131117186e-06
_w0 = 3.905710036633536e-05
_l8 = 9.59857629823091e-07
_l6 = 8.000757247828005e-07
_l4 = 7.437840281454555e-07
_l10 = 8.876444326233468e-07
_l1 = 3e-07
_l0 = 7.644390507266507e-07
----
Design Variables
----
_w8 = 1.0000885595218278e-06
_w6 = 7.214809011202306e-05
_w4 = 2.251795376650989e-05
_w10 = 7.332459517783718e-06
_w1 = 4.11612018069718e-06
_w0 = 6.476399721577764e-05
_l8 = 9.471175985709124e-07
_l6 = 8.484541922371136e-07
_l4 = 7.946157438709633e-07
_l10 = 9.285778332923655e-07
_l1 = 3e-07
_l0 = 8.964797757471388e-07
----
Design Variables
----
_w8 = 1.0002956969401566e-06
_w6 = 6.680171645712107e-05
_w4 = 1.8181066479883157e-05
_w10 = 8.726369742362294e-06
_w1 = 3.1301110539061483e-06
_w0 = 4.025128509965725e-05
_l8 = 9.606416142560192e-07
_l6 = 8.057820650719805e-07
_l4 = 7.494536475860514e-07
_l10 = 8.90135083864152e-07
_l1 = 3e-07
_l0 = 7.699673005845398e-07
----
Design Variables
----
_w8 = 1.0000854899772094e-06
_w6 = 7.221353007480502e-05
_w4 = 2.261488225485664e-05
_w10 = 7.417208507831674e-06
_w1 = 4.208191057841759e-06
_w0 = 6.538585876114666e-05
_l8 = 9.462290790906991e-07
_l6 = 8.49532966640254e-07
_l4 = 7.952638725328143e-07
_l10 = 9.287905413657427e-07
_l1 = 3e-07
_l0 = 9.029665193338587e-07
----
Design Variables
----
_w8 = 1.0001174359786091e-06
_w6 = 6.868325726827607e-05
_w4 = 2.0307608792791143e-05
_w10 = 7.3953256105596665e-06
_w1 = 3.4917984521598555e-06
_w0 = 5.320458149071783e-05
_l8 = 9.496708912593022e-07
_l6 = 8.159932463058794e-07
_l4 = 7.626640012858843e-07
_l10 = 9.157816975857713e-07
_l1 = 3e-07
_l0 = 8.624588190286886e-07
----
Design Variables
----
_w8 = 9.99999883788405e-07
_w6 = 7.054726302158087e-05
_w4 = 2.143428719136864e-05
_w10 = 7.1397421379515436e-06
_w1 = 3.7442885059135733e-06
_w0 = 5.8810233895201236e-05
_l8 = 9.495420272287447e-07
_l6 = 8.332673360200715e-07
_l4 = 7.801673973517609e-07
_l10 = 9.268983376387041e-07
_l1 = 3e-07
_l0 = 8.95898949693219e-07
----
Design Variables
----
_w8 = 1.000262500383542e-06
_w6 = 6.785803270759061e-05
_w4 = 1.9250823243055493e-05
_w10 = 8.059817446337547e-06
_w1 = 3.2126147289091023e-06
_w0 = 4.6639259380754083e-05
_l8 = 9.552505844112602e-07
_l6 = 8.114491834021464e-07
_l4 = 7.567677471342904e-07
_l10 = 9.017609272632399e-07
_l1 = 3e-07
_l0 = 8.06264154107339e-07
----
Design Variables
----
_w8 = 1.000169390863448e-06
_w6 = 6.873279198771343e-05
_w4 = 2.005997157539241e-05
_w10 = 7.661755262233783e-06
_w1 = 3.4072913877025712e-06
_w0 = 5.132084697834216e-05
_l8 = 9.523946573608555e-07
_l6 = 8.179094379556773e-07
_l4 = 7.639891350663675e-07
_l10 = 9.113854844144953e-07
_l1 = 3e-07
_l0 = 8.413167051912751e-07
----
Design Variables
----
_w8 = 1.0001659802583163e-06
_w6 = 6.838612171122804e-05
_w4 = 1.9974047972937115e-05
_w10 = 7.472535344277276e-06
_w1 = 3.301421429569018e-06
_w0 = 5.097089524497278e-05
_l8 = 9.508310654382512e-07
_l6 = 8.134763902489794e-07
_l4 = 7.599062428198522e-07
_l10 = 9.140175052380073e-07
_l1 = 3e-07
_l0 = 8.542102705177967e-07
----
Design Variables
----
_w8 = 1.0003312809203635e-06
_w6 = 6.683212268399075e-05
_w4 = 1.887202415673528e-05
_w10 = 7.95156302046962e-06
_w1 = 3.0711187264387263e-06
_w0 = 4.52985696028918e-05
_l8 = 9.522976256448601e-07
_l6 = 8.000713478395483e-07
_l4 = 7.458468189724954e-07
_l10 = 8.991008257908106e-07
_l1 = 3e-07
_l0 = 8.026646014513972e-07
----
Design Variables
----
_w8 = 1.0000754855354899e-06
_w6 = 7.072031439747661e-05
_w4 = 2.17499091377249e-05
_w10 = 7.2367874963674694e-06
_w1 = 3.938478130294243e-06
_w0 = 6.132798444014043e-05
_l8 = 9.46986233429925e-07
_l6 = 8.341959869540005e-07
_l4 = 7.811603381924215e-07
_l10 = 9.231580975210818e-07
_l1 = 3e-07
_l0 = 8.819768595458299e-07
----
Design Variables
----
_w8 = 1.0001596137954039e-06
_w6 = 6.867822230560705e-05
_w4 = 2.05308406293625e-05
_w10 = 7.436799478455214e-06
_w1 = 3.6462565731198993e-06
_w0 = 5.5180546041810885e-05
_l8 = 9.468892017139297e-07
_l6 = 8.152501322911121e-07
_l4 = 7.619694883942429e-07
_l10 = 9.135315508501662e-07
_l1 = 3e-07
_l0 = 8.584265742683783e-07
----
Design Variables
----
_w8 = 1.0002300996347913e-06
_w6 = 6.844478048151359e-05
_w4 = 1.9550057913875207e-05
_w10 = 7.917473340057768e-06
_w1 = 3.2193536299018888e-06
_w0 = 4.7948411520337686e-05
_l8 = 9.559912541590165e-07
_l6 = 8.165881695276767e-07
_l4 = 7.622526254635886e-07
_l10 = 9.055189025275467e-07
_l1 = 3e-07
_l0 = 8.12886867151974e-07
----
Design Variables
----
_w8 = 1.0001074315368896e-06
_w6 = 7.045210077194497e-05
_w4 = 2.173925531678833e-05
_w10 = 7.241082585096592e-06
_w1 = 3.95073220715858e-06
_w0 = 6.160587508929893e-05
_l8 = 9.448282867197122e-07
_l6 = 8.311657211379497e-07
_l4 = 7.779877364555432e-07
_l10 = 9.228622843693302e-07
_l1 = 3e-07
_l0 = 8.873031447365065e-07
----
Design Variables
----
_w8 = 1.0002843282563845e-06
_w6 = 6.684535765089095e-05
_w4 = 1.8366761651122943e-05
_w10 = 8.149344466801267e-06
_w1 = 2.8277249839447904e-06
_w0 = 4.100567821296863e-05
_l8 = 9.57845486482256e-07
_l6 = 8.028856655073469e-07
_l4 = 7.476991754629125e-07
_l10 = 9.00095471934037e-07
_l1 = 3e-07
_l0 = 8.036981284931244e-07
----
Design Variables
----
_w8 = 1.000059114630858e-06
_w6 = 7.112878665793687e-05
_w4 = 2.199483242293354e-05
_w10 = 7.163105692598037e-06
_w1 = 3.925104465452023e-06
_w0 = 6.223439413588494e-05
_l8 = 9.463240644436155e-07
_l6 = 8.379723794860183e-07
_l4 = 7.846373364372994e-07
_l10 = 9.282268251809e-07
_l1 = 3e-07
_l0 = 9.025472422763414e-07
----
Design Variables
----
_w8 = 1.0002891031035688e-06
_w6 = 6.681613740511239e-05
_w4 = 1.881400021375157e-05
_w10 = 7.820721293683164e-06
_w1 = 2.9559971608250635e-06
_w0 = 4.451184213394299e-05
_l8 = 9.52624759520404e-07
_l6 = 7.998448836588068e-07
_l4 = 7.455768695763254e-07
_l10 = 9.036434107656532e-07
_l1 = 3e-07
_l0 = 8.213735895878926e-07
----
Design Variables
----
_w8 = 1.0002157750932383e-06
_w6 = 6.83453181409277e-05
_w4 = 1.9428407540544868e-05
_w10 = 8.003910807019565e-06
_w1 = 3.2113971428771038e-06
_w0 = 4.7096673370106146e-05
_l8 = 9.565966365698841e-07
_l6 = 8.164461178239435e-07
_l4 = 7.617121013936412e-07
_l10 = 9.053385952029203e-07
_l1 = 3e-07
_l0 = 8.158808100233728e-07
----
Design Variables
----
_w8 = 1.0000806014431873e-06
_w6 = 6.976069562369958e-05
_w4 = 2.0889479856123216e-05
_w10 = 7.40192945158924e-06
_w1 = 3.6553140034811804e-06
_w0 = 5.603345562121831e-05
_l8 = 9.502135185357474e-07
_l6 = 8.266276267931971e-07
_l4 = 7.731121058895951e-07
_l10 = 9.193532264362148e-07
_l1 = 3e-07
_l0 = 8.707623919690377e-07
----
Design Variables
----
_w8 = 1.000079919322161e-06
_w6 = 6.976845907047391e-05
_w4 = 2.1298104911693372e-05
_w10 = 7.095365162967937e-06
_w1 = 3.786637307712226e-06
_w0 = 5.930278348387219e-05
_l8 = 9.459962484470452e-07
_l6 = 8.241506179729186e-07
_l4 = 7.716770369370352e-07
_l10 = 9.216822718371986e-07
_l1 = 3e-07
_l0 = 8.806337064015679e-07
----
Design Variables
----
_w8 = 1.0001671171266935e-06
_w6 = 6.849879719084129e-05
_w4 = 2.0019766452605836e-05
_w10 = 7.649704457435291e-06
_w1 = 3.428956915740855e-06
_w0 = 5.134921593707986e-05
_l8 = 9.512235692454851e-07
_l6 = 8.155088835337665e-07
_l4 = 7.615411732331268e-07
_l10 = 9.114274917010334e-07
_l1 = 3e-07
_l0 = 8.46613033900212e-07
----
Design Variables
----
_w8 = 1.000084012048319e-06
_w6 = 6.963708437979221e-05
_w4 = 2.0833162125200033e-05
_w10 = 7.368116257566726e-06
_w1 = 3.617684342316352e-06
_w0 = 5.573919406742789e-05
_l8 = 9.49949480855139e-07
_l6 = 8.252274028563988e-07
_l4 = 7.71776342389785e-07
_l10 = 9.19649210118223e-07
_l1 = 3e-07
_l0 = 8.725408520149358e-07
----
Design Variables
----
_w8 = 1.0001541568271932e-06
_w6 = 6.879224383737892e-05
_w4 = 2.0431014490895905e-05
_w10 = 7.4984504863095935e-06
_w1 = 3.5741261399380164e-06
_w0 = 5.412741666077636e-05
_l8 = 9.486455496698909e-07
_l6 = 8.170802630047547e-07
_l4 = 7.63525008551369e-07
_l10 = 9.138672112385393e-07
_l1 = 3e-07
_l0 = 8.571402645429771e-07
----

